[0.176s] Invoking command in '/home/tomas/trsa_lab2_ws/build/trsa_interface': CMAKE_PREFIX_PATH=${CMAKE_PREFIX_PATH}:/home/tomas/trsa_lab2_ws/install/robot_operator:/opt/ros/humble /usr/bin/cmake --build /home/tomas/trsa_lab2_ws/build/trsa_interface -- -j20 -l20
[0.209s] [35m[1mConsolidate compiler generated dependencies of target trsa_interface__rosidl_generator_c[0m
[0.219s] [  3%] Built target trsa_interface__cpp
[0.220s] [ 12%] Built target trsa_interface__rosidl_generator_c
[0.229s] [ 12%] Built target ament_cmake_python_copy_trsa_interface
[0.233s] [35m[1mConsolidate compiler generated dependencies of target trsa_interface__rosidl_typesupport_introspection_cpp[0m
[0.234s] [35m[1mConsolidate compiler generated dependencies of target trsa_interface__rosidl_typesupport_cpp[0m
[0.235s] [35m[1mConsolidate compiler generated dependencies of target trsa_interface__rosidl_typesupport_fastrtps_c[0m
[0.238s] [35m[1mConsolidate compiler generated dependencies of target trsa_interface__rosidl_typesupport_introspection_c[0m
[0.240s] [35m[1mConsolidate compiler generated dependencies of target trsa_interface__rosidl_typesupport_fastrtps_cpp[0m
[0.242s] [35m[1mConsolidate compiler generated dependencies of target trsa_interface__rosidl_typesupport_c[0m
[0.251s] [ 22%] Built target trsa_interface__rosidl_typesupport_fastrtps_c
[0.251s] [ 32%] Built target trsa_interface__rosidl_typesupport_cpp
[0.251s] [ 41%] Built target trsa_interface__rosidl_typesupport_introspection_cpp
[0.253s] [ 51%] Built target trsa_interface__rosidl_typesupport_introspection_c
[0.255s] [ 61%] Built target trsa_interface__rosidl_typesupport_c
[0.260s] [ 70%] Built target trsa_interface__rosidl_typesupport_fastrtps_cpp
[0.278s] [ 70%] Built target trsa_interface
[0.298s] [ 74%] Built target trsa_interface__py
[0.308s] [35m[1mConsolidate compiler generated dependencies of target trsa_interface__rosidl_generator_py[0m
[0.317s] [ 80%] Built target trsa_interface__rosidl_generator_py
[0.328s] [35m[1mConsolidate compiler generated dependencies of target trsa_interface__rosidl_typesupport_introspection_c__pyext[0m
[0.328s] [35m[1mConsolidate compiler generated dependencies of target trsa_interface__rosidl_typesupport_fastrtps_c__pyext[0m
[0.328s] [35m[1mConsolidate compiler generated dependencies of target trsa_interface__rosidl_typesupport_c__pyext[0m
[0.339s] [ 87%] Built target trsa_interface__rosidl_typesupport_introspection_c__pyext
[0.339s] [ 93%] Built target trsa_interface__rosidl_typesupport_fastrtps_c__pyext
[0.342s] [100%] Built target trsa_interface__rosidl_typesupport_c__pyext
[0.394s] running egg_info
[0.394s] writing trsa_interface.egg-info/PKG-INFO
[0.395s] writing dependency_links to trsa_interface.egg-info/dependency_links.txt
[0.398s] writing top-level names to trsa_interface.egg-info/top_level.txt
[0.400s] reading manifest file 'trsa_interface.egg-info/SOURCES.txt'
[0.400s] writing manifest file 'trsa_interface.egg-info/SOURCES.txt'
[0.420s] [100%] Built target ament_cmake_python_build_trsa_interface_egg
[0.429s] Invoked command in '/home/tomas/trsa_lab2_ws/build/trsa_interface' returned '0': CMAKE_PREFIX_PATH=${CMAKE_PREFIX_PATH}:/home/tomas/trsa_lab2_ws/install/robot_operator:/opt/ros/humble /usr/bin/cmake --build /home/tomas/trsa_lab2_ws/build/trsa_interface -- -j20 -l20
[0.482s] Invoking command in '/home/tomas/trsa_lab2_ws/build/trsa_interface': CMAKE_PREFIX_PATH=${CMAKE_PREFIX_PATH}:/home/tomas/trsa_lab2_ws/install/robot_operator:/opt/ros/humble /usr/bin/cmake --install /home/tomas/trsa_lab2_ws/build/trsa_interface
[0.487s] -- Install configuration: ""
[0.487s] -- Up-to-date: /home/tomas/trsa_lab2_ws/install/trsa_interface/share/ament_index/resource_index/rosidl_interfaces/trsa_interface
[0.487s] -- Up-to-date: /home/tomas/trsa_lab2_ws/install/trsa_interface/include/trsa_interface/trsa_interface
[0.487s] -- Up-to-date: /home/tomas/trsa_lab2_ws/install/trsa_interface/include/trsa_interface/trsa_interface/srv
[0.487s] -- Up-to-date: /home/tomas/trsa_lab2_ws/install/trsa_interface/include/trsa_interface/trsa_interface/srv/pub_goal.h
[0.487s] -- Up-to-date: /home/tomas/trsa_lab2_ws/install/trsa_interface/include/trsa_interface/trsa_interface/srv/detail
[0.487s] -- Up-to-date: /home/tomas/trsa_lab2_ws/install/trsa_interface/include/trsa_interface/trsa_interface/srv/detail/pub_goal__functions.c
[0.487s] -- Up-to-date: /home/tomas/trsa_lab2_ws/install/trsa_interface/include/trsa_interface/trsa_interface/srv/detail/pub_goal__struct.h
[0.487s] -- Up-to-date: /home/tomas/trsa_lab2_ws/install/trsa_interface/include/trsa_interface/trsa_interface/srv/detail/pub_goal__functions.h
[0.487s] -- Up-to-date: /home/tomas/trsa_lab2_ws/install/trsa_interface/include/trsa_interface/trsa_interface/srv/detail/pub_goal__type_support.h
[0.487s] -- Up-to-date: /home/tomas/trsa_lab2_ws/install/trsa_interface/include/trsa_interface/trsa_interface/msg
[0.488s] -- Up-to-date: /home/tomas/trsa_lab2_ws/install/trsa_interface/include/trsa_interface/trsa_interface/msg/rosidl_generator_c__visibility_control.h
[0.488s] -- Up-to-date: /home/tomas/trsa_lab2_ws/install/trsa_interface/share/trsa_interface/environment/library_path.sh
[0.488s] -- Up-to-date: /home/tomas/trsa_lab2_ws/install/trsa_interface/share/trsa_interface/environment/library_path.dsv
[0.488s] -- Up-to-date: /home/tomas/trsa_lab2_ws/install/trsa_interface/lib/libtrsa_interface__rosidl_generator_c.so
[0.488s] -- Up-to-date: /home/tomas/trsa_lab2_ws/install/trsa_interface/include/trsa_interface/trsa_interface
[0.488s] -- Up-to-date: /home/tomas/trsa_lab2_ws/install/trsa_interface/include/trsa_interface/trsa_interface/srv
[0.488s] -- Up-to-date: /home/tomas/trsa_lab2_ws/install/trsa_interface/include/trsa_interface/trsa_interface/srv/detail
[0.488s] -- Up-to-date: /home/tomas/trsa_lab2_ws/install/trsa_interface/include/trsa_interface/trsa_interface/srv/detail/pub_goal__rosidl_typesupport_fastrtps_c.h
[0.488s] -- Up-to-date: /home/tomas/trsa_lab2_ws/install/trsa_interface/include/trsa_interface/trsa_interface/msg
[0.488s] -- Up-to-date: /home/tomas/trsa_lab2_ws/install/trsa_interface/include/trsa_interface/trsa_interface/msg/rosidl_typesupport_fastrtps_c__visibility_control.h
[0.488s] -- Up-to-date: /home/tomas/trsa_lab2_ws/install/trsa_interface/lib/libtrsa_interface__rosidl_typesupport_fastrtps_c.so
[0.488s] -- Up-to-date: /home/tomas/trsa_lab2_ws/install/trsa_interface/include/trsa_interface/trsa_interface
[0.488s] -- Up-to-date: /home/tomas/trsa_lab2_ws/install/trsa_interface/include/trsa_interface/trsa_interface/srv
[0.488s] -- Up-to-date: /home/tomas/trsa_lab2_ws/install/trsa_interface/include/trsa_interface/trsa_interface/srv/detail
[0.488s] -- Up-to-date: /home/tomas/trsa_lab2_ws/install/trsa_interface/include/trsa_interface/trsa_interface/srv/detail/pub_goal__type_support.c
[0.489s] -- Up-to-date: /home/tomas/trsa_lab2_ws/install/trsa_interface/include/trsa_interface/trsa_interface/srv/detail/pub_goal__rosidl_typesupport_introspection_c.h
[0.489s] -- Up-to-date: /home/tomas/trsa_lab2_ws/install/trsa_interface/include/trsa_interface/trsa_interface/msg
[0.489s] -- Up-to-date: /home/tomas/trsa_lab2_ws/install/trsa_interface/include/trsa_interface/trsa_interface/msg/rosidl_typesupport_introspection_c__visibility_control.h
[0.489s] -- Up-to-date: /home/tomas/trsa_lab2_ws/install/trsa_interface/lib/libtrsa_interface__rosidl_typesupport_introspection_c.so
[0.489s] -- Up-to-date: /home/tomas/trsa_lab2_ws/install/trsa_interface/lib/libtrsa_interface__rosidl_typesupport_c.so
[0.489s] -- Up-to-date: /home/tomas/trsa_lab2_ws/install/trsa_interface/include/trsa_interface/trsa_interface
[0.489s] -- Up-to-date: /home/tomas/trsa_lab2_ws/install/trsa_interface/include/trsa_interface/trsa_interface/srv
[0.489s] -- Up-to-date: /home/tomas/trsa_lab2_ws/install/trsa_interface/include/trsa_interface/trsa_interface/srv/pub_goal.hpp
[0.489s] -- Up-to-date: /home/tomas/trsa_lab2_ws/install/trsa_interface/include/trsa_interface/trsa_interface/srv/detail
[0.489s] -- Up-to-date: /home/tomas/trsa_lab2_ws/install/trsa_interface/include/trsa_interface/trsa_interface/srv/detail/pub_goal__struct.hpp
[0.489s] -- Up-to-date: /home/tomas/trsa_lab2_ws/install/trsa_interface/include/trsa_interface/trsa_interface/srv/detail/pub_goal__builder.hpp
[0.489s] -- Up-to-date: /home/tomas/trsa_lab2_ws/install/trsa_interface/include/trsa_interface/trsa_interface/srv/detail/pub_goal__traits.hpp
[0.489s] -- Up-to-date: /home/tomas/trsa_lab2_ws/install/trsa_interface/include/trsa_interface/trsa_interface
[0.489s] -- Up-to-date: /home/tomas/trsa_lab2_ws/install/trsa_interface/include/trsa_interface/trsa_interface/srv
[0.489s] -- Up-to-date: /home/tomas/trsa_lab2_ws/install/trsa_interface/include/trsa_interface/trsa_interface/srv/detail
[0.489s] -- Up-to-date: /home/tomas/trsa_lab2_ws/install/trsa_interface/include/trsa_interface/trsa_interface/srv/detail/pub_goal__rosidl_typesupport_fastrtps_cpp.hpp
[0.489s] -- Up-to-date: /home/tomas/trsa_lab2_ws/install/trsa_interface/include/trsa_interface/trsa_interface/srv/detail/dds_fastrtps
[0.489s] -- Up-to-date: /home/tomas/trsa_lab2_ws/install/trsa_interface/include/trsa_interface/trsa_interface/msg
[0.489s] -- Up-to-date: /home/tomas/trsa_lab2_ws/install/trsa_interface/include/trsa_interface/trsa_interface/msg/rosidl_typesupport_fastrtps_cpp__visibility_control.h
[0.489s] -- Up-to-date: /home/tomas/trsa_lab2_ws/install/trsa_interface/lib/libtrsa_interface__rosidl_typesupport_fastrtps_cpp.so
[0.489s] -- Up-to-date: /home/tomas/trsa_lab2_ws/install/trsa_interface/include/trsa_interface/trsa_interface
[0.489s] -- Up-to-date: /home/tomas/trsa_lab2_ws/install/trsa_interface/include/trsa_interface/trsa_interface/srv
[0.489s] -- Up-to-date: /home/tomas/trsa_lab2_ws/install/trsa_interface/include/trsa_interface/trsa_interface/srv/detail
[0.489s] -- Up-to-date: /home/tomas/trsa_lab2_ws/install/trsa_interface/include/trsa_interface/trsa_interface/srv/detail/pub_goal__rosidl_typesupport_introspection_cpp.hpp
[0.489s] -- Up-to-date: /home/tomas/trsa_lab2_ws/install/trsa_interface/include/trsa_interface/trsa_interface/srv/detail/pub_goal__type_support.cpp
[0.489s] -- Up-to-date: /home/tomas/trsa_lab2_ws/install/trsa_interface/lib/libtrsa_interface__rosidl_typesupport_introspection_cpp.so
[0.489s] -- Up-to-date: /home/tomas/trsa_lab2_ws/install/trsa_interface/lib/libtrsa_interface__rosidl_typesupport_cpp.so
[0.489s] -- Up-to-date: /home/tomas/trsa_lab2_ws/install/trsa_interface/share/trsa_interface/environment/pythonpath.sh
[0.489s] -- Up-to-date: /home/tomas/trsa_lab2_ws/install/trsa_interface/share/trsa_interface/environment/pythonpath.dsv
[0.489s] -- Up-to-date: /home/tomas/trsa_lab2_ws/install/trsa_interface/local/lib/python3.10/dist-packages/trsa_interface-0.0.0-py3.10.egg-info
[0.489s] -- Installing: /home/tomas/trsa_lab2_ws/install/trsa_interface/local/lib/python3.10/dist-packages/trsa_interface-0.0.0-py3.10.egg-info/dependency_links.txt
[0.489s] -- Installing: /home/tomas/trsa_lab2_ws/install/trsa_interface/local/lib/python3.10/dist-packages/trsa_interface-0.0.0-py3.10.egg-info/PKG-INFO
[0.489s] -- Installing: /home/tomas/trsa_lab2_ws/install/trsa_interface/local/lib/python3.10/dist-packages/trsa_interface-0.0.0-py3.10.egg-info/top_level.txt
[0.489s] -- Installing: /home/tomas/trsa_lab2_ws/install/trsa_interface/local/lib/python3.10/dist-packages/trsa_interface-0.0.0-py3.10.egg-info/SOURCES.txt
[0.489s] -- Up-to-date: /home/tomas/trsa_lab2_ws/install/trsa_interface/local/lib/python3.10/dist-packages/trsa_interface
[0.490s] -- Up-to-date: /home/tomas/trsa_lab2_ws/install/trsa_interface/local/lib/python3.10/dist-packages/trsa_interface/_trsa_interface_s.ep.rosidl_typesupport_introspection_c.c
[0.490s] -- Up-to-date: /home/tomas/trsa_lab2_ws/install/trsa_interface/local/lib/python3.10/dist-packages/trsa_interface/trsa_interface_s__rosidl_typesupport_introspection_c.cpython-310-x86_64-linux-gnu.so
[0.490s] -- Up-to-date: /home/tomas/trsa_lab2_ws/install/trsa_interface/local/lib/python3.10/dist-packages/trsa_interface/_trsa_interface_s.ep.rosidl_typesupport_c.c
[0.490s] -- Up-to-date: /home/tomas/trsa_lab2_ws/install/trsa_interface/local/lib/python3.10/dist-packages/trsa_interface/srv
[0.490s] -- Up-to-date: /home/tomas/trsa_lab2_ws/install/trsa_interface/local/lib/python3.10/dist-packages/trsa_interface/srv/_pub_goal.py
[0.490s] -- Up-to-date: /home/tomas/trsa_lab2_ws/install/trsa_interface/local/lib/python3.10/dist-packages/trsa_interface/srv/_pub_goal_s.c
[0.490s] -- Up-to-date: /home/tomas/trsa_lab2_ws/install/trsa_interface/local/lib/python3.10/dist-packages/trsa_interface/srv/__init__.py
[0.490s] -- Up-to-date: /home/tomas/trsa_lab2_ws/install/trsa_interface/local/lib/python3.10/dist-packages/trsa_interface/trsa_interface_s__rosidl_typesupport_fastrtps_c.cpython-310-x86_64-linux-gnu.so
[0.490s] -- Up-to-date: /home/tomas/trsa_lab2_ws/install/trsa_interface/local/lib/python3.10/dist-packages/trsa_interface/libtrsa_interface__rosidl_generator_py.so
[0.490s] -- Up-to-date: /home/tomas/trsa_lab2_ws/install/trsa_interface/local/lib/python3.10/dist-packages/trsa_interface/_trsa_interface_s.ep.rosidl_typesupport_fastrtps_c.c
[0.490s] -- Up-to-date: /home/tomas/trsa_lab2_ws/install/trsa_interface/local/lib/python3.10/dist-packages/trsa_interface/trsa_interface_s__rosidl_typesupport_c.cpython-310-x86_64-linux-gnu.so
[0.490s] -- Up-to-date: /home/tomas/trsa_lab2_ws/install/trsa_interface/local/lib/python3.10/dist-packages/trsa_interface/__init__.py
[0.510s] Listing '/home/tomas/trsa_lab2_ws/install/trsa_interface/local/lib/python3.10/dist-packages/trsa_interface'...
[0.510s] Listing '/home/tomas/trsa_lab2_ws/install/trsa_interface/local/lib/python3.10/dist-packages/trsa_interface/srv'...
[0.513s] -- Up-to-date: /home/tomas/trsa_lab2_ws/install/trsa_interface/local/lib/python3.10/dist-packages/trsa_interface/trsa_interface_s__rosidl_typesupport_fastrtps_c.cpython-310-x86_64-linux-gnu.so
[0.513s] -- Up-to-date: /home/tomas/trsa_lab2_ws/install/trsa_interface/local/lib/python3.10/dist-packages/trsa_interface/trsa_interface_s__rosidl_typesupport_introspection_c.cpython-310-x86_64-linux-gnu.so
[0.513s] -- Up-to-date: /home/tomas/trsa_lab2_ws/install/trsa_interface/local/lib/python3.10/dist-packages/trsa_interface/trsa_interface_s__rosidl_typesupport_c.cpython-310-x86_64-linux-gnu.so
[0.513s] -- Up-to-date: /home/tomas/trsa_lab2_ws/install/trsa_interface/lib/libtrsa_interface__rosidl_generator_py.so
[0.513s] -- Up-to-date: /home/tomas/trsa_lab2_ws/install/trsa_interface/share/trsa_interface/srv/PubGoal.idl
[0.513s] -- Up-to-date: /home/tomas/trsa_lab2_ws/install/trsa_interface/share/trsa_interface/srv/PubGoal.srv
[0.513s] -- Up-to-date: /home/tomas/trsa_lab2_ws/install/trsa_interface/share/trsa_interface/srv/PubGoal_Request.msg
[0.513s] -- Up-to-date: /home/tomas/trsa_lab2_ws/install/trsa_interface/share/trsa_interface/srv/PubGoal_Response.msg
[0.513s] -- Up-to-date: /home/tomas/trsa_lab2_ws/install/trsa_interface/share/ament_index/resource_index/package_run_dependencies/trsa_interface
[0.513s] -- Up-to-date: /home/tomas/trsa_lab2_ws/install/trsa_interface/share/ament_index/resource_index/parent_prefix_path/trsa_interface
[0.513s] -- Up-to-date: /home/tomas/trsa_lab2_ws/install/trsa_interface/share/trsa_interface/environment/ament_prefix_path.sh
[0.513s] -- Up-to-date: /home/tomas/trsa_lab2_ws/install/trsa_interface/share/trsa_interface/environment/ament_prefix_path.dsv
[0.513s] -- Up-to-date: /home/tomas/trsa_lab2_ws/install/trsa_interface/share/trsa_interface/environment/path.sh
[0.513s] -- Up-to-date: /home/tomas/trsa_lab2_ws/install/trsa_interface/share/trsa_interface/environment/path.dsv
[0.513s] -- Up-to-date: /home/tomas/trsa_lab2_ws/install/trsa_interface/share/trsa_interface/local_setup.bash
[0.513s] -- Up-to-date: /home/tomas/trsa_lab2_ws/install/trsa_interface/share/trsa_interface/local_setup.sh
[0.513s] -- Up-to-date: /home/tomas/trsa_lab2_ws/install/trsa_interface/share/trsa_interface/local_setup.zsh
[0.513s] -- Up-to-date: /home/tomas/trsa_lab2_ws/install/trsa_interface/share/trsa_interface/local_setup.dsv
[0.513s] -- Installing: /home/tomas/trsa_lab2_ws/install/trsa_interface/share/trsa_interface/package.dsv
[0.513s] -- Up-to-date: /home/tomas/trsa_lab2_ws/install/trsa_interface/share/ament_index/resource_index/packages/trsa_interface
[0.514s] -- Up-to-date: /home/tomas/trsa_lab2_ws/install/trsa_interface/share/trsa_interface/cmake/export_trsa_interface__rosidl_generator_cExport.cmake
[0.514s] -- Up-to-date: /home/tomas/trsa_lab2_ws/install/trsa_interface/share/trsa_interface/cmake/export_trsa_interface__rosidl_generator_cExport-noconfig.cmake
[0.514s] -- Up-to-date: /home/tomas/trsa_lab2_ws/install/trsa_interface/share/trsa_interface/cmake/export_trsa_interface__rosidl_typesupport_fastrtps_cExport.cmake
[0.514s] -- Up-to-date: /home/tomas/trsa_lab2_ws/install/trsa_interface/share/trsa_interface/cmake/export_trsa_interface__rosidl_typesupport_fastrtps_cExport-noconfig.cmake
[0.514s] -- Up-to-date: /home/tomas/trsa_lab2_ws/install/trsa_interface/share/trsa_interface/cmake/trsa_interface__rosidl_typesupport_introspection_cExport.cmake
[0.514s] -- Up-to-date: /home/tomas/trsa_lab2_ws/install/trsa_interface/share/trsa_interface/cmake/trsa_interface__rosidl_typesupport_introspection_cExport-noconfig.cmake
[0.514s] -- Up-to-date: /home/tomas/trsa_lab2_ws/install/trsa_interface/share/trsa_interface/cmake/trsa_interface__rosidl_typesupport_cExport.cmake
[0.514s] -- Up-to-date: /home/tomas/trsa_lab2_ws/install/trsa_interface/share/trsa_interface/cmake/trsa_interface__rosidl_typesupport_cExport-noconfig.cmake
[0.514s] -- Up-to-date: /home/tomas/trsa_lab2_ws/install/trsa_interface/share/trsa_interface/cmake/export_trsa_interface__rosidl_generator_cppExport.cmake
[0.514s] -- Up-to-date: /home/tomas/trsa_lab2_ws/install/trsa_interface/share/trsa_interface/cmake/export_trsa_interface__rosidl_typesupport_fastrtps_cppExport.cmake
[0.514s] -- Up-to-date: /home/tomas/trsa_lab2_ws/install/trsa_interface/share/trsa_interface/cmake/export_trsa_interface__rosidl_typesupport_fastrtps_cppExport-noconfig.cmake
[0.514s] -- Up-to-date: /home/tomas/trsa_lab2_ws/install/trsa_interface/share/trsa_interface/cmake/trsa_interface__rosidl_typesupport_introspection_cppExport.cmake
[0.514s] -- Up-to-date: /home/tomas/trsa_lab2_ws/install/trsa_interface/share/trsa_interface/cmake/trsa_interface__rosidl_typesupport_introspection_cppExport-noconfig.cmake
[0.514s] -- Up-to-date: /home/tomas/trsa_lab2_ws/install/trsa_interface/share/trsa_interface/cmake/trsa_interface__rosidl_typesupport_cppExport.cmake
[0.514s] -- Up-to-date: /home/tomas/trsa_lab2_ws/install/trsa_interface/share/trsa_interface/cmake/trsa_interface__rosidl_typesupport_cppExport-noconfig.cmake
[0.514s] -- Up-to-date: /home/tomas/trsa_lab2_ws/install/trsa_interface/share/trsa_interface/cmake/export_trsa_interface__rosidl_generator_pyExport.cmake
[0.514s] -- Up-to-date: /home/tomas/trsa_lab2_ws/install/trsa_interface/share/trsa_interface/cmake/export_trsa_interface__rosidl_generator_pyExport-noconfig.cmake
[0.514s] -- Up-to-date: /home/tomas/trsa_lab2_ws/install/trsa_interface/share/trsa_interface/cmake/rosidl_cmake-extras.cmake
[0.514s] -- Up-to-date: /home/tomas/trsa_lab2_ws/install/trsa_interface/share/trsa_interface/cmake/ament_cmake_export_dependencies-extras.cmake
[0.514s] -- Up-to-date: /home/tomas/trsa_lab2_ws/install/trsa_interface/share/trsa_interface/cmake/ament_cmake_export_include_directories-extras.cmake
[0.514s] -- Up-to-date: /home/tomas/trsa_lab2_ws/install/trsa_interface/share/trsa_interface/cmake/ament_cmake_export_libraries-extras.cmake
[0.514s] -- Up-to-date: /home/tomas/trsa_lab2_ws/install/trsa_interface/share/trsa_interface/cmake/ament_cmake_export_targets-extras.cmake
[0.514s] -- Up-to-date: /home/tomas/trsa_lab2_ws/install/trsa_interface/share/trsa_interface/cmake/rosidl_cmake_export_typesupport_targets-extras.cmake
[0.514s] -- Up-to-date: /home/tomas/trsa_lab2_ws/install/trsa_interface/share/trsa_interface/cmake/rosidl_cmake_export_typesupport_libraries-extras.cmake
[0.514s] -- Up-to-date: /home/tomas/trsa_lab2_ws/install/trsa_interface/share/trsa_interface/cmake/trsa_interfaceConfig.cmake
[0.514s] -- Up-to-date: /home/tomas/trsa_lab2_ws/install/trsa_interface/share/trsa_interface/cmake/trsa_interfaceConfig-version.cmake
[0.514s] -- Up-to-date: /home/tomas/trsa_lab2_ws/install/trsa_interface/share/trsa_interface/package.xml
[0.516s] Invoked command in '/home/tomas/trsa_lab2_ws/build/trsa_interface' returned '0': CMAKE_PREFIX_PATH=${CMAKE_PREFIX_PATH}:/home/tomas/trsa_lab2_ws/install/robot_operator:/opt/ros/humble /usr/bin/cmake --install /home/tomas/trsa_lab2_ws/build/trsa_interface
