-- The C compiler identification is GNU 11.4.0
-- The CXX compiler identification is GNU 11.4.0
-- Detecting C compiler ABI info
-- Detecting C compiler ABI info - done
-- Check for working C compiler: /usr/bin/cc - skipped
-- Detecting C compile features
-- Detecting C compile features - done
-- Detecting CXX compiler ABI info
-- Detecting CXX compiler ABI info - done
-- Check for working CXX compiler: /usr/bin/c++ - skipped
-- Detecting CXX compile features
-- Detecting CXX compile features - done
-- Found ament_cmake: 1.3.10 (/opt/ros/humble/share/ament_cmake/cmake)
-- Found Python3: /usr/bin/python3 (found version "3.10.12") found components: Interpreter 
-- Found rosidl_default_generators: 1.2.0 (/opt/ros/humble/share/rosidl_default_generators/cmake)
-- Using all available rosidl_typesupport_c: rosidl_typesupport_fastrtps_c;rosidl_typesupport_introspection_c
-- Found rosidl_adapter: 3.1.5 (/opt/ros/humble/share/rosidl_adapter/cmake)
-- Using all available rosidl_typesupport_cpp: rosidl_typesupport_fastrtps_cpp;rosidl_typesupport_introspection_cpp
-- Found geometry_msgs: 4.2.4 (/opt/ros/humble/share/geometry_msgs/cmake)
-- Found ament_cmake_ros: 0.10.0 (/opt/ros/humble/share/ament_cmake_ros/cmake)
-- Using all available rosidl_typesupport_c: rosidl_typesupport_fastrtps_c;rosidl_typesupport_introspection_c
-- Using all available rosidl_typesupport_cpp: rosidl_typesupport_fastrtps_cpp;rosidl_typesupport_introspection_cpp
-- Found PythonInterp: /usr/bin/python3 (found suitable version "3.10.12", minimum required is "3.6") 
-- Found python_cmake_module: 0.10.0 (/opt/ros/humble/share/python_cmake_module/cmake)
-- Found PythonLibs: /usr/lib/x86_64-linux-gnu/libpython3.10.so (found suitable version "3.10.12", minimum required is "3.5") 
-- Using PYTHON_EXECUTABLE: /usr/bin/python3
-- Using PYTHON_INCLUDE_DIRS: /usr/include/python3.10
-- Using PYTHON_LIBRARIES: /usr/lib/x86_64-linux-gnu/libpython3.10.so
-- Found PythonExtra: .so  
-- Found ament_lint_auto: 0.12.11 (/opt/ros/humble/share/ament_lint_auto/cmake)
-- Added test 'lint_cmake' to check CMake code style
-- Added test 'xmllint' to check XML markup files
-- Configuring done
-- Generating done
-- Build files have been written to: /home/tomas/trsa_lab2_ws/build/trsa_interface
[  3%] [34m[1mGenerating C code for ROS interfaces[0m
[  6%] [34m[1mGenerating C++ code for ROS interfaces[0m
[  6%] Built target ament_cmake_python_copy_trsa_interface
running egg_info
creating trsa_interface.egg-info
writing trsa_interface.egg-info/PKG-INFO
writing dependency_links to trsa_interface.egg-info/dependency_links.txt
writing top-level names to trsa_interface.egg-info/top_level.txt
writing manifest file 'trsa_interface.egg-info/SOURCES.txt'
reading manifest file 'trsa_interface.egg-info/SOURCES.txt'
writing manifest file 'trsa_interface.egg-info/SOURCES.txt'
[  6%] Built target trsa_interface__cpp
[  9%] [34m[1mGenerating C++ introspection for ROS interfaces[0m
[  9%] Built target ament_cmake_python_build_trsa_interface_egg
[ 12%] [32mBuilding C object CMakeFiles/trsa_interface__rosidl_generator_c.dir/rosidl_generator_c/trsa_interface/srv/detail/pub_goal__functions.c.o[0m
[ 16%] [34m[1mGenerating C++ type support dispatch for ROS interfaces[0m
[ 19%] [34m[1mGenerating C++ type support for eProsima Fast-RTPS[0m
[ 22%] [32m[1mLinking C shared library libtrsa_interface__rosidl_generator_c.so[0m
[ 22%] Built target trsa_interface__rosidl_generator_c
[ 25%] [32mBuilding CXX object CMakeFiles/trsa_interface__rosidl_typesupport_cpp.dir/rosidl_typesupport_cpp/trsa_interface/srv/pub_goal__type_support.cpp.o[0m
[ 29%] [34m[1mGenerating C type support for eProsima Fast-RTPS[0m
[ 32%] [34m[1mGenerating C introspection for ROS interfaces[0m
[ 35%] [34m[1mGenerating C type support dispatch for ROS interfaces[0m
[ 38%] [32mBuilding CXX object CMakeFiles/trsa_interface__rosidl_typesupport_introspection_cpp.dir/rosidl_typesupport_introspection_cpp/trsa_interface/srv/detail/pub_goal__type_support.cpp.o[0m
[ 41%] [32mBuilding CXX object CMakeFiles/trsa_interface__rosidl_typesupport_fastrtps_cpp.dir/rosidl_typesupport_fastrtps_cpp/trsa_interface/srv/detail/dds_fastrtps/pub_goal__type_support.cpp.o[0m
[ 45%] [32mBuilding CXX object CMakeFiles/trsa_interface__rosidl_typesupport_c.dir/rosidl_typesupport_c/trsa_interface/srv/pub_goal__type_support.cpp.o[0m
[ 48%] [32mBuilding CXX object CMakeFiles/trsa_interface__rosidl_typesupport_fastrtps_c.dir/rosidl_typesupport_fastrtps_c/trsa_interface/srv/detail/pub_goal__type_support_c.cpp.o[0m
[ 51%] [32mBuilding C object CMakeFiles/trsa_interface__rosidl_typesupport_introspection_c.dir/rosidl_typesupport_introspection_c/trsa_interface/srv/detail/pub_goal__type_support.c.o[0m
[ 54%] [32m[1mLinking CXX shared library libtrsa_interface__rosidl_typesupport_c.so[0m
[ 58%] [32m[1mLinking C shared library libtrsa_interface__rosidl_typesupport_introspection_c.so[0m
[ 58%] Built target trsa_interface__rosidl_typesupport_c
[ 58%] Built target trsa_interface__rosidl_typesupport_introspection_c
[ 61%] [32m[1mLinking CXX shared library libtrsa_interface__rosidl_typesupport_cpp.so[0m
[ 61%] Built target trsa_interface__rosidl_typesupport_cpp
[ 64%] [32m[1mLinking CXX shared library libtrsa_interface__rosidl_typesupport_introspection_cpp.so[0m
[ 67%] [32m[1mLinking CXX shared library libtrsa_interface__rosidl_typesupport_fastrtps_c.so[0m
[ 67%] Built target trsa_interface__rosidl_typesupport_introspection_cpp
[ 70%] [32m[1mLinking CXX shared library libtrsa_interface__rosidl_typesupport_fastrtps_cpp.so[0m
[ 70%] Built target trsa_interface__rosidl_typesupport_fastrtps_c
[ 70%] Built target trsa_interface__rosidl_typesupport_fastrtps_cpp
[ 70%] Built target trsa_interface
[ 74%] [34m[1mGenerating Python code for ROS interfaces[0m
[ 74%] Built target trsa_interface__py
[ 77%] [32mBuilding C object CMakeFiles/trsa_interface__rosidl_generator_py.dir/rosidl_generator_py/trsa_interface/srv/_pub_goal_s.c.o[0m
[ 80%] [32m[1mLinking C shared library rosidl_generator_py/trsa_interface/libtrsa_interface__rosidl_generator_py.so[0m
[ 80%] Built target trsa_interface__rosidl_generator_py
[ 87%] [32mBuilding C object CMakeFiles/trsa_interface__rosidl_typesupport_fastrtps_c__pyext.dir/rosidl_generator_py/trsa_interface/_trsa_interface_s.ep.rosidl_typesupport_fastrtps_c.c.o[0m
[ 87%] [32mBuilding C object CMakeFiles/trsa_interface__rosidl_typesupport_introspection_c__pyext.dir/rosidl_generator_py/trsa_interface/_trsa_interface_s.ep.rosidl_typesupport_introspection_c.c.o[0m
[ 90%] [32mBuilding C object CMakeFiles/trsa_interface__rosidl_typesupport_c__pyext.dir/rosidl_generator_py/trsa_interface/_trsa_interface_s.ep.rosidl_typesupport_c.c.o[0m
[ 93%] [32m[1mLinking C shared library rosidl_generator_py/trsa_interface/trsa_interface_s__rosidl_typesupport_introspection_c.cpython-310-x86_64-linux-gnu.so[0m
[ 96%] [32m[1mLinking C shared library rosidl_generator_py/trsa_interface/trsa_interface_s__rosidl_typesupport_c.cpython-310-x86_64-linux-gnu.so[0m
[100%] [32m[1mLinking C shared library rosidl_generator_py/trsa_interface/trsa_interface_s__rosidl_typesupport_fastrtps_c.cpython-310-x86_64-linux-gnu.so[0m
[100%] Built target trsa_interface__rosidl_typesupport_introspection_c__pyext
[100%] Built target trsa_interface__rosidl_typesupport_c__pyext
[100%] Built target trsa_interface__rosidl_typesupport_fastrtps_c__pyext
-- Install configuration: ""
-- Installing: /home/tomas/trsa_lab2_ws/install/trsa_interface/share/ament_index/resource_index/rosidl_interfaces/trsa_interface
-- Installing: /home/tomas/trsa_lab2_ws/install/trsa_interface/include/trsa_interface/trsa_interface
-- Installing: /home/tomas/trsa_lab2_ws/install/trsa_interface/include/trsa_interface/trsa_interface/srv
-- Installing: /home/tomas/trsa_lab2_ws/install/trsa_interface/include/trsa_interface/trsa_interface/srv/pub_goal.h
-- Installing: /home/tomas/trsa_lab2_ws/install/trsa_interface/include/trsa_interface/trsa_interface/srv/detail
-- Installing: /home/tomas/trsa_lab2_ws/install/trsa_interface/include/trsa_interface/trsa_interface/srv/detail/pub_goal__functions.c
-- Installing: /home/tomas/trsa_lab2_ws/install/trsa_interface/include/trsa_interface/trsa_interface/srv/detail/pub_goal__struct.h
-- Installing: /home/tomas/trsa_lab2_ws/install/trsa_interface/include/trsa_interface/trsa_interface/srv/detail/pub_goal__functions.h
-- Installing: /home/tomas/trsa_lab2_ws/install/trsa_interface/include/trsa_interface/trsa_interface/srv/detail/pub_goal__type_support.h
-- Installing: /home/tomas/trsa_lab2_ws/install/trsa_interface/include/trsa_interface/trsa_interface/msg
-- Installing: /home/tomas/trsa_lab2_ws/install/trsa_interface/include/trsa_interface/trsa_interface/msg/rosidl_generator_c__visibility_control.h
-- Installing: /home/tomas/trsa_lab2_ws/install/trsa_interface/share/trsa_interface/environment/library_path.sh
-- Installing: /home/tomas/trsa_lab2_ws/install/trsa_interface/share/trsa_interface/environment/library_path.dsv
-- Installing: /home/tomas/trsa_lab2_ws/install/trsa_interface/lib/libtrsa_interface__rosidl_generator_c.so
-- Set runtime path of "/home/tomas/trsa_lab2_ws/install/trsa_interface/lib/libtrsa_interface__rosidl_generator_c.so" to ""
-- Up-to-date: /home/tomas/trsa_lab2_ws/install/trsa_interface/include/trsa_interface/trsa_interface
-- Up-to-date: /home/tomas/trsa_lab2_ws/install/trsa_interface/include/trsa_interface/trsa_interface/srv
-- Up-to-date: /home/tomas/trsa_lab2_ws/install/trsa_interface/include/trsa_interface/trsa_interface/srv/detail
-- Installing: /home/tomas/trsa_lab2_ws/install/trsa_interface/include/trsa_interface/trsa_interface/srv/detail/pub_goal__rosidl_typesupport_fastrtps_c.h
-- Up-to-date: /home/tomas/trsa_lab2_ws/install/trsa_interface/include/trsa_interface/trsa_interface/msg
-- Installing: /home/tomas/trsa_lab2_ws/install/trsa_interface/include/trsa_interface/trsa_interface/msg/rosidl_typesupport_fastrtps_c__visibility_control.h
-- Installing: /home/tomas/trsa_lab2_ws/install/trsa_interface/lib/libtrsa_interface__rosidl_typesupport_fastrtps_c.so
-- Set runtime path of "/home/tomas/trsa_lab2_ws/install/trsa_interface/lib/libtrsa_interface__rosidl_typesupport_fastrtps_c.so" to ""
-- Up-to-date: /home/tomas/trsa_lab2_ws/install/trsa_interface/include/trsa_interface/trsa_interface
-- Up-to-date: /home/tomas/trsa_lab2_ws/install/trsa_interface/include/trsa_interface/trsa_interface/srv
-- Up-to-date: /home/tomas/trsa_lab2_ws/install/trsa_interface/include/trsa_interface/trsa_interface/srv/detail
-- Installing: /home/tomas/trsa_lab2_ws/install/trsa_interface/include/trsa_interface/trsa_interface/srv/detail/pub_goal__type_support.c
-- Installing: /home/tomas/trsa_lab2_ws/install/trsa_interface/include/trsa_interface/trsa_interface/srv/detail/pub_goal__rosidl_typesupport_introspection_c.h
-- Up-to-date: /home/tomas/trsa_lab2_ws/install/trsa_interface/include/trsa_interface/trsa_interface/msg
-- Installing: /home/tomas/trsa_lab2_ws/install/trsa_interface/include/trsa_interface/trsa_interface/msg/rosidl_typesupport_introspection_c__visibility_control.h
-- Installing: /home/tomas/trsa_lab2_ws/install/trsa_interface/lib/libtrsa_interface__rosidl_typesupport_introspection_c.so
-- Set runtime path of "/home/tomas/trsa_lab2_ws/install/trsa_interface/lib/libtrsa_interface__rosidl_typesupport_introspection_c.so" to ""
-- Installing: /home/tomas/trsa_lab2_ws/install/trsa_interface/lib/libtrsa_interface__rosidl_typesupport_c.so
-- Set runtime path of "/home/tomas/trsa_lab2_ws/install/trsa_interface/lib/libtrsa_interface__rosidl_typesupport_c.so" to ""
-- Up-to-date: /home/tomas/trsa_lab2_ws/install/trsa_interface/include/trsa_interface/trsa_interface
-- Up-to-date: /home/tomas/trsa_lab2_ws/install/trsa_interface/include/trsa_interface/trsa_interface/srv
-- Installing: /home/tomas/trsa_lab2_ws/install/trsa_interface/include/trsa_interface/trsa_interface/srv/pub_goal.hpp
-- Up-to-date: /home/tomas/trsa_lab2_ws/install/trsa_interface/include/trsa_interface/trsa_interface/srv/detail
-- Installing: /home/tomas/trsa_lab2_ws/install/trsa_interface/include/trsa_interface/trsa_interface/srv/detail/pub_goal__struct.hpp
-- Installing: /home/tomas/trsa_lab2_ws/install/trsa_interface/include/trsa_interface/trsa_interface/srv/detail/pub_goal__builder.hpp
-- Installing: /home/tomas/trsa_lab2_ws/install/trsa_interface/include/trsa_interface/trsa_interface/srv/detail/pub_goal__traits.hpp
-- Up-to-date: /home/tomas/trsa_lab2_ws/install/trsa_interface/include/trsa_interface/trsa_interface
-- Up-to-date: /home/tomas/trsa_lab2_ws/install/trsa_interface/include/trsa_interface/trsa_interface/srv
-- Up-to-date: /home/tomas/trsa_lab2_ws/install/trsa_interface/include/trsa_interface/trsa_interface/srv/detail
-- Installing: /home/tomas/trsa_lab2_ws/install/trsa_interface/include/trsa_interface/trsa_interface/srv/detail/pub_goal__rosidl_typesupport_fastrtps_cpp.hpp
-- Installing: /home/tomas/trsa_lab2_ws/install/trsa_interface/include/trsa_interface/trsa_interface/srv/detail/dds_fastrtps
-- Up-to-date: /home/tomas/trsa_lab2_ws/install/trsa_interface/include/trsa_interface/trsa_interface/msg
-- Installing: /home/tomas/trsa_lab2_ws/install/trsa_interface/include/trsa_interface/trsa_interface/msg/rosidl_typesupport_fastrtps_cpp__visibility_control.h
-- Installing: /home/tomas/trsa_lab2_ws/install/trsa_interface/lib/libtrsa_interface__rosidl_typesupport_fastrtps_cpp.so
-- Set runtime path of "/home/tomas/trsa_lab2_ws/install/trsa_interface/lib/libtrsa_interface__rosidl_typesupport_fastrtps_cpp.so" to ""
-- Up-to-date: /home/tomas/trsa_lab2_ws/install/trsa_interface/include/trsa_interface/trsa_interface
-- Up-to-date: /home/tomas/trsa_lab2_ws/install/trsa_interface/include/trsa_interface/trsa_interface/srv
-- Up-to-date: /home/tomas/trsa_lab2_ws/install/trsa_interface/include/trsa_interface/trsa_interface/srv/detail
-- Installing: /home/tomas/trsa_lab2_ws/install/trsa_interface/include/trsa_interface/trsa_interface/srv/detail/pub_goal__rosidl_typesupport_introspection_cpp.hpp
-- Installing: /home/tomas/trsa_lab2_ws/install/trsa_interface/include/trsa_interface/trsa_interface/srv/detail/pub_goal__type_support.cpp
-- Installing: /home/tomas/trsa_lab2_ws/install/trsa_interface/lib/libtrsa_interface__rosidl_typesupport_introspection_cpp.so
-- Set runtime path of "/home/tomas/trsa_lab2_ws/install/trsa_interface/lib/libtrsa_interface__rosidl_typesupport_introspection_cpp.so" to ""
-- Installing: /home/tomas/trsa_lab2_ws/install/trsa_interface/lib/libtrsa_interface__rosidl_typesupport_cpp.so
-- Set runtime path of "/home/tomas/trsa_lab2_ws/install/trsa_interface/lib/libtrsa_interface__rosidl_typesupport_cpp.so" to ""
-- Installing: /home/tomas/trsa_lab2_ws/install/trsa_interface/share/trsa_interface/environment/pythonpath.sh
-- Installing: /home/tomas/trsa_lab2_ws/install/trsa_interface/share/trsa_interface/environment/pythonpath.dsv
-- Installing: /home/tomas/trsa_lab2_ws/install/trsa_interface/local/lib/python3.10/dist-packages/trsa_interface-0.0.0-py3.10.egg-info
-- Installing: /home/tomas/trsa_lab2_ws/install/trsa_interface/local/lib/python3.10/dist-packages/trsa_interface-0.0.0-py3.10.egg-info/dependency_links.txt
-- Installing: /home/tomas/trsa_lab2_ws/install/trsa_interface/local/lib/python3.10/dist-packages/trsa_interface-0.0.0-py3.10.egg-info/PKG-INFO
-- Installing: /home/tomas/trsa_lab2_ws/install/trsa_interface/local/lib/python3.10/dist-packages/trsa_interface-0.0.0-py3.10.egg-info/top_level.txt
-- Installing: /home/tomas/trsa_lab2_ws/install/trsa_interface/local/lib/python3.10/dist-packages/trsa_interface-0.0.0-py3.10.egg-info/SOURCES.txt
-- Installing: /home/tomas/trsa_lab2_ws/install/trsa_interface/local/lib/python3.10/dist-packages/trsa_interface
-- Installing: /home/tomas/trsa_lab2_ws/install/trsa_interface/local/lib/python3.10/dist-packages/trsa_interface/_trsa_interface_s.ep.rosidl_typesupport_introspection_c.c
-- Installing: /home/tomas/trsa_lab2_ws/install/trsa_interface/local/lib/python3.10/dist-packages/trsa_interface/trsa_interface_s__rosidl_typesupport_introspection_c.cpython-310-x86_64-linux-gnu.so
-- Installing: /home/tomas/trsa_lab2_ws/install/trsa_interface/local/lib/python3.10/dist-packages/trsa_interface/_trsa_interface_s.ep.rosidl_typesupport_c.c
-- Installing: /home/tomas/trsa_lab2_ws/install/trsa_interface/local/lib/python3.10/dist-packages/trsa_interface/srv
-- Installing: /home/tomas/trsa_lab2_ws/install/trsa_interface/local/lib/python3.10/dist-packages/trsa_interface/srv/_pub_goal.py
-- Installing: /home/tomas/trsa_lab2_ws/install/trsa_interface/local/lib/python3.10/dist-packages/trsa_interface/srv/_pub_goal_s.c
-- Installing: /home/tomas/trsa_lab2_ws/install/trsa_interface/local/lib/python3.10/dist-packages/trsa_interface/srv/__init__.py
-- Installing: /home/tomas/trsa_lab2_ws/install/trsa_interface/local/lib/python3.10/dist-packages/trsa_interface/trsa_interface_s__rosidl_typesupport_fastrtps_c.cpython-310-x86_64-linux-gnu.so
-- Installing: /home/tomas/trsa_lab2_ws/install/trsa_interface/local/lib/python3.10/dist-packages/trsa_interface/libtrsa_interface__rosidl_generator_py.so
-- Installing: /home/tomas/trsa_lab2_ws/install/trsa_interface/local/lib/python3.10/dist-packages/trsa_interface/_trsa_interface_s.ep.rosidl_typesupport_fastrtps_c.c
-- Installing: /home/tomas/trsa_lab2_ws/install/trsa_interface/local/lib/python3.10/dist-packages/trsa_interface/trsa_interface_s__rosidl_typesupport_c.cpython-310-x86_64-linux-gnu.so
-- Installing: /home/tomas/trsa_lab2_ws/install/trsa_interface/local/lib/python3.10/dist-packages/trsa_interface/__init__.py
Listing '/home/tomas/trsa_lab2_ws/install/trsa_interface/local/lib/python3.10/dist-packages/trsa_interface'...
Compiling '/home/tomas/trsa_lab2_ws/install/trsa_interface/local/lib/python3.10/dist-packages/trsa_interface/__init__.py'...
Listing '/home/tomas/trsa_lab2_ws/install/trsa_interface/local/lib/python3.10/dist-packages/trsa_interface/srv'...
Compiling '/home/tomas/trsa_lab2_ws/install/trsa_interface/local/lib/python3.10/dist-packages/trsa_interface/srv/__init__.py'...
Compiling '/home/tomas/trsa_lab2_ws/install/trsa_interface/local/lib/python3.10/dist-packages/trsa_interface/srv/_pub_goal.py'...
-- Installing: /home/tomas/trsa_lab2_ws/install/trsa_interface/local/lib/python3.10/dist-packages/trsa_interface/trsa_interface_s__rosidl_typesupport_fastrtps_c.cpython-310-x86_64-linux-gnu.so
-- Set runtime path of "/home/tomas/trsa_lab2_ws/install/trsa_interface/local/lib/python3.10/dist-packages/trsa_interface/trsa_interface_s__rosidl_typesupport_fastrtps_c.cpython-310-x86_64-linux-gnu.so" to ""
-- Installing: /home/tomas/trsa_lab2_ws/install/trsa_interface/local/lib/python3.10/dist-packages/trsa_interface/trsa_interface_s__rosidl_typesupport_introspection_c.cpython-310-x86_64-linux-gnu.so
-- Set runtime path of "/home/tomas/trsa_lab2_ws/install/trsa_interface/local/lib/python3.10/dist-packages/trsa_interface/trsa_interface_s__rosidl_typesupport_introspection_c.cpython-310-x86_64-linux-gnu.so" to ""
-- Installing: /home/tomas/trsa_lab2_ws/install/trsa_interface/local/lib/python3.10/dist-packages/trsa_interface/trsa_interface_s__rosidl_typesupport_c.cpython-310-x86_64-linux-gnu.so
-- Set runtime path of "/home/tomas/trsa_lab2_ws/install/trsa_interface/local/lib/python3.10/dist-packages/trsa_interface/trsa_interface_s__rosidl_typesupport_c.cpython-310-x86_64-linux-gnu.so" to ""
-- Installing: /home/tomas/trsa_lab2_ws/install/trsa_interface/lib/libtrsa_interface__rosidl_generator_py.so
-- Set runtime path of "/home/tomas/trsa_lab2_ws/install/trsa_interface/lib/libtrsa_interface__rosidl_generator_py.so" to ""
-- Installing: /home/tomas/trsa_lab2_ws/install/trsa_interface/share/trsa_interface/srv/PubGoal.idl
-- Installing: /home/tomas/trsa_lab2_ws/install/trsa_interface/share/trsa_interface/srv/PubGoal.srv
-- Installing: /home/tomas/trsa_lab2_ws/install/trsa_interface/share/trsa_interface/srv/PubGoal_Request.msg
-- Installing: /home/tomas/trsa_lab2_ws/install/trsa_interface/share/trsa_interface/srv/PubGoal_Response.msg
-- Installing: /home/tomas/trsa_lab2_ws/install/trsa_interface/share/ament_index/resource_index/package_run_dependencies/trsa_interface
-- Installing: /home/tomas/trsa_lab2_ws/install/trsa_interface/share/ament_index/resource_index/parent_prefix_path/trsa_interface
-- Installing: /home/tomas/trsa_lab2_ws/install/trsa_interface/share/trsa_interface/environment/ament_prefix_path.sh
-- Installing: /home/tomas/trsa_lab2_ws/install/trsa_interface/share/trsa_interface/environment/ament_prefix_path.dsv
-- Installing: /home/tomas/trsa_lab2_ws/install/trsa_interface/share/trsa_interface/environment/path.sh
-- Installing: /home/tomas/trsa_lab2_ws/install/trsa_interface/share/trsa_interface/environment/path.dsv
-- Installing: /home/tomas/trsa_lab2_ws/install/trsa_interface/share/trsa_interface/local_setup.bash
-- Installing: /home/tomas/trsa_lab2_ws/install/trsa_interface/share/trsa_interface/local_setup.sh
-- Installing: /home/tomas/trsa_lab2_ws/install/trsa_interface/share/trsa_interface/local_setup.zsh
-- Installing: /home/tomas/trsa_lab2_ws/install/trsa_interface/share/trsa_interface/local_setup.dsv
-- Installing: /home/tomas/trsa_lab2_ws/install/trsa_interface/share/trsa_interface/package.dsv
-- Installing: /home/tomas/trsa_lab2_ws/install/trsa_interface/share/ament_index/resource_index/packages/trsa_interface
-- Installing: /home/tomas/trsa_lab2_ws/install/trsa_interface/share/trsa_interface/cmake/export_trsa_interface__rosidl_generator_cExport.cmake
-- Installing: /home/tomas/trsa_lab2_ws/install/trsa_interface/share/trsa_interface/cmake/export_trsa_interface__rosidl_generator_cExport-noconfig.cmake
-- Installing: /home/tomas/trsa_lab2_ws/install/trsa_interface/share/trsa_interface/cmake/export_trsa_interface__rosidl_typesupport_fastrtps_cExport.cmake
-- Installing: /home/tomas/trsa_lab2_ws/install/trsa_interface/share/trsa_interface/cmake/export_trsa_interface__rosidl_typesupport_fastrtps_cExport-noconfig.cmake
-- Installing: /home/tomas/trsa_lab2_ws/install/trsa_interface/share/trsa_interface/cmake/trsa_interface__rosidl_typesupport_introspection_cExport.cmake
-- Installing: /home/tomas/trsa_lab2_ws/install/trsa_interface/share/trsa_interface/cmake/trsa_interface__rosidl_typesupport_introspection_cExport-noconfig.cmake
-- Installing: /home/tomas/trsa_lab2_ws/install/trsa_interface/share/trsa_interface/cmake/trsa_interface__rosidl_typesupport_cExport.cmake
-- Installing: /home/tomas/trsa_lab2_ws/install/trsa_interface/share/trsa_interface/cmake/trsa_interface__rosidl_typesupport_cExport-noconfig.cmake
-- Installing: /home/tomas/trsa_lab2_ws/install/trsa_interface/share/trsa_interface/cmake/export_trsa_interface__rosidl_generator_cppExport.cmake
-- Installing: /home/tomas/trsa_lab2_ws/install/trsa_interface/share/trsa_interface/cmake/export_trsa_interface__rosidl_typesupport_fastrtps_cppExport.cmake
-- Installing: /home/tomas/trsa_lab2_ws/install/trsa_interface/share/trsa_interface/cmake/export_trsa_interface__rosidl_typesupport_fastrtps_cppExport-noconfig.cmake
-- Installing: /home/tomas/trsa_lab2_ws/install/trsa_interface/share/trsa_interface/cmake/trsa_interface__rosidl_typesupport_introspection_cppExport.cmake
-- Installing: /home/tomas/trsa_lab2_ws/install/trsa_interface/share/trsa_interface/cmake/trsa_interface__rosidl_typesupport_introspection_cppExport-noconfig.cmake
-- Installing: /home/tomas/trsa_lab2_ws/install/trsa_interface/share/trsa_interface/cmake/trsa_interface__rosidl_typesupport_cppExport.cmake
-- Installing: /home/tomas/trsa_lab2_ws/install/trsa_interface/share/trsa_interface/cmake/trsa_interface__rosidl_typesupport_cppExport-noconfig.cmake
-- Installing: /home/tomas/trsa_lab2_ws/install/trsa_interface/share/trsa_interface/cmake/export_trsa_interface__rosidl_generator_pyExport.cmake
-- Installing: /home/tomas/trsa_lab2_ws/install/trsa_interface/share/trsa_interface/cmake/export_trsa_interface__rosidl_generator_pyExport-noconfig.cmake
-- Installing: /home/tomas/trsa_lab2_ws/install/trsa_interface/share/trsa_interface/cmake/rosidl_cmake-extras.cmake
-- Installing: /home/tomas/trsa_lab2_ws/install/trsa_interface/share/trsa_interface/cmake/ament_cmake_export_dependencies-extras.cmake
-- Installing: /home/tomas/trsa_lab2_ws/install/trsa_interface/share/trsa_interface/cmake/ament_cmake_export_include_directories-extras.cmake
-- Installing: /home/tomas/trsa_lab2_ws/install/trsa_interface/share/trsa_interface/cmake/ament_cmake_export_libraries-extras.cmake
-- Installing: /home/tomas/trsa_lab2_ws/install/trsa_interface/share/trsa_interface/cmake/ament_cmake_export_targets-extras.cmake
-- Installing: /home/tomas/trsa_lab2_ws/install/trsa_interface/share/trsa_interface/cmake/rosidl_cmake_export_typesupport_targets-extras.cmake
-- Installing: /home/tomas/trsa_lab2_ws/install/trsa_interface/share/trsa_interface/cmake/rosidl_cmake_export_typesupport_libraries-extras.cmake
-- Installing: /home/tomas/trsa_lab2_ws/install/trsa_interface/share/trsa_interface/cmake/trsa_interfaceConfig.cmake
-- Installing: /home/tomas/trsa_lab2_ws/install/trsa_interface/share/trsa_interface/cmake/trsa_interfaceConfig-version.cmake
-- Installing: /home/tomas/trsa_lab2_ws/install/trsa_interface/share/trsa_interface/package.xml
