[0.164s] Invoking command in '/home/tomas/trsa_lab2_ws/build/trsa_interface': CMAKE_PREFIX_PATH=${CMAKE_PREFIX_PATH}:/home/tomas/trsa_lab2_ws/install/robot_operator:/opt/ros/humble /usr/bin/cmake /home/tomas/trsa_lab2_ws/src/trsa_interface -DCMAKE_INSTALL_PREFIX=/home/tomas/trsa_lab2_ws/install/trsa_interface
[0.590s] -- The C compiler identification is GNU 11.4.0
[1.003s] -- The CXX compiler identification is GNU 11.4.0
[1.025s] -- Detecting C compiler ABI info
[1.182s] -- Detecting C compiler ABI info - done
[1.188s] -- Check for working C compiler: /usr/bin/cc - skipped
[1.189s] -- Detecting C compile features
[1.191s] -- Detecting C compile features - done
[1.194s] -- Detecting CXX compiler ABI info
[1.305s] -- Detecting CXX compiler ABI info - done
[1.310s] -- Check for working CXX compiler: /usr/bin/c++ - skipped
[1.310s] -- Detecting CXX compile features
[1.310s] -- Detecting CXX compile features - done
[1.315s] -- Found ament_cmake: 1.3.10 (/opt/ros/humble/share/ament_cmake/cmake)
[1.453s] -- Found Python3: /usr/bin/python3 (found version "3.10.12") found components: Interpreter 
[1.560s] -- Found rosidl_default_generators: 1.2.0 (/opt/ros/humble/share/rosidl_default_generators/cmake)
[1.570s] -- Using all available rosidl_typesupport_c: rosidl_typesupport_fastrtps_c;rosidl_typesupport_introspection_c
[1.587s] -- Found rosidl_adapter: 3.1.5 (/opt/ros/humble/share/rosidl_adapter/cmake)
[1.668s] -- Using all available rosidl_typesupport_cpp: rosidl_typesupport_fastrtps_cpp;rosidl_typesupport_introspection_cpp
[1.706s] -- Found geometry_msgs: 4.2.4 (/opt/ros/humble/share/geometry_msgs/cmake)
[2.009s] -- Found ament_cmake_ros: 0.10.0 (/opt/ros/humble/share/ament_cmake_ros/cmake)
[2.239s] -- Using all available rosidl_typesupport_c: rosidl_typesupport_fastrtps_c;rosidl_typesupport_introspection_c
[2.465s] -- Using all available rosidl_typesupport_cpp: rosidl_typesupport_fastrtps_cpp;rosidl_typesupport_introspection_cpp
[2.499s] -- Found PythonInterp: /usr/bin/python3 (found suitable version "3.10.12", minimum required is "3.6") 
[2.501s] -- Found python_cmake_module: 0.10.0 (/opt/ros/humble/share/python_cmake_module/cmake)
[2.536s] -- Found PythonLibs: /usr/lib/x86_64-linux-gnu/libpython3.10.so (found suitable version "3.10.12", minimum required is "3.5") 
[2.536s] -- Using PYTHON_EXECUTABLE: /usr/bin/python3
[2.536s] -- Using PYTHON_INCLUDE_DIRS: /usr/include/python3.10
[2.536s] -- Using PYTHON_LIBRARIES: /usr/lib/x86_64-linux-gnu/libpython3.10.so
[2.571s] -- Found PythonExtra: .so  
[2.618s] -- Found ament_lint_auto: 0.12.11 (/opt/ros/humble/share/ament_lint_auto/cmake)
[2.635s] -- Added test 'lint_cmake' to check CMake code style
[2.636s] -- Added test 'xmllint' to check XML markup files
[2.637s] -- Configuring done
[2.655s] -- Generating done
[2.657s] -- Build files have been written to: /home/tomas/trsa_lab2_ws/build/trsa_interface
[2.662s] Invoked command in '/home/tomas/trsa_lab2_ws/build/trsa_interface' returned '0': CMAKE_PREFIX_PATH=${CMAKE_PREFIX_PATH}:/home/tomas/trsa_lab2_ws/install/robot_operator:/opt/ros/humble /usr/bin/cmake /home/tomas/trsa_lab2_ws/src/trsa_interface -DCMAKE_INSTALL_PREFIX=/home/tomas/trsa_lab2_ws/install/trsa_interface
[2.663s] Invoking command in '/home/tomas/trsa_lab2_ws/build/trsa_interface': CMAKE_PREFIX_PATH=${CMAKE_PREFIX_PATH}:/home/tomas/trsa_lab2_ws/install/robot_operator:/opt/ros/humble /usr/bin/cmake --build /home/tomas/trsa_lab2_ws/build/trsa_interface -- -j20 -l20
[2.707s] [  3%] [34m[1mGenerating C code for ROS interfaces[0m
[2.719s] [  6%] [34m[1mGenerating C++ code for ROS interfaces[0m
[2.726s] [  6%] Built target ament_cmake_python_copy_trsa_interface
[2.881s] running egg_info
[2.881s] creating trsa_interface.egg-info
[2.881s] writing trsa_interface.egg-info/PKG-INFO
[2.881s] writing dependency_links to trsa_interface.egg-info/dependency_links.txt
[2.881s] writing top-level names to trsa_interface.egg-info/top_level.txt
[2.881s] writing manifest file 'trsa_interface.egg-info/SOURCES.txt'
[2.882s] reading manifest file 'trsa_interface.egg-info/SOURCES.txt'
[2.883s] writing manifest file 'trsa_interface.egg-info/SOURCES.txt'
[2.895s] [  6%] Built target trsa_interface__cpp
[2.902s] [  9%] [34m[1mGenerating C++ introspection for ROS interfaces[0m
[2.903s] [  9%] Built target ament_cmake_python_build_trsa_interface_egg
[2.904s] [ 12%] [32mBuilding C object CMakeFiles/trsa_interface__rosidl_generator_c.dir/rosidl_generator_c/trsa_interface/srv/detail/pub_goal__functions.c.o[0m
[2.905s] [ 16%] [34m[1mGenerating C++ type support dispatch for ROS interfaces[0m
[2.906s] [ 19%] [34m[1mGenerating C++ type support for eProsima Fast-RTPS[0m
[3.008s] [ 22%] [32m[1mLinking C shared library libtrsa_interface__rosidl_generator_c.so[0m
[3.050s] [ 22%] Built target trsa_interface__rosidl_generator_c
[3.057s] [ 25%] [32mBuilding CXX object CMakeFiles/trsa_interface__rosidl_typesupport_cpp.dir/rosidl_typesupport_cpp/trsa_interface/srv/pub_goal__type_support.cpp.o[0m
[3.059s] [ 29%] [34m[1mGenerating C type support for eProsima Fast-RTPS[0m
[3.059s] [ 32%] [34m[1mGenerating C introspection for ROS interfaces[0m
[3.059s] [ 35%] [34m[1mGenerating C type support dispatch for ROS interfaces[0m
[3.073s] [ 38%] [32mBuilding CXX object CMakeFiles/trsa_interface__rosidl_typesupport_introspection_cpp.dir/rosidl_typesupport_introspection_cpp/trsa_interface/srv/detail/pub_goal__type_support.cpp.o[0m
[3.084s] [ 41%] [32mBuilding CXX object CMakeFiles/trsa_interface__rosidl_typesupport_fastrtps_cpp.dir/rosidl_typesupport_fastrtps_cpp/trsa_interface/srv/detail/dds_fastrtps/pub_goal__type_support.cpp.o[0m
[3.215s] [ 45%] [32mBuilding CXX object CMakeFiles/trsa_interface__rosidl_typesupport_c.dir/rosidl_typesupport_c/trsa_interface/srv/pub_goal__type_support.cpp.o[0m
[3.237s] [ 48%] [32mBuilding CXX object CMakeFiles/trsa_interface__rosidl_typesupport_fastrtps_c.dir/rosidl_typesupport_fastrtps_c/trsa_interface/srv/detail/pub_goal__type_support_c.cpp.o[0m
[3.237s] [ 51%] [32mBuilding C object CMakeFiles/trsa_interface__rosidl_typesupport_introspection_c.dir/rosidl_typesupport_introspection_c/trsa_interface/srv/detail/pub_goal__type_support.c.o[0m
[3.278s] [ 54%] [32m[1mLinking CXX shared library libtrsa_interface__rosidl_typesupport_c.so[0m
[3.304s] [ 58%] [32m[1mLinking C shared library libtrsa_interface__rosidl_typesupport_introspection_c.so[0m
[3.324s] [ 58%] Built target trsa_interface__rosidl_typesupport_c
[3.351s] [ 58%] Built target trsa_interface__rosidl_typesupport_introspection_c
[3.413s] [ 61%] [32m[1mLinking CXX shared library libtrsa_interface__rosidl_typesupport_cpp.so[0m
[3.465s] [ 61%] Built target trsa_interface__rosidl_typesupport_cpp
[3.488s] [ 64%] [32m[1mLinking CXX shared library libtrsa_interface__rosidl_typesupport_introspection_cpp.so[0m
[3.521s] [ 67%] [32m[1mLinking CXX shared library libtrsa_interface__rosidl_typesupport_fastrtps_c.so[0m
[3.539s] [ 67%] Built target trsa_interface__rosidl_typesupport_introspection_cpp
[3.551s] [ 70%] [32m[1mLinking CXX shared library libtrsa_interface__rosidl_typesupport_fastrtps_cpp.so[0m
[3.589s] [ 70%] Built target trsa_interface__rosidl_typesupport_fastrtps_c
[3.615s] [ 70%] Built target trsa_interface__rosidl_typesupport_fastrtps_cpp
[3.639s] [ 70%] Built target trsa_interface
[3.667s] [ 74%] [34m[1mGenerating Python code for ROS interfaces[0m
[3.921s] [ 74%] Built target trsa_interface__py
[3.950s] [ 77%] [32mBuilding C object CMakeFiles/trsa_interface__rosidl_generator_py.dir/rosidl_generator_py/trsa_interface/srv/_pub_goal_s.c.o[0m
[4.222s] [ 80%] [32m[1mLinking C shared library rosidl_generator_py/trsa_interface/libtrsa_interface__rosidl_generator_py.so[0m
[4.304s] [ 80%] Built target trsa_interface__rosidl_generator_py
[4.328s] [ 87%] [32mBuilding C object CMakeFiles/trsa_interface__rosidl_typesupport_fastrtps_c__pyext.dir/rosidl_generator_py/trsa_interface/_trsa_interface_s.ep.rosidl_typesupport_fastrtps_c.c.o[0m
[4.328s] [ 87%] [32mBuilding C object CMakeFiles/trsa_interface__rosidl_typesupport_introspection_c__pyext.dir/rosidl_generator_py/trsa_interface/_trsa_interface_s.ep.rosidl_typesupport_introspection_c.c.o[0m
[4.330s] [ 90%] [32mBuilding C object CMakeFiles/trsa_interface__rosidl_typesupport_c__pyext.dir/rosidl_generator_py/trsa_interface/_trsa_interface_s.ep.rosidl_typesupport_c.c.o[0m
[4.398s] [ 93%] [32m[1mLinking C shared library rosidl_generator_py/trsa_interface/trsa_interface_s__rosidl_typesupport_introspection_c.cpython-310-x86_64-linux-gnu.so[0m
[4.399s] [ 96%] [32m[1mLinking C shared library rosidl_generator_py/trsa_interface/trsa_interface_s__rosidl_typesupport_c.cpython-310-x86_64-linux-gnu.so[0m
[4.399s] [100%] [32m[1mLinking C shared library rosidl_generator_py/trsa_interface/trsa_interface_s__rosidl_typesupport_fastrtps_c.cpython-310-x86_64-linux-gnu.so[0m
[4.435s] [100%] Built target trsa_interface__rosidl_typesupport_introspection_c__pyext
[4.437s] [100%] Built target trsa_interface__rosidl_typesupport_c__pyext
[4.439s] [100%] Built target trsa_interface__rosidl_typesupport_fastrtps_c__pyext
[4.458s] Invoked command in '/home/tomas/trsa_lab2_ws/build/trsa_interface' returned '0': CMAKE_PREFIX_PATH=${CMAKE_PREFIX_PATH}:/home/tomas/trsa_lab2_ws/install/robot_operator:/opt/ros/humble /usr/bin/cmake --build /home/tomas/trsa_lab2_ws/build/trsa_interface -- -j20 -l20
[4.639s] Invoking command in '/home/tomas/trsa_lab2_ws/build/trsa_interface': CMAKE_PREFIX_PATH=${CMAKE_PREFIX_PATH}:/home/tomas/trsa_lab2_ws/install/robot_operator:/opt/ros/humble /usr/bin/cmake --install /home/tomas/trsa_lab2_ws/build/trsa_interface
[4.651s] -- Install configuration: ""
[4.651s] -- Installing: /home/tomas/trsa_lab2_ws/install/trsa_interface/share/ament_index/resource_index/rosidl_interfaces/trsa_interface
[4.651s] -- Installing: /home/tomas/trsa_lab2_ws/install/trsa_interface/include/trsa_interface/trsa_interface
[4.651s] -- Installing: /home/tomas/trsa_lab2_ws/install/trsa_interface/include/trsa_interface/trsa_interface/srv
[4.652s] -- Installing: /home/tomas/trsa_lab2_ws/install/trsa_interface/include/trsa_interface/trsa_interface/srv/pub_goal.h
[4.652s] -- Installing: /home/tomas/trsa_lab2_ws/install/trsa_interface/include/trsa_interface/trsa_interface/srv/detail
[4.652s] -- Installing: /home/tomas/trsa_lab2_ws/install/trsa_interface/include/trsa_interface/trsa_interface/srv/detail/pub_goal__functions.c
[4.652s] -- Installing: /home/tomas/trsa_lab2_ws/install/trsa_interface/include/trsa_interface/trsa_interface/srv/detail/pub_goal__struct.h
[4.653s] -- Installing: /home/tomas/trsa_lab2_ws/install/trsa_interface/include/trsa_interface/trsa_interface/srv/detail/pub_goal__functions.h
[4.653s] -- Installing: /home/tomas/trsa_lab2_ws/install/trsa_interface/include/trsa_interface/trsa_interface/srv/detail/pub_goal__type_support.h
[4.653s] -- Installing: /home/tomas/trsa_lab2_ws/install/trsa_interface/include/trsa_interface/trsa_interface/msg
[4.653s] -- Installing: /home/tomas/trsa_lab2_ws/install/trsa_interface/include/trsa_interface/trsa_interface/msg/rosidl_generator_c__visibility_control.h
[4.653s] -- Installing: /home/tomas/trsa_lab2_ws/install/trsa_interface/share/trsa_interface/environment/library_path.sh
[4.653s] -- Installing: /home/tomas/trsa_lab2_ws/install/trsa_interface/share/trsa_interface/environment/library_path.dsv
[4.654s] -- Installing: /home/tomas/trsa_lab2_ws/install/trsa_interface/lib/libtrsa_interface__rosidl_generator_c.so
[4.655s] -- Set runtime path of "/home/tomas/trsa_lab2_ws/install/trsa_interface/lib/libtrsa_interface__rosidl_generator_c.so" to ""
[4.655s] -- Up-to-date: /home/tomas/trsa_lab2_ws/install/trsa_interface/include/trsa_interface/trsa_interface
[4.655s] -- Up-to-date: /home/tomas/trsa_lab2_ws/install/trsa_interface/include/trsa_interface/trsa_interface/srv
[4.655s] -- Up-to-date: /home/tomas/trsa_lab2_ws/install/trsa_interface/include/trsa_interface/trsa_interface/srv/detail
[4.656s] -- Installing: /home/tomas/trsa_lab2_ws/install/trsa_interface/include/trsa_interface/trsa_interface/srv/detail/pub_goal__rosidl_typesupport_fastrtps_c.h
[4.656s] -- Up-to-date: /home/tomas/trsa_lab2_ws/install/trsa_interface/include/trsa_interface/trsa_interface/msg
[4.656s] -- Installing: /home/tomas/trsa_lab2_ws/install/trsa_interface/include/trsa_interface/trsa_interface/msg/rosidl_typesupport_fastrtps_c__visibility_control.h
[4.656s] -- Installing: /home/tomas/trsa_lab2_ws/install/trsa_interface/lib/libtrsa_interface__rosidl_typesupport_fastrtps_c.so
[4.657s] -- Set runtime path of "/home/tomas/trsa_lab2_ws/install/trsa_interface/lib/libtrsa_interface__rosidl_typesupport_fastrtps_c.so" to ""
[4.657s] -- Up-to-date: /home/tomas/trsa_lab2_ws/install/trsa_interface/include/trsa_interface/trsa_interface
[4.657s] -- Up-to-date: /home/tomas/trsa_lab2_ws/install/trsa_interface/include/trsa_interface/trsa_interface/srv
[4.657s] -- Up-to-date: /home/tomas/trsa_lab2_ws/install/trsa_interface/include/trsa_interface/trsa_interface/srv/detail
[4.657s] -- Installing: /home/tomas/trsa_lab2_ws/install/trsa_interface/include/trsa_interface/trsa_interface/srv/detail/pub_goal__type_support.c
[4.658s] -- Installing: /home/tomas/trsa_lab2_ws/install/trsa_interface/include/trsa_interface/trsa_interface/srv/detail/pub_goal__rosidl_typesupport_introspection_c.h
[4.658s] -- Up-to-date: /home/tomas/trsa_lab2_ws/install/trsa_interface/include/trsa_interface/trsa_interface/msg
[4.658s] -- Installing: /home/tomas/trsa_lab2_ws/install/trsa_interface/include/trsa_interface/trsa_interface/msg/rosidl_typesupport_introspection_c__visibility_control.h
[4.658s] -- Installing: /home/tomas/trsa_lab2_ws/install/trsa_interface/lib/libtrsa_interface__rosidl_typesupport_introspection_c.so
[4.658s] -- Set runtime path of "/home/tomas/trsa_lab2_ws/install/trsa_interface/lib/libtrsa_interface__rosidl_typesupport_introspection_c.so" to ""
[4.658s] -- Installing: /home/tomas/trsa_lab2_ws/install/trsa_interface/lib/libtrsa_interface__rosidl_typesupport_c.so
[4.659s] -- Set runtime path of "/home/tomas/trsa_lab2_ws/install/trsa_interface/lib/libtrsa_interface__rosidl_typesupport_c.so" to ""
[4.659s] -- Up-to-date: /home/tomas/trsa_lab2_ws/install/trsa_interface/include/trsa_interface/trsa_interface
[4.659s] -- Up-to-date: /home/tomas/trsa_lab2_ws/install/trsa_interface/include/trsa_interface/trsa_interface/srv
[4.659s] -- Installing: /home/tomas/trsa_lab2_ws/install/trsa_interface/include/trsa_interface/trsa_interface/srv/pub_goal.hpp
[4.659s] -- Up-to-date: /home/tomas/trsa_lab2_ws/install/trsa_interface/include/trsa_interface/trsa_interface/srv/detail
[4.659s] -- Installing: /home/tomas/trsa_lab2_ws/install/trsa_interface/include/trsa_interface/trsa_interface/srv/detail/pub_goal__struct.hpp
[4.660s] -- Installing: /home/tomas/trsa_lab2_ws/install/trsa_interface/include/trsa_interface/trsa_interface/srv/detail/pub_goal__builder.hpp
[4.660s] -- Installing: /home/tomas/trsa_lab2_ws/install/trsa_interface/include/trsa_interface/trsa_interface/srv/detail/pub_goal__traits.hpp
[4.660s] -- Up-to-date: /home/tomas/trsa_lab2_ws/install/trsa_interface/include/trsa_interface/trsa_interface
[4.660s] -- Up-to-date: /home/tomas/trsa_lab2_ws/install/trsa_interface/include/trsa_interface/trsa_interface/srv
[4.660s] -- Up-to-date: /home/tomas/trsa_lab2_ws/install/trsa_interface/include/trsa_interface/trsa_interface/srv/detail
[4.660s] -- Installing: /home/tomas/trsa_lab2_ws/install/trsa_interface/include/trsa_interface/trsa_interface/srv/detail/pub_goal__rosidl_typesupport_fastrtps_cpp.hpp
[4.660s] -- Installing: /home/tomas/trsa_lab2_ws/install/trsa_interface/include/trsa_interface/trsa_interface/srv/detail/dds_fastrtps
[4.661s] -- Up-to-date: /home/tomas/trsa_lab2_ws/install/trsa_interface/include/trsa_interface/trsa_interface/msg
[4.661s] -- Installing: /home/tomas/trsa_lab2_ws/install/trsa_interface/include/trsa_interface/trsa_interface/msg/rosidl_typesupport_fastrtps_cpp__visibility_control.h
[4.661s] -- Installing: /home/tomas/trsa_lab2_ws/install/trsa_interface/lib/libtrsa_interface__rosidl_typesupport_fastrtps_cpp.so
[4.661s] -- Set runtime path of "/home/tomas/trsa_lab2_ws/install/trsa_interface/lib/libtrsa_interface__rosidl_typesupport_fastrtps_cpp.so" to ""
[4.661s] -- Up-to-date: /home/tomas/trsa_lab2_ws/install/trsa_interface/include/trsa_interface/trsa_interface
[4.662s] -- Up-to-date: /home/tomas/trsa_lab2_ws/install/trsa_interface/include/trsa_interface/trsa_interface/srv
[4.662s] -- Up-to-date: /home/tomas/trsa_lab2_ws/install/trsa_interface/include/trsa_interface/trsa_interface/srv/detail
[4.662s] -- Installing: /home/tomas/trsa_lab2_ws/install/trsa_interface/include/trsa_interface/trsa_interface/srv/detail/pub_goal__rosidl_typesupport_introspection_cpp.hpp
[4.662s] -- Installing: /home/tomas/trsa_lab2_ws/install/trsa_interface/include/trsa_interface/trsa_interface/srv/detail/pub_goal__type_support.cpp
[4.662s] -- Installing: /home/tomas/trsa_lab2_ws/install/trsa_interface/lib/libtrsa_interface__rosidl_typesupport_introspection_cpp.so
[4.662s] -- Set runtime path of "/home/tomas/trsa_lab2_ws/install/trsa_interface/lib/libtrsa_interface__rosidl_typesupport_introspection_cpp.so" to ""
[4.663s] -- Installing: /home/tomas/trsa_lab2_ws/install/trsa_interface/lib/libtrsa_interface__rosidl_typesupport_cpp.so
[4.663s] -- Set runtime path of "/home/tomas/trsa_lab2_ws/install/trsa_interface/lib/libtrsa_interface__rosidl_typesupport_cpp.so" to ""
[4.663s] -- Installing: /home/tomas/trsa_lab2_ws/install/trsa_interface/share/trsa_interface/environment/pythonpath.sh
[4.663s] -- Installing: /home/tomas/trsa_lab2_ws/install/trsa_interface/share/trsa_interface/environment/pythonpath.dsv
[4.663s] -- Installing: /home/tomas/trsa_lab2_ws/install/trsa_interface/local/lib/python3.10/dist-packages/trsa_interface-0.0.0-py3.10.egg-info
[4.663s] -- Installing: /home/tomas/trsa_lab2_ws/install/trsa_interface/local/lib/python3.10/dist-packages/trsa_interface-0.0.0-py3.10.egg-info/dependency_links.txt
[4.663s] -- Installing: /home/tomas/trsa_lab2_ws/install/trsa_interface/local/lib/python3.10/dist-packages/trsa_interface-0.0.0-py3.10.egg-info/PKG-INFO
[4.663s] -- Installing: /home/tomas/trsa_lab2_ws/install/trsa_interface/local/lib/python3.10/dist-packages/trsa_interface-0.0.0-py3.10.egg-info/top_level.txt
[4.664s] -- Installing: /home/tomas/trsa_lab2_ws/install/trsa_interface/local/lib/python3.10/dist-packages/trsa_interface-0.0.0-py3.10.egg-info/SOURCES.txt
[4.664s] -- Installing: /home/tomas/trsa_lab2_ws/install/trsa_interface/local/lib/python3.10/dist-packages/trsa_interface
[4.664s] -- Installing: /home/tomas/trsa_lab2_ws/install/trsa_interface/local/lib/python3.10/dist-packages/trsa_interface/_trsa_interface_s.ep.rosidl_typesupport_introspection_c.c
[4.664s] -- Installing: /home/tomas/trsa_lab2_ws/install/trsa_interface/local/lib/python3.10/dist-packages/trsa_interface/trsa_interface_s__rosidl_typesupport_introspection_c.cpython-310-x86_64-linux-gnu.so
[4.664s] -- Installing: /home/tomas/trsa_lab2_ws/install/trsa_interface/local/lib/python3.10/dist-packages/trsa_interface/_trsa_interface_s.ep.rosidl_typesupport_c.c
[4.664s] -- Installing: /home/tomas/trsa_lab2_ws/install/trsa_interface/local/lib/python3.10/dist-packages/trsa_interface/srv
[4.664s] -- Installing: /home/tomas/trsa_lab2_ws/install/trsa_interface/local/lib/python3.10/dist-packages/trsa_interface/srv/_pub_goal.py
[4.664s] -- Installing: /home/tomas/trsa_lab2_ws/install/trsa_interface/local/lib/python3.10/dist-packages/trsa_interface/srv/_pub_goal_s.c
[4.664s] -- Installing: /home/tomas/trsa_lab2_ws/install/trsa_interface/local/lib/python3.10/dist-packages/trsa_interface/srv/__init__.py
[4.665s] -- Installing: /home/tomas/trsa_lab2_ws/install/trsa_interface/local/lib/python3.10/dist-packages/trsa_interface/trsa_interface_s__rosidl_typesupport_fastrtps_c.cpython-310-x86_64-linux-gnu.so
[4.665s] -- Installing: /home/tomas/trsa_lab2_ws/install/trsa_interface/local/lib/python3.10/dist-packages/trsa_interface/libtrsa_interface__rosidl_generator_py.so
[4.665s] -- Installing: /home/tomas/trsa_lab2_ws/install/trsa_interface/local/lib/python3.10/dist-packages/trsa_interface/_trsa_interface_s.ep.rosidl_typesupport_fastrtps_c.c
[4.665s] -- Installing: /home/tomas/trsa_lab2_ws/install/trsa_interface/local/lib/python3.10/dist-packages/trsa_interface/trsa_interface_s__rosidl_typesupport_c.cpython-310-x86_64-linux-gnu.so
[4.665s] -- Installing: /home/tomas/trsa_lab2_ws/install/trsa_interface/local/lib/python3.10/dist-packages/trsa_interface/__init__.py
[4.698s] Listing '/home/tomas/trsa_lab2_ws/install/trsa_interface/local/lib/python3.10/dist-packages/trsa_interface'...
[4.698s] Compiling '/home/tomas/trsa_lab2_ws/install/trsa_interface/local/lib/python3.10/dist-packages/trsa_interface/__init__.py'...
[4.698s] Listing '/home/tomas/trsa_lab2_ws/install/trsa_interface/local/lib/python3.10/dist-packages/trsa_interface/srv'...
[4.698s] Compiling '/home/tomas/trsa_lab2_ws/install/trsa_interface/local/lib/python3.10/dist-packages/trsa_interface/srv/__init__.py'...
[4.698s] Compiling '/home/tomas/trsa_lab2_ws/install/trsa_interface/local/lib/python3.10/dist-packages/trsa_interface/srv/_pub_goal.py'...
[4.701s] -- Installing: /home/tomas/trsa_lab2_ws/install/trsa_interface/local/lib/python3.10/dist-packages/trsa_interface/trsa_interface_s__rosidl_typesupport_fastrtps_c.cpython-310-x86_64-linux-gnu.so
[4.701s] -- Set runtime path of "/home/tomas/trsa_lab2_ws/install/trsa_interface/local/lib/python3.10/dist-packages/trsa_interface/trsa_interface_s__rosidl_typesupport_fastrtps_c.cpython-310-x86_64-linux-gnu.so" to ""
[4.701s] -- Installing: /home/tomas/trsa_lab2_ws/install/trsa_interface/local/lib/python3.10/dist-packages/trsa_interface/trsa_interface_s__rosidl_typesupport_introspection_c.cpython-310-x86_64-linux-gnu.so
[4.701s] -- Set runtime path of "/home/tomas/trsa_lab2_ws/install/trsa_interface/local/lib/python3.10/dist-packages/trsa_interface/trsa_interface_s__rosidl_typesupport_introspection_c.cpython-310-x86_64-linux-gnu.so" to ""
[4.701s] -- Installing: /home/tomas/trsa_lab2_ws/install/trsa_interface/local/lib/python3.10/dist-packages/trsa_interface/trsa_interface_s__rosidl_typesupport_c.cpython-310-x86_64-linux-gnu.so
[4.701s] -- Set runtime path of "/home/tomas/trsa_lab2_ws/install/trsa_interface/local/lib/python3.10/dist-packages/trsa_interface/trsa_interface_s__rosidl_typesupport_c.cpython-310-x86_64-linux-gnu.so" to ""
[4.701s] -- Installing: /home/tomas/trsa_lab2_ws/install/trsa_interface/lib/libtrsa_interface__rosidl_generator_py.so
[4.701s] -- Set runtime path of "/home/tomas/trsa_lab2_ws/install/trsa_interface/lib/libtrsa_interface__rosidl_generator_py.so" to ""
[4.701s] -- Installing: /home/tomas/trsa_lab2_ws/install/trsa_interface/share/trsa_interface/srv/PubGoal.idl
[4.702s] -- Installing: /home/tomas/trsa_lab2_ws/install/trsa_interface/share/trsa_interface/srv/PubGoal.srv
[4.702s] -- Installing: /home/tomas/trsa_lab2_ws/install/trsa_interface/share/trsa_interface/srv/PubGoal_Request.msg
[4.702s] -- Installing: /home/tomas/trsa_lab2_ws/install/trsa_interface/share/trsa_interface/srv/PubGoal_Response.msg
[4.702s] -- Installing: /home/tomas/trsa_lab2_ws/install/trsa_interface/share/ament_index/resource_index/package_run_dependencies/trsa_interface
[4.702s] -- Installing: /home/tomas/trsa_lab2_ws/install/trsa_interface/share/ament_index/resource_index/parent_prefix_path/trsa_interface
[4.702s] -- Installing: /home/tomas/trsa_lab2_ws/install/trsa_interface/share/trsa_interface/environment/ament_prefix_path.sh
[4.702s] -- Installing: /home/tomas/trsa_lab2_ws/install/trsa_interface/share/trsa_interface/environment/ament_prefix_path.dsv
[4.702s] -- Installing: /home/tomas/trsa_lab2_ws/install/trsa_interface/share/trsa_interface/environment/path.sh
[4.702s] -- Installing: /home/tomas/trsa_lab2_ws/install/trsa_interface/share/trsa_interface/environment/path.dsv
[4.702s] -- Installing: /home/tomas/trsa_lab2_ws/install/trsa_interface/share/trsa_interface/local_setup.bash
[4.702s] -- Installing: /home/tomas/trsa_lab2_ws/install/trsa_interface/share/trsa_interface/local_setup.sh
[4.702s] -- Installing: /home/tomas/trsa_lab2_ws/install/trsa_interface/share/trsa_interface/local_setup.zsh
[4.702s] -- Installing: /home/tomas/trsa_lab2_ws/install/trsa_interface/share/trsa_interface/local_setup.dsv
[4.702s] -- Installing: /home/tomas/trsa_lab2_ws/install/trsa_interface/share/trsa_interface/package.dsv
[4.702s] -- Installing: /home/tomas/trsa_lab2_ws/install/trsa_interface/share/ament_index/resource_index/packages/trsa_interface
[4.702s] -- Installing: /home/tomas/trsa_lab2_ws/install/trsa_interface/share/trsa_interface/cmake/export_trsa_interface__rosidl_generator_cExport.cmake
[4.702s] -- Installing: /home/tomas/trsa_lab2_ws/install/trsa_interface/share/trsa_interface/cmake/export_trsa_interface__rosidl_generator_cExport-noconfig.cmake
[4.702s] -- Installing: /home/tomas/trsa_lab2_ws/install/trsa_interface/share/trsa_interface/cmake/export_trsa_interface__rosidl_typesupport_fastrtps_cExport.cmake
[4.702s] -- Installing: /home/tomas/trsa_lab2_ws/install/trsa_interface/share/trsa_interface/cmake/export_trsa_interface__rosidl_typesupport_fastrtps_cExport-noconfig.cmake
[4.702s] -- Installing: /home/tomas/trsa_lab2_ws/install/trsa_interface/share/trsa_interface/cmake/trsa_interface__rosidl_typesupport_introspection_cExport.cmake
[4.702s] -- Installing: /home/tomas/trsa_lab2_ws/install/trsa_interface/share/trsa_interface/cmake/trsa_interface__rosidl_typesupport_introspection_cExport-noconfig.cmake
[4.702s] -- Installing: /home/tomas/trsa_lab2_ws/install/trsa_interface/share/trsa_interface/cmake/trsa_interface__rosidl_typesupport_cExport.cmake
[4.703s] -- Installing: /home/tomas/trsa_lab2_ws/install/trsa_interface/share/trsa_interface/cmake/trsa_interface__rosidl_typesupport_cExport-noconfig.cmake
[4.703s] -- Installing: /home/tomas/trsa_lab2_ws/install/trsa_interface/share/trsa_interface/cmake/export_trsa_interface__rosidl_generator_cppExport.cmake
[4.703s] -- Installing: /home/tomas/trsa_lab2_ws/install/trsa_interface/share/trsa_interface/cmake/export_trsa_interface__rosidl_typesupport_fastrtps_cppExport.cmake
[4.703s] -- Installing: /home/tomas/trsa_lab2_ws/install/trsa_interface/share/trsa_interface/cmake/export_trsa_interface__rosidl_typesupport_fastrtps_cppExport-noconfig.cmake
[4.703s] -- Installing: /home/tomas/trsa_lab2_ws/install/trsa_interface/share/trsa_interface/cmake/trsa_interface__rosidl_typesupport_introspection_cppExport.cmake
[4.703s] -- Installing: /home/tomas/trsa_lab2_ws/install/trsa_interface/share/trsa_interface/cmake/trsa_interface__rosidl_typesupport_introspection_cppExport-noconfig.cmake
[4.703s] -- Installing: /home/tomas/trsa_lab2_ws/install/trsa_interface/share/trsa_interface/cmake/trsa_interface__rosidl_typesupport_cppExport.cmake
[4.703s] -- Installing: /home/tomas/trsa_lab2_ws/install/trsa_interface/share/trsa_interface/cmake/trsa_interface__rosidl_typesupport_cppExport-noconfig.cmake
[4.703s] -- Installing: /home/tomas/trsa_lab2_ws/install/trsa_interface/share/trsa_interface/cmake/export_trsa_interface__rosidl_generator_pyExport.cmake
[4.703s] -- Installing: /home/tomas/trsa_lab2_ws/install/trsa_interface/share/trsa_interface/cmake/export_trsa_interface__rosidl_generator_pyExport-noconfig.cmake
[4.703s] -- Installing: /home/tomas/trsa_lab2_ws/install/trsa_interface/share/trsa_interface/cmake/rosidl_cmake-extras.cmake
[4.703s] -- Installing: /home/tomas/trsa_lab2_ws/install/trsa_interface/share/trsa_interface/cmake/ament_cmake_export_dependencies-extras.cmake
[4.703s] -- Installing: /home/tomas/trsa_lab2_ws/install/trsa_interface/share/trsa_interface/cmake/ament_cmake_export_include_directories-extras.cmake
[4.703s] -- Installing: /home/tomas/trsa_lab2_ws/install/trsa_interface/share/trsa_interface/cmake/ament_cmake_export_libraries-extras.cmake
[4.703s] -- Installing: /home/tomas/trsa_lab2_ws/install/trsa_interface/share/trsa_interface/cmake/ament_cmake_export_targets-extras.cmake
[4.703s] -- Installing: /home/tomas/trsa_lab2_ws/install/trsa_interface/share/trsa_interface/cmake/rosidl_cmake_export_typesupport_targets-extras.cmake
[4.703s] -- Installing: /home/tomas/trsa_lab2_ws/install/trsa_interface/share/trsa_interface/cmake/rosidl_cmake_export_typesupport_libraries-extras.cmake
[4.703s] -- Installing: /home/tomas/trsa_lab2_ws/install/trsa_interface/share/trsa_interface/cmake/trsa_interfaceConfig.cmake
[4.703s] -- Installing: /home/tomas/trsa_lab2_ws/install/trsa_interface/share/trsa_interface/cmake/trsa_interfaceConfig-version.cmake
[4.704s] -- Installing: /home/tomas/trsa_lab2_ws/install/trsa_interface/share/trsa_interface/package.xml
[4.705s] Invoked command in '/home/tomas/trsa_lab2_ws/build/trsa_interface' returned '0': CMAKE_PREFIX_PATH=${CMAKE_PREFIX_PATH}:/home/tomas/trsa_lab2_ws/install/robot_operator:/opt/ros/humble /usr/bin/cmake --install /home/tomas/trsa_lab2_ws/build/trsa_interface
