running egg_info
creating ../../build/robot_operator/robot_operator.egg-info
writing ../../build/robot_operator/robot_operator.egg-info/PKG-INFO
writing dependency_links to ../../build/robot_operator/robot_operator.egg-info/dependency_links.txt
writing entry points to ../../build/robot_operator/robot_operator.egg-info/entry_points.txt
writing requirements to ../../build/robot_operator/robot_operator.egg-info/requires.txt
writing top-level names to ../../build/robot_operator/robot_operator.egg-info/top_level.txt
writing manifest file '../../build/robot_operator/robot_operator.egg-info/SOURCES.txt'
reading manifest file '../../build/robot_operator/robot_operator.egg-info/SOURCES.txt'
writing manifest file '../../build/robot_operator/robot_operator.egg-info/SOURCES.txt'
running build
running build_py
creating /home/tomas/trsa_lab2_ws/build/robot_operator/build
creating /home/tomas/trsa_lab2_ws/build/robot_operator/build/lib
creating /home/tomas/trsa_lab2_ws/build/robot_operator/build/lib/robot_operator
copying robot_operator/image_recon.py -> /home/tomas/trsa_lab2_ws/build/robot_operator/build/lib/robot_operator
copying robot_operator/record_video.py -> /home/tomas/trsa_lab2_ws/build/robot_operator/build/lib/robot_operator
copying robot_operator/goal_pub_server.py -> /home/tomas/trsa_lab2_ws/build/robot_operator/build/lib/robot_operator
copying robot_operator/__init__.py -> /home/tomas/trsa_lab2_ws/build/robot_operator/build/lib/robot_operator
running install
running install_lib
creating /home/tomas/trsa_lab2_ws/install/robot_operator/lib/python3.10/site-packages/robot_operator
copying /home/tomas/trsa_lab2_ws/build/robot_operator/build/lib/robot_operator/image_recon.py -> /home/tomas/trsa_lab2_ws/install/robot_operator/lib/python3.10/site-packages/robot_operator
copying /home/tomas/trsa_lab2_ws/build/robot_operator/build/lib/robot_operator/record_video.py -> /home/tomas/trsa_lab2_ws/install/robot_operator/lib/python3.10/site-packages/robot_operator
copying /home/tomas/trsa_lab2_ws/build/robot_operator/build/lib/robot_operator/goal_pub_server.py -> /home/tomas/trsa_lab2_ws/install/robot_operator/lib/python3.10/site-packages/robot_operator
copying /home/tomas/trsa_lab2_ws/build/robot_operator/build/lib/robot_operator/__init__.py -> /home/tomas/trsa_lab2_ws/install/robot_operator/lib/python3.10/site-packages/robot_operator
byte-compiling /home/tomas/trsa_lab2_ws/install/robot_operator/lib/python3.10/site-packages/robot_operator/image_recon.py to image_recon.cpython-310.pyc
byte-compiling /home/tomas/trsa_lab2_ws/install/robot_operator/lib/python3.10/site-packages/robot_operator/record_video.py to record_video.cpython-310.pyc
byte-compiling /home/tomas/trsa_lab2_ws/install/robot_operator/lib/python3.10/site-packages/robot_operator/goal_pub_server.py to goal_pub_server.cpython-310.pyc
byte-compiling /home/tomas/trsa_lab2_ws/install/robot_operator/lib/python3.10/site-packages/robot_operator/__init__.py to __init__.cpython-310.pyc
running install_data
creating /home/tomas/trsa_lab2_ws/install/robot_operator/share/ament_index
creating /home/tomas/trsa_lab2_ws/install/robot_operator/share/ament_index/resource_index
creating /home/tomas/trsa_lab2_ws/install/robot_operator/share/ament_index/resource_index/packages
copying resource/robot_operator -> /home/tomas/trsa_lab2_ws/install/robot_operator/share/ament_index/resource_index/packages
copying package.xml -> /home/tomas/trsa_lab2_ws/install/robot_operator/share/robot_operator
copying launch/op_launch.py -> /home/tomas/trsa_lab2_ws/install/robot_operator/share/robot_operator
running install_egg_info
Copying ../../build/robot_operator/robot_operator.egg-info to /home/tomas/trsa_lab2_ws/install/robot_operator/lib/python3.10/site-packages/robot_operator-0.0.0-py3.10.egg-info
running install_scripts
Installing goal_pub_server script to /home/tomas/trsa_lab2_ws/install/robot_operator/lib/robot_operator
Installing image_recon script to /home/tomas/trsa_lab2_ws/install/robot_operator/lib/robot_operator
Installing record_video script to /home/tomas/trsa_lab2_ws/install/robot_operator/lib/robot_operator
writing list of installed files to '/home/tomas/trsa_lab2_ws/build/robot_operator/install.log'
