-- Install configuration: ""
-- Up-to-date: /home/tomas/trsa_lab2_ws/install/sam_bot_description/share/sam_bot_description/src
-- Up-to-date: /home/tomas/trsa_lab2_ws/install/sam_bot_description/share/sam_bot_description/launch
-- Installing: /home/tomas/trsa_lab2_ws/install/sam_bot_description/share/sam_bot_description/launch/display.launch.py
-- Up-to-date: /home/tomas/trsa_lab2_ws/install/sam_bot_description/share/sam_bot_description/launch/localization_launch.py
-- Up-to-date: /home/tomas/trsa_lab2_ws/install/sam_bot_description/share/sam_bot_description/launch/navigation_launch.py
-- Up-to-date: /home/tomas/trsa_lab2_ws/install/sam_bot_description/share/sam_bot_description/rviz
-- Up-to-date: /home/tomas/trsa_lab2_ws/install/sam_bot_description/share/sam_bot_description/rviz/urdf_config.rviz
-- Up-to-date: /home/tomas/trsa_lab2_ws/install/sam_bot_description/share/sam_bot_description/description
-- Up-to-date: /home/tomas/trsa_lab2_ws/install/sam_bot_description/share/sam_bot_description/description/sam_bot_description.urdf
-- Up-to-date: /home/tomas/trsa_lab2_ws/install/sam_bot_description/share/sam_bot_description/config
-- Up-to-date: /home/tomas/trsa_lab2_ws/install/sam_bot_description/share/sam_bot_description/config/nav2_params.yaml
-- Up-to-date: /home/tomas/trsa_lab2_ws/install/sam_bot_description/share/sam_bot_description/config/ekf.yaml
-- Up-to-date: /home/tomas/trsa_lab2_ws/install/sam_bot_description/share/sam_bot_description/config/old_params.yaml
-- Up-to-date: /home/tomas/trsa_lab2_ws/install/sam_bot_description/share/sam_bot_description/world
-- Up-to-date: /home/tomas/trsa_lab2_ws/install/sam_bot_description/share/sam_bot_description/world/trsa_two_rooms.world
-- Up-to-date: /home/tomas/trsa_lab2_ws/install/sam_bot_description/share/sam_bot_description/maps
-- Up-to-date: /home/tomas/trsa_lab2_ws/install/sam_bot_description/share/sam_bot_description/maps/two_rooms_map.yaml
-- Up-to-date: /home/tomas/trsa_lab2_ws/install/sam_bot_description/share/sam_bot_description/maps/two_rooms_map.pgm
-- Up-to-date: /home/tomas/trsa_lab2_ws/install/sam_bot_description/share/sam_bot_description/maps/two_rooms_map_old.pgm
-- Up-to-date: /home/tomas/trsa_lab2_ws/install/sam_bot_description/share/ament_index/resource_index/package_run_dependencies/sam_bot_description
-- Up-to-date: /home/tomas/trsa_lab2_ws/install/sam_bot_description/share/ament_index/resource_index/parent_prefix_path/sam_bot_description
-- Up-to-date: /home/tomas/trsa_lab2_ws/install/sam_bot_description/share/sam_bot_description/environment/ament_prefix_path.sh
-- Up-to-date: /home/tomas/trsa_lab2_ws/install/sam_bot_description/share/sam_bot_description/environment/ament_prefix_path.dsv
-- Up-to-date: /home/tomas/trsa_lab2_ws/install/sam_bot_description/share/sam_bot_description/environment/path.sh
-- Up-to-date: /home/tomas/trsa_lab2_ws/install/sam_bot_description/share/sam_bot_description/environment/path.dsv
-- Up-to-date: /home/tomas/trsa_lab2_ws/install/sam_bot_description/share/sam_bot_description/local_setup.bash
-- Up-to-date: /home/tomas/trsa_lab2_ws/install/sam_bot_description/share/sam_bot_description/local_setup.sh
-- Up-to-date: /home/tomas/trsa_lab2_ws/install/sam_bot_description/share/sam_bot_description/local_setup.zsh
-- Up-to-date: /home/tomas/trsa_lab2_ws/install/sam_bot_description/share/sam_bot_description/local_setup.dsv
-- Installing: /home/tomas/trsa_lab2_ws/install/sam_bot_description/share/sam_bot_description/package.dsv
-- Up-to-date: /home/tomas/trsa_lab2_ws/install/sam_bot_description/share/ament_index/resource_index/packages/sam_bot_description
-- Up-to-date: /home/tomas/trsa_lab2_ws/install/sam_bot_description/share/sam_bot_description/cmake/sam_bot_descriptionConfig.cmake
-- Up-to-date: /home/tomas/trsa_lab2_ws/install/sam_bot_description/share/sam_bot_description/cmake/sam_bot_descriptionConfig-version.cmake
-- Up-to-date: /home/tomas/trsa_lab2_ws/install/sam_bot_description/share/sam_bot_description/package.xml
