[0.064s] DEBUG:colcon:Command line arguments: ['/usr/bin/colcon', 'build']
[0.064s] DEBUG:colcon:Parsed command line arguments: Namespace(log_base=None, log_level=None, verb_name='build', build_base='build', install_base='install', merge_install=False, symlink_install=False, test_result_base=None, continue_on_error=False, executor='parallel', parallel_workers=20, event_handlers=None, ignore_user_meta=False, metas=['./colcon.meta'], base_paths=['.'], packages_ignore=None, packages_ignore_regex=None, paths=None, packages_up_to=None, packages_up_to_regex=None, packages_above=None, packages_above_and_dependencies=None, packages_above_depth=None, packages_select_by_dep=None, packages_skip_by_dep=None, packages_skip_up_to=None, packages_select_build_failed=False, packages_skip_build_finished=False, packages_select_test_failures=False, packages_skip_test_passed=False, packages_select=None, packages_skip=None, packages_select_regex=None, packages_skip_regex=None, packages_start=None, packages_end=None, allow_overriding=[], cmake_args=None, cmake_target=None, cmake_target_skip_unavailable=False, cmake_clean_cache=False, cmake_clean_first=False, cmake_force_configure=False, ament_cmake_args=None, catkin_cmake_args=None, catkin_skip_building_tests=False, verb_parser=<colcon_defaults.argument_parser.defaults.DefaultArgumentsDecorator object at 0x7fb6f9551000>, verb_extension=<colcon_core.verb.build.BuildVerb object at 0x7fb6f9550460>, main=<bound method BuildVerb.main of <colcon_core.verb.build.BuildVerb object at 0x7fb6f9550460>>)
[0.172s] Level 1:colcon.colcon_core.package_discovery:discover_packages(colcon_meta) check parameters
[0.172s] Level 1:colcon.colcon_core.package_discovery:discover_packages(recursive) check parameters
[0.172s] Level 1:colcon.colcon_core.package_discovery:discover_packages(ignore) check parameters
[0.172s] Level 1:colcon.colcon_core.package_discovery:discover_packages(path) check parameters
[0.172s] Level 1:colcon.colcon_core.package_discovery:discover_packages(colcon_meta) discover
[0.172s] Level 1:colcon.colcon_core.package_discovery:discover_packages(recursive) discover
[0.172s] INFO:colcon.colcon_core.package_discovery:Crawling recursively for packages in '/home/tomas/trsa_lab2_ws'
[0.172s] Level 1:colcon.colcon_core.package_identification:_identify(.) by extensions ['ignore', 'ignore_ament_install']
[0.172s] Level 1:colcon.colcon_core.package_identification:_identify(.) by extension 'ignore'
[0.172s] Level 1:colcon.colcon_core.package_identification:_identify(.) by extension 'ignore_ament_install'
[0.172s] Level 1:colcon.colcon_core.package_identification:_identify(.) by extensions ['colcon_pkg']
[0.172s] Level 1:colcon.colcon_core.package_identification:_identify(.) by extension 'colcon_pkg'
[0.172s] Level 1:colcon.colcon_core.package_identification:_identify(.) by extensions ['colcon_meta']
[0.172s] Level 1:colcon.colcon_core.package_identification:_identify(.) by extension 'colcon_meta'
[0.172s] Level 1:colcon.colcon_core.package_identification:_identify(.) by extensions ['ros']
[0.172s] Level 1:colcon.colcon_core.package_identification:_identify(.) by extension 'ros'
[0.179s] Level 1:colcon.colcon_core.package_identification:_identify(.) by extensions ['cmake', 'python']
[0.179s] Level 1:colcon.colcon_core.package_identification:_identify(.) by extension 'cmake'
[0.179s] Level 1:colcon.colcon_core.package_identification:_identify(.) by extension 'python'
[0.179s] Level 1:colcon.colcon_core.package_identification:_identify(.) by extensions ['python_setup_py']
[0.179s] Level 1:colcon.colcon_core.package_identification:_identify(.) by extension 'python_setup_py'
[0.179s] Level 1:colcon.colcon_core.package_identification:_identify(build) by extensions ['ignore', 'ignore_ament_install']
[0.179s] Level 1:colcon.colcon_core.package_identification:_identify(build) by extension 'ignore'
[0.179s] Level 1:colcon.colcon_core.package_identification:_identify(build) ignored
[0.180s] Level 1:colcon.colcon_core.package_identification:_identify(install) by extensions ['ignore', 'ignore_ament_install']
[0.180s] Level 1:colcon.colcon_core.package_identification:_identify(install) by extension 'ignore'
[0.180s] Level 1:colcon.colcon_core.package_identification:_identify(install) ignored
[0.180s] Level 1:colcon.colcon_core.package_identification:_identify(log) by extensions ['ignore', 'ignore_ament_install']
[0.180s] Level 1:colcon.colcon_core.package_identification:_identify(log) by extension 'ignore'
[0.180s] Level 1:colcon.colcon_core.package_identification:_identify(log) ignored
[0.180s] Level 1:colcon.colcon_core.package_identification:_identify(src) by extensions ['ignore', 'ignore_ament_install']
[0.180s] Level 1:colcon.colcon_core.package_identification:_identify(src) by extension 'ignore'
[0.180s] Level 1:colcon.colcon_core.package_identification:_identify(src) by extension 'ignore_ament_install'
[0.180s] Level 1:colcon.colcon_core.package_identification:_identify(src) by extensions ['colcon_pkg']
[0.180s] Level 1:colcon.colcon_core.package_identification:_identify(src) by extension 'colcon_pkg'
[0.180s] Level 1:colcon.colcon_core.package_identification:_identify(src) by extensions ['colcon_meta']
[0.180s] Level 1:colcon.colcon_core.package_identification:_identify(src) by extension 'colcon_meta'
[0.180s] Level 1:colcon.colcon_core.package_identification:_identify(src) by extensions ['ros']
[0.180s] Level 1:colcon.colcon_core.package_identification:_identify(src) by extension 'ros'
[0.180s] Level 1:colcon.colcon_core.package_identification:_identify(src) by extensions ['cmake', 'python']
[0.180s] Level 1:colcon.colcon_core.package_identification:_identify(src) by extension 'cmake'
[0.180s] Level 1:colcon.colcon_core.package_identification:_identify(src) by extension 'python'
[0.180s] Level 1:colcon.colcon_core.package_identification:_identify(src) by extensions ['python_setup_py']
[0.180s] Level 1:colcon.colcon_core.package_identification:_identify(src) by extension 'python_setup_py'
[0.180s] Level 1:colcon.colcon_core.package_identification:_identify(src/robot_operator) by extensions ['ignore', 'ignore_ament_install']
[0.180s] Level 1:colcon.colcon_core.package_identification:_identify(src/robot_operator) by extension 'ignore'
[0.180s] Level 1:colcon.colcon_core.package_identification:_identify(src/robot_operator) by extension 'ignore_ament_install'
[0.180s] Level 1:colcon.colcon_core.package_identification:_identify(src/robot_operator) by extensions ['colcon_pkg']
[0.180s] Level 1:colcon.colcon_core.package_identification:_identify(src/robot_operator) by extension 'colcon_pkg'
[0.180s] Level 1:colcon.colcon_core.package_identification:_identify(src/robot_operator) by extensions ['colcon_meta']
[0.180s] Level 1:colcon.colcon_core.package_identification:_identify(src/robot_operator) by extension 'colcon_meta'
[0.180s] Level 1:colcon.colcon_core.package_identification:_identify(src/robot_operator) by extensions ['ros']
[0.180s] Level 1:colcon.colcon_core.package_identification:_identify(src/robot_operator) by extension 'ros'
[0.182s] DEBUG:colcon.colcon_core.package_identification:Package 'src/robot_operator' with type 'ros.ament_python' and name 'robot_operator'
[0.183s] Level 1:colcon.colcon_core.package_identification:_identify(src/sam_bot_description) by extensions ['ignore', 'ignore_ament_install']
[0.183s] Level 1:colcon.colcon_core.package_identification:_identify(src/sam_bot_description) by extension 'ignore'
[0.183s] Level 1:colcon.colcon_core.package_identification:_identify(src/sam_bot_description) by extension 'ignore_ament_install'
[0.183s] Level 1:colcon.colcon_core.package_identification:_identify(src/sam_bot_description) by extensions ['colcon_pkg']
[0.183s] Level 1:colcon.colcon_core.package_identification:_identify(src/sam_bot_description) by extension 'colcon_pkg'
[0.183s] Level 1:colcon.colcon_core.package_identification:_identify(src/sam_bot_description) by extensions ['colcon_meta']
[0.183s] Level 1:colcon.colcon_core.package_identification:_identify(src/sam_bot_description) by extension 'colcon_meta'
[0.183s] Level 1:colcon.colcon_core.package_identification:_identify(src/sam_bot_description) by extensions ['ros']
[0.183s] Level 1:colcon.colcon_core.package_identification:_identify(src/sam_bot_description) by extension 'ros'
[0.183s] DEBUG:colcon.colcon_core.package_identification:Package 'src/sam_bot_description' with type 'ros.ament_cmake' and name 'sam_bot_description'
[0.183s] Level 1:colcon.colcon_core.package_identification:_identify(src/trsa_interface) by extensions ['ignore', 'ignore_ament_install']
[0.183s] Level 1:colcon.colcon_core.package_identification:_identify(src/trsa_interface) by extension 'ignore'
[0.183s] Level 1:colcon.colcon_core.package_identification:_identify(src/trsa_interface) by extension 'ignore_ament_install'
[0.183s] Level 1:colcon.colcon_core.package_identification:_identify(src/trsa_interface) by extensions ['colcon_pkg']
[0.183s] Level 1:colcon.colcon_core.package_identification:_identify(src/trsa_interface) by extension 'colcon_pkg'
[0.183s] Level 1:colcon.colcon_core.package_identification:_identify(src/trsa_interface) by extensions ['colcon_meta']
[0.183s] Level 1:colcon.colcon_core.package_identification:_identify(src/trsa_interface) by extension 'colcon_meta'
[0.184s] Level 1:colcon.colcon_core.package_identification:_identify(src/trsa_interface) by extensions ['ros']
[0.184s] Level 1:colcon.colcon_core.package_identification:_identify(src/trsa_interface) by extension 'ros'
[0.184s] DEBUG:colcon.colcon_core.package_identification:Package 'src/trsa_interface' with type 'ros.ament_cmake' and name 'trsa_interface'
[0.184s] Level 1:colcon.colcon_core.package_identification:_identify(training_imagesV1) by extensions ['ignore', 'ignore_ament_install']
[0.184s] Level 1:colcon.colcon_core.package_identification:_identify(training_imagesV1) by extension 'ignore'
[0.184s] Level 1:colcon.colcon_core.package_identification:_identify(training_imagesV1) by extension 'ignore_ament_install'
[0.184s] Level 1:colcon.colcon_core.package_identification:_identify(training_imagesV1) by extensions ['colcon_pkg']
[0.184s] Level 1:colcon.colcon_core.package_identification:_identify(training_imagesV1) by extension 'colcon_pkg'
[0.184s] Level 1:colcon.colcon_core.package_identification:_identify(training_imagesV1) by extensions ['colcon_meta']
[0.184s] Level 1:colcon.colcon_core.package_identification:_identify(training_imagesV1) by extension 'colcon_meta'
[0.184s] Level 1:colcon.colcon_core.package_identification:_identify(training_imagesV1) by extensions ['ros']
[0.184s] Level 1:colcon.colcon_core.package_identification:_identify(training_imagesV1) by extension 'ros'
[0.184s] Level 1:colcon.colcon_core.package_identification:_identify(training_imagesV1) by extensions ['cmake', 'python']
[0.184s] Level 1:colcon.colcon_core.package_identification:_identify(training_imagesV1) by extension 'cmake'
[0.184s] Level 1:colcon.colcon_core.package_identification:_identify(training_imagesV1) by extension 'python'
[0.184s] Level 1:colcon.colcon_core.package_identification:_identify(training_imagesV1) by extensions ['python_setup_py']
[0.185s] Level 1:colcon.colcon_core.package_identification:_identify(training_imagesV1) by extension 'python_setup_py'
[0.185s] Level 1:colcon.colcon_core.package_discovery:discover_packages(recursive) using defaults
[0.185s] Level 1:colcon.colcon_core.package_discovery:discover_packages(ignore) discover
[0.185s] Level 1:colcon.colcon_core.package_discovery:discover_packages(ignore) using defaults
[0.185s] Level 1:colcon.colcon_core.package_discovery:discover_packages(path) discover
[0.185s] Level 1:colcon.colcon_core.package_discovery:discover_packages(path) using defaults
[0.203s] Level 1:colcon.colcon_core.package_discovery:discover_packages(prefix_path) check parameters
[0.203s] Level 1:colcon.colcon_core.package_discovery:discover_packages(prefix_path) discover
[0.204s] DEBUG:colcon.colcon_installed_package_information.package_discovery:Found 3 installed packages in /home/tomas/trsa_lab2_ws/install
[0.204s] DEBUG:colcon.colcon_installed_package_information.package_discovery:Found 326 installed packages in /opt/ros/humble
[0.205s] Level 1:colcon.colcon_core.package_discovery:discover_packages(prefix_path) using defaults
[0.229s] Level 5:colcon.colcon_core.verb:set package 'robot_operator' build argument 'cmake_args' from command line to 'None'
[0.229s] Level 5:colcon.colcon_core.verb:set package 'robot_operator' build argument 'cmake_target' from command line to 'None'
[0.229s] Level 5:colcon.colcon_core.verb:set package 'robot_operator' build argument 'cmake_target_skip_unavailable' from command line to 'False'
[0.230s] Level 5:colcon.colcon_core.verb:set package 'robot_operator' build argument 'cmake_clean_cache' from command line to 'False'
[0.230s] Level 5:colcon.colcon_core.verb:set package 'robot_operator' build argument 'cmake_clean_first' from command line to 'False'
[0.230s] Level 5:colcon.colcon_core.verb:set package 'robot_operator' build argument 'cmake_force_configure' from command line to 'False'
[0.230s] Level 5:colcon.colcon_core.verb:set package 'robot_operator' build argument 'ament_cmake_args' from command line to 'None'
[0.230s] Level 5:colcon.colcon_core.verb:set package 'robot_operator' build argument 'catkin_cmake_args' from command line to 'None'
[0.230s] Level 5:colcon.colcon_core.verb:set package 'robot_operator' build argument 'catkin_skip_building_tests' from command line to 'False'
[0.230s] DEBUG:colcon.colcon_core.verb:Building package 'robot_operator' with the following arguments: {'ament_cmake_args': None, 'build_base': '/home/tomas/trsa_lab2_ws/build/robot_operator', 'catkin_cmake_args': None, 'catkin_skip_building_tests': False, 'cmake_args': None, 'cmake_clean_cache': False, 'cmake_clean_first': False, 'cmake_force_configure': False, 'cmake_target': None, 'cmake_target_skip_unavailable': False, 'install_base': '/home/tomas/trsa_lab2_ws/install/robot_operator', 'merge_install': False, 'path': '/home/tomas/trsa_lab2_ws/src/robot_operator', 'symlink_install': False, 'test_result_base': None}
[0.230s] Level 5:colcon.colcon_core.verb:set package 'sam_bot_description' build argument 'cmake_args' from command line to 'None'
[0.230s] Level 5:colcon.colcon_core.verb:set package 'sam_bot_description' build argument 'cmake_target' from command line to 'None'
[0.230s] Level 5:colcon.colcon_core.verb:set package 'sam_bot_description' build argument 'cmake_target_skip_unavailable' from command line to 'False'
[0.230s] Level 5:colcon.colcon_core.verb:set package 'sam_bot_description' build argument 'cmake_clean_cache' from command line to 'False'
[0.230s] Level 5:colcon.colcon_core.verb:set package 'sam_bot_description' build argument 'cmake_clean_first' from command line to 'False'
[0.230s] Level 5:colcon.colcon_core.verb:set package 'sam_bot_description' build argument 'cmake_force_configure' from command line to 'False'
[0.230s] Level 5:colcon.colcon_core.verb:set package 'sam_bot_description' build argument 'ament_cmake_args' from command line to 'None'
[0.230s] Level 5:colcon.colcon_core.verb:set package 'sam_bot_description' build argument 'catkin_cmake_args' from command line to 'None'
[0.230s] Level 5:colcon.colcon_core.verb:set package 'sam_bot_description' build argument 'catkin_skip_building_tests' from command line to 'False'
[0.230s] DEBUG:colcon.colcon_core.verb:Building package 'sam_bot_description' with the following arguments: {'ament_cmake_args': None, 'build_base': '/home/tomas/trsa_lab2_ws/build/sam_bot_description', 'catkin_cmake_args': None, 'catkin_skip_building_tests': False, 'cmake_args': None, 'cmake_clean_cache': False, 'cmake_clean_first': False, 'cmake_force_configure': False, 'cmake_target': None, 'cmake_target_skip_unavailable': False, 'install_base': '/home/tomas/trsa_lab2_ws/install/sam_bot_description', 'merge_install': False, 'path': '/home/tomas/trsa_lab2_ws/src/sam_bot_description', 'symlink_install': False, 'test_result_base': None}
[0.230s] Level 5:colcon.colcon_core.verb:set package 'trsa_interface' build argument 'cmake_args' from command line to 'None'
[0.230s] Level 5:colcon.colcon_core.verb:set package 'trsa_interface' build argument 'cmake_target' from command line to 'None'
[0.230s] Level 5:colcon.colcon_core.verb:set package 'trsa_interface' build argument 'cmake_target_skip_unavailable' from command line to 'False'
[0.230s] Level 5:colcon.colcon_core.verb:set package 'trsa_interface' build argument 'cmake_clean_cache' from command line to 'False'
[0.230s] Level 5:colcon.colcon_core.verb:set package 'trsa_interface' build argument 'cmake_clean_first' from command line to 'False'
[0.230s] Level 5:colcon.colcon_core.verb:set package 'trsa_interface' build argument 'cmake_force_configure' from command line to 'False'
[0.230s] Level 5:colcon.colcon_core.verb:set package 'trsa_interface' build argument 'ament_cmake_args' from command line to 'None'
[0.230s] Level 5:colcon.colcon_core.verb:set package 'trsa_interface' build argument 'catkin_cmake_args' from command line to 'None'
[0.230s] Level 5:colcon.colcon_core.verb:set package 'trsa_interface' build argument 'catkin_skip_building_tests' from command line to 'False'
[0.230s] DEBUG:colcon.colcon_core.verb:Building package 'trsa_interface' with the following arguments: {'ament_cmake_args': None, 'build_base': '/home/tomas/trsa_lab2_ws/build/trsa_interface', 'catkin_cmake_args': None, 'catkin_skip_building_tests': False, 'cmake_args': None, 'cmake_clean_cache': False, 'cmake_clean_first': False, 'cmake_force_configure': False, 'cmake_target': None, 'cmake_target_skip_unavailable': False, 'install_base': '/home/tomas/trsa_lab2_ws/install/trsa_interface', 'merge_install': False, 'path': '/home/tomas/trsa_lab2_ws/src/trsa_interface', 'symlink_install': False, 'test_result_base': None}
[0.230s] INFO:colcon.colcon_core.executor:Executing jobs using 'parallel' executor
[0.231s] DEBUG:colcon.colcon_parallel_executor.executor.parallel:run_until_complete
[0.231s] INFO:colcon.colcon_ros.task.ament_python.build:Building ROS package in '/home/tomas/trsa_lab2_ws/src/robot_operator' with build type 'ament_python'
[0.231s] Level 1:colcon.colcon_core.shell:create_environment_hook('robot_operator', 'ament_prefix_path')
[0.233s] INFO:colcon.colcon_core.plugin_system:Skipping extension 'colcon_core.shell.bat': Not used on non-Windows systems
[0.233s] INFO:colcon.colcon_core.shell:Creating environment hook '/home/tomas/trsa_lab2_ws/install/robot_operator/share/robot_operator/hook/ament_prefix_path.ps1'
[0.233s] INFO:colcon.colcon_core.shell:Creating environment descriptor '/home/tomas/trsa_lab2_ws/install/robot_operator/share/robot_operator/hook/ament_prefix_path.dsv'
[0.234s] INFO:colcon.colcon_core.shell:Creating environment hook '/home/tomas/trsa_lab2_ws/install/robot_operator/share/robot_operator/hook/ament_prefix_path.sh'
[0.235s] INFO:colcon.colcon_core.shell:Skip shell extension 'powershell' for command environment: Not usable outside of PowerShell
[0.235s] DEBUG:colcon.colcon_core.shell:Skip shell extension 'dsv' for command environment
[0.238s] INFO:colcon.colcon_ros.task.ament_cmake.build:Building ROS package in '/home/tomas/trsa_lab2_ws/src/sam_bot_description' with build type 'ament_cmake'
[0.238s] INFO:colcon.colcon_cmake.task.cmake.build:Building CMake package in '/home/tomas/trsa_lab2_ws/src/sam_bot_description'
[0.238s] INFO:colcon.colcon_core.shell:Skip shell extension 'powershell' for command environment: Not usable outside of PowerShell
[0.238s] DEBUG:colcon.colcon_core.shell:Skip shell extension 'dsv' for command environment
[0.240s] INFO:colcon.colcon_ros.task.ament_cmake.build:Building ROS package in '/home/tomas/trsa_lab2_ws/src/trsa_interface' with build type 'ament_cmake'
[0.240s] INFO:colcon.colcon_cmake.task.cmake.build:Building CMake package in '/home/tomas/trsa_lab2_ws/src/trsa_interface'
[0.240s] INFO:colcon.colcon_core.shell:Skip shell extension 'powershell' for command environment: Not usable outside of PowerShell
[0.240s] DEBUG:colcon.colcon_core.shell:Skip shell extension 'dsv' for command environment
[0.421s] INFO:colcon.colcon_core.task.python.build:Building Python package in '/home/tomas/trsa_lab2_ws/src/robot_operator'
[0.421s] INFO:colcon.colcon_core.shell:Skip shell extension 'powershell' for command environment: Not usable outside of PowerShell
[0.421s] DEBUG:colcon.colcon_core.shell:Skip shell extension 'dsv' for command environment
[0.426s] DEBUG:colcon.colcon_core.event_handler.log_command:Invoking command in '/home/tomas/trsa_lab2_ws/build/sam_bot_description': CMAKE_PREFIX_PATH=${CMAKE_PREFIX_PATH}:/home/tomas/trsa_lab2_ws/install/robot_operator:/opt/ros/humble /usr/bin/cmake --build /home/tomas/trsa_lab2_ws/build/sam_bot_description -- -j20 -l20
[0.429s] DEBUG:colcon.colcon_core.event_handler.log_command:Invoking command in '/home/tomas/trsa_lab2_ws/build/trsa_interface': CMAKE_PREFIX_PATH=${CMAKE_PREFIX_PATH}:/home/tomas/trsa_lab2_ws/install/robot_operator:/opt/ros/humble /usr/bin/cmake --build /home/tomas/trsa_lab2_ws/build/trsa_interface -- -j20 -l20
[0.465s] DEBUG:colcon.colcon_core.event_handler.log_command:Invoked command in '/home/tomas/trsa_lab2_ws/build/sam_bot_description' returned '0': CMAKE_PREFIX_PATH=${CMAKE_PREFIX_PATH}:/home/tomas/trsa_lab2_ws/install/robot_operator:/opt/ros/humble /usr/bin/cmake --build /home/tomas/trsa_lab2_ws/build/sam_bot_description -- -j20 -l20
[0.490s] DEBUG:colcon.colcon_core.event_handler.log_command:Invoking command in '/home/tomas/trsa_lab2_ws/build/sam_bot_description': CMAKE_PREFIX_PATH=${CMAKE_PREFIX_PATH}:/home/tomas/trsa_lab2_ws/install/robot_operator:/opt/ros/humble /usr/bin/cmake --install /home/tomas/trsa_lab2_ws/build/sam_bot_description
[0.496s] Level 1:colcon.colcon_core.environment:create_environment_scripts_only(sam_bot_description)
[0.496s] DEBUG:colcon.colcon_core.event_handler.log_command:Invoked command in '/home/tomas/trsa_lab2_ws/build/sam_bot_description' returned '0': CMAKE_PREFIX_PATH=${CMAKE_PREFIX_PATH}:/home/tomas/trsa_lab2_ws/install/robot_operator:/opt/ros/humble /usr/bin/cmake --install /home/tomas/trsa_lab2_ws/build/sam_bot_description
[0.499s] Level 1:colcon.colcon_core.environment:checking '/home/tomas/trsa_lab2_ws/install/sam_bot_description' for CMake module files
[0.500s] Level 1:colcon.colcon_core.environment:checking '/home/tomas/trsa_lab2_ws/install/sam_bot_description' for CMake config files
[0.500s] Level 1:colcon.colcon_core.shell:create_environment_hook('sam_bot_description', 'cmake_prefix_path')
[0.500s] INFO:colcon.colcon_core.shell:Creating environment hook '/home/tomas/trsa_lab2_ws/install/sam_bot_description/share/sam_bot_description/hook/cmake_prefix_path.ps1'
[0.501s] INFO:colcon.colcon_core.shell:Creating environment descriptor '/home/tomas/trsa_lab2_ws/install/sam_bot_description/share/sam_bot_description/hook/cmake_prefix_path.dsv'
[0.503s] INFO:colcon.colcon_core.shell:Creating environment hook '/home/tomas/trsa_lab2_ws/install/sam_bot_description/share/sam_bot_description/hook/cmake_prefix_path.sh'
[0.504s] Level 1:colcon.colcon_core.environment:checking '/home/tomas/trsa_lab2_ws/install/sam_bot_description/bin'
[0.504s] Level 1:colcon.colcon_core.environment:checking '/home/tomas/trsa_lab2_ws/install/sam_bot_description/lib/pkgconfig/sam_bot_description.pc'
[0.504s] Level 1:colcon.colcon_core.environment:checking '/home/tomas/trsa_lab2_ws/install/sam_bot_description/lib/python3.10/site-packages'
[0.504s] Level 1:colcon.colcon_core.environment:checking '/home/tomas/trsa_lab2_ws/install/sam_bot_description/bin'
[0.505s] INFO:colcon.colcon_core.shell:Creating package script '/home/tomas/trsa_lab2_ws/install/sam_bot_description/share/sam_bot_description/package.ps1'
[0.505s] INFO:colcon.colcon_core.shell:Creating package descriptor '/home/tomas/trsa_lab2_ws/install/sam_bot_description/share/sam_bot_description/package.dsv'
[0.507s] INFO:colcon.colcon_core.shell:Creating package script '/home/tomas/trsa_lab2_ws/install/sam_bot_description/share/sam_bot_description/package.sh'
[0.508s] INFO:colcon.colcon_core.shell:Creating package script '/home/tomas/trsa_lab2_ws/install/sam_bot_description/share/sam_bot_description/package.bash'
[0.510s] INFO:colcon.colcon_core.shell:Creating package script '/home/tomas/trsa_lab2_ws/install/sam_bot_description/share/sam_bot_description/package.zsh'
[0.511s] Level 1:colcon.colcon_core.environment:create_file_with_runtime_dependencies(/home/tomas/trsa_lab2_ws/install/sam_bot_description/share/colcon-core/packages/sam_bot_description)
[0.530s] Level 1:colcon.colcon_core.environment:create_environment_scripts_only(sam_bot_description)
[0.530s] Level 1:colcon.colcon_core.environment:checking '/home/tomas/trsa_lab2_ws/install/sam_bot_description' for CMake module files
[0.530s] Level 1:colcon.colcon_core.environment:checking '/home/tomas/trsa_lab2_ws/install/sam_bot_description' for CMake config files
[0.530s] Level 1:colcon.colcon_core.shell:create_environment_hook('sam_bot_description', 'cmake_prefix_path')
[0.530s] INFO:colcon.colcon_core.shell:Creating environment hook '/home/tomas/trsa_lab2_ws/install/sam_bot_description/share/sam_bot_description/hook/cmake_prefix_path.ps1'
[0.531s] INFO:colcon.colcon_core.shell:Creating environment descriptor '/home/tomas/trsa_lab2_ws/install/sam_bot_description/share/sam_bot_description/hook/cmake_prefix_path.dsv'
[0.532s] INFO:colcon.colcon_core.shell:Creating environment hook '/home/tomas/trsa_lab2_ws/install/sam_bot_description/share/sam_bot_description/hook/cmake_prefix_path.sh'
[0.533s] Level 1:colcon.colcon_core.environment:checking '/home/tomas/trsa_lab2_ws/install/sam_bot_description/bin'
[0.533s] Level 1:colcon.colcon_core.environment:checking '/home/tomas/trsa_lab2_ws/install/sam_bot_description/lib/pkgconfig/sam_bot_description.pc'
[0.533s] Level 1:colcon.colcon_core.environment:checking '/home/tomas/trsa_lab2_ws/install/sam_bot_description/lib/python3.10/site-packages'
[0.533s] Level 1:colcon.colcon_core.environment:checking '/home/tomas/trsa_lab2_ws/install/sam_bot_description/bin'
[0.533s] INFO:colcon.colcon_core.shell:Creating package script '/home/tomas/trsa_lab2_ws/install/sam_bot_description/share/sam_bot_description/package.ps1'
[0.534s] INFO:colcon.colcon_core.shell:Creating package descriptor '/home/tomas/trsa_lab2_ws/install/sam_bot_description/share/sam_bot_description/package.dsv'
[0.536s] INFO:colcon.colcon_core.shell:Creating package script '/home/tomas/trsa_lab2_ws/install/sam_bot_description/share/sam_bot_description/package.sh'
[0.537s] INFO:colcon.colcon_core.shell:Creating package script '/home/tomas/trsa_lab2_ws/install/sam_bot_description/share/sam_bot_description/package.bash'
[0.538s] INFO:colcon.colcon_core.shell:Creating package script '/home/tomas/trsa_lab2_ws/install/sam_bot_description/share/sam_bot_description/package.zsh'
[0.539s] Level 1:colcon.colcon_core.environment:create_file_with_runtime_dependencies(/home/tomas/trsa_lab2_ws/install/sam_bot_description/share/colcon-core/packages/sam_bot_description)
[0.652s] DEBUG:colcon.colcon_core.event_handler.log_command:Invoking command in '/home/tomas/trsa_lab2_ws/src/robot_operator': PYTHONPATH=/home/tomas/trsa_lab2_ws/build/robot_operator/prefix_override:/usr/lib/python3/dist-packages/colcon_core/task/python/colcon_distutils_commands:/home/tomas/trsa_lab2_ws/install/robot_operator/lib/python3.10/site-packages:${PYTHONPATH} /usr/bin/python3 -W ignore:setup.py install is deprecated setup.py egg_info --egg-base ../../build/robot_operator build --build-base /home/tomas/trsa_lab2_ws/build/robot_operator/build install --record /home/tomas/trsa_lab2_ws/build/robot_operator/install.log --single-version-externally-managed install_data
[0.672s] DEBUG:colcon.colcon_core.event_handler.log_command:Invoked command in '/home/tomas/trsa_lab2_ws/build/trsa_interface' returned '0': CMAKE_PREFIX_PATH=${CMAKE_PREFIX_PATH}:/home/tomas/trsa_lab2_ws/install/robot_operator:/opt/ros/humble /usr/bin/cmake --build /home/tomas/trsa_lab2_ws/build/trsa_interface -- -j20 -l20
[0.729s] DEBUG:colcon.colcon_core.event_handler.log_command:Invoking command in '/home/tomas/trsa_lab2_ws/build/trsa_interface': CMAKE_PREFIX_PATH=${CMAKE_PREFIX_PATH}:/home/tomas/trsa_lab2_ws/install/robot_operator:/opt/ros/humble /usr/bin/cmake --install /home/tomas/trsa_lab2_ws/build/trsa_interface
[0.769s] Level 1:colcon.colcon_core.environment:create_environment_scripts_only(trsa_interface)
[0.769s] DEBUG:colcon.colcon_core.event_handler.log_command:Invoked command in '/home/tomas/trsa_lab2_ws/build/trsa_interface' returned '0': CMAKE_PREFIX_PATH=${CMAKE_PREFIX_PATH}:/home/tomas/trsa_lab2_ws/install/robot_operator:/opt/ros/humble /usr/bin/cmake --install /home/tomas/trsa_lab2_ws/build/trsa_interface
[0.769s] Level 1:colcon.colcon_core.environment:checking '/home/tomas/trsa_lab2_ws/install/trsa_interface' for CMake module files
[0.770s] Level 1:colcon.colcon_core.environment:checking '/home/tomas/trsa_lab2_ws/install/trsa_interface' for CMake config files
[0.770s] Level 1:colcon.colcon_core.shell:create_environment_hook('trsa_interface', 'cmake_prefix_path')
[0.770s] INFO:colcon.colcon_core.shell:Creating environment hook '/home/tomas/trsa_lab2_ws/install/trsa_interface/share/trsa_interface/hook/cmake_prefix_path.ps1'
[0.770s] INFO:colcon.colcon_core.shell:Creating environment descriptor '/home/tomas/trsa_lab2_ws/install/trsa_interface/share/trsa_interface/hook/cmake_prefix_path.dsv'
[0.772s] INFO:colcon.colcon_core.shell:Creating environment hook '/home/tomas/trsa_lab2_ws/install/trsa_interface/share/trsa_interface/hook/cmake_prefix_path.sh'
[0.773s] Level 1:colcon.colcon_core.environment:checking '/home/tomas/trsa_lab2_ws/install/trsa_interface/lib'
[0.773s] Level 1:colcon.colcon_core.shell:create_environment_hook('trsa_interface', 'ld_library_path_lib')
[0.773s] INFO:colcon.colcon_core.shell:Creating environment hook '/home/tomas/trsa_lab2_ws/install/trsa_interface/share/trsa_interface/hook/ld_library_path_lib.ps1'
[0.774s] INFO:colcon.colcon_core.shell:Creating environment descriptor '/home/tomas/trsa_lab2_ws/install/trsa_interface/share/trsa_interface/hook/ld_library_path_lib.dsv'
[0.775s] INFO:colcon.colcon_core.shell:Creating environment hook '/home/tomas/trsa_lab2_ws/install/trsa_interface/share/trsa_interface/hook/ld_library_path_lib.sh'
[0.776s] Level 1:colcon.colcon_core.environment:checking '/home/tomas/trsa_lab2_ws/install/trsa_interface/bin'
[0.776s] Level 1:colcon.colcon_core.environment:checking '/home/tomas/trsa_lab2_ws/install/trsa_interface/lib/pkgconfig/trsa_interface.pc'
[0.776s] Level 1:colcon.colcon_core.environment:checking '/home/tomas/trsa_lab2_ws/install/trsa_interface/lib/python3.10/site-packages'
[0.776s] Level 1:colcon.colcon_core.environment:checking '/home/tomas/trsa_lab2_ws/install/trsa_interface/bin'
[0.776s] INFO:colcon.colcon_core.shell:Creating package script '/home/tomas/trsa_lab2_ws/install/trsa_interface/share/trsa_interface/package.ps1'
[0.777s] INFO:colcon.colcon_core.shell:Creating package descriptor '/home/tomas/trsa_lab2_ws/install/trsa_interface/share/trsa_interface/package.dsv'
[0.778s] INFO:colcon.colcon_core.shell:Creating package script '/home/tomas/trsa_lab2_ws/install/trsa_interface/share/trsa_interface/package.sh'
[0.779s] INFO:colcon.colcon_core.shell:Creating package script '/home/tomas/trsa_lab2_ws/install/trsa_interface/share/trsa_interface/package.bash'
[0.780s] INFO:colcon.colcon_core.shell:Creating package script '/home/tomas/trsa_lab2_ws/install/trsa_interface/share/trsa_interface/package.zsh'
[0.781s] Level 1:colcon.colcon_core.environment:create_file_with_runtime_dependencies(/home/tomas/trsa_lab2_ws/install/trsa_interface/share/colcon-core/packages/trsa_interface)
[0.835s] Level 1:colcon.colcon_core.environment:create_environment_scripts_only(trsa_interface)
[0.835s] Level 1:colcon.colcon_core.environment:checking '/home/tomas/trsa_lab2_ws/install/trsa_interface' for CMake module files
[0.835s] Level 1:colcon.colcon_core.environment:checking '/home/tomas/trsa_lab2_ws/install/trsa_interface' for CMake config files
[0.836s] Level 1:colcon.colcon_core.shell:create_environment_hook('trsa_interface', 'cmake_prefix_path')
[0.836s] INFO:colcon.colcon_core.shell:Creating environment hook '/home/tomas/trsa_lab2_ws/install/trsa_interface/share/trsa_interface/hook/cmake_prefix_path.ps1'
[0.836s] INFO:colcon.colcon_core.shell:Creating environment descriptor '/home/tomas/trsa_lab2_ws/install/trsa_interface/share/trsa_interface/hook/cmake_prefix_path.dsv'
[0.837s] INFO:colcon.colcon_core.shell:Creating environment hook '/home/tomas/trsa_lab2_ws/install/trsa_interface/share/trsa_interface/hook/cmake_prefix_path.sh'
[0.838s] Level 1:colcon.colcon_core.environment:checking '/home/tomas/trsa_lab2_ws/install/trsa_interface/lib'
[0.838s] Level 1:colcon.colcon_core.shell:create_environment_hook('trsa_interface', 'ld_library_path_lib')
[0.838s] INFO:colcon.colcon_core.shell:Creating environment hook '/home/tomas/trsa_lab2_ws/install/trsa_interface/share/trsa_interface/hook/ld_library_path_lib.ps1'
[0.839s] INFO:colcon.colcon_core.shell:Creating environment descriptor '/home/tomas/trsa_lab2_ws/install/trsa_interface/share/trsa_interface/hook/ld_library_path_lib.dsv'
[0.840s] INFO:colcon.colcon_core.shell:Creating environment hook '/home/tomas/trsa_lab2_ws/install/trsa_interface/share/trsa_interface/hook/ld_library_path_lib.sh'
[0.841s] Level 1:colcon.colcon_core.environment:checking '/home/tomas/trsa_lab2_ws/install/trsa_interface/bin'
[0.841s] Level 1:colcon.colcon_core.environment:checking '/home/tomas/trsa_lab2_ws/install/trsa_interface/lib/pkgconfig/trsa_interface.pc'
[0.841s] Level 1:colcon.colcon_core.environment:checking '/home/tomas/trsa_lab2_ws/install/trsa_interface/lib/python3.10/site-packages'
[0.841s] Level 1:colcon.colcon_core.environment:checking '/home/tomas/trsa_lab2_ws/install/trsa_interface/bin'
[0.842s] INFO:colcon.colcon_core.shell:Creating package script '/home/tomas/trsa_lab2_ws/install/trsa_interface/share/trsa_interface/package.ps1'
[0.842s] INFO:colcon.colcon_core.shell:Creating package descriptor '/home/tomas/trsa_lab2_ws/install/trsa_interface/share/trsa_interface/package.dsv'
[0.843s] INFO:colcon.colcon_core.shell:Creating package script '/home/tomas/trsa_lab2_ws/install/trsa_interface/share/trsa_interface/package.sh'
[0.844s] INFO:colcon.colcon_core.shell:Creating package script '/home/tomas/trsa_lab2_ws/install/trsa_interface/share/trsa_interface/package.bash'
[0.845s] INFO:colcon.colcon_core.shell:Creating package script '/home/tomas/trsa_lab2_ws/install/trsa_interface/share/trsa_interface/package.zsh'
[0.846s] Level 1:colcon.colcon_core.environment:create_file_with_runtime_dependencies(/home/tomas/trsa_lab2_ws/install/trsa_interface/share/colcon-core/packages/trsa_interface)
[0.851s] Level 1:colcon.colcon_core.environment:checking '/home/tomas/trsa_lab2_ws/install/robot_operator' for CMake module files
[0.852s] DEBUG:colcon.colcon_core.event_handler.log_command:Invoked command in '/home/tomas/trsa_lab2_ws/src/robot_operator' returned '0': PYTHONPATH=/home/tomas/trsa_lab2_ws/build/robot_operator/prefix_override:/usr/lib/python3/dist-packages/colcon_core/task/python/colcon_distutils_commands:/home/tomas/trsa_lab2_ws/install/robot_operator/lib/python3.10/site-packages:${PYTHONPATH} /usr/bin/python3 -W ignore:setup.py install is deprecated setup.py egg_info --egg-base ../../build/robot_operator build --build-base /home/tomas/trsa_lab2_ws/build/robot_operator/build install --record /home/tomas/trsa_lab2_ws/build/robot_operator/install.log --single-version-externally-managed install_data
[0.852s] Level 1:colcon.colcon_core.environment:checking '/home/tomas/trsa_lab2_ws/install/robot_operator' for CMake config files
[0.853s] Level 1:colcon.colcon_core.environment:checking '/home/tomas/trsa_lab2_ws/install/robot_operator/lib'
[0.853s] Level 1:colcon.colcon_core.environment:checking '/home/tomas/trsa_lab2_ws/install/robot_operator/bin'
[0.853s] Level 1:colcon.colcon_core.environment:checking '/home/tomas/trsa_lab2_ws/install/robot_operator/lib/pkgconfig/robot_operator.pc'
[0.853s] Level 1:colcon.colcon_core.environment:checking '/home/tomas/trsa_lab2_ws/install/robot_operator/lib/python3.10/site-packages'
[0.853s] Level 1:colcon.colcon_core.shell:create_environment_hook('robot_operator', 'pythonpath')
[0.853s] INFO:colcon.colcon_core.shell:Creating environment hook '/home/tomas/trsa_lab2_ws/install/robot_operator/share/robot_operator/hook/pythonpath.ps1'
[0.854s] INFO:colcon.colcon_core.shell:Creating environment descriptor '/home/tomas/trsa_lab2_ws/install/robot_operator/share/robot_operator/hook/pythonpath.dsv'
[0.855s] INFO:colcon.colcon_core.shell:Creating environment hook '/home/tomas/trsa_lab2_ws/install/robot_operator/share/robot_operator/hook/pythonpath.sh'
[0.856s] Level 1:colcon.colcon_core.environment:checking '/home/tomas/trsa_lab2_ws/install/robot_operator/bin'
[0.856s] Level 1:colcon.colcon_core.environment:create_environment_scripts_only(robot_operator)
[0.856s] INFO:colcon.colcon_core.shell:Creating package script '/home/tomas/trsa_lab2_ws/install/robot_operator/share/robot_operator/package.ps1'
[0.856s] INFO:colcon.colcon_core.shell:Creating package descriptor '/home/tomas/trsa_lab2_ws/install/robot_operator/share/robot_operator/package.dsv'
[0.857s] INFO:colcon.colcon_core.shell:Creating package script '/home/tomas/trsa_lab2_ws/install/robot_operator/share/robot_operator/package.sh'
[0.858s] INFO:colcon.colcon_core.shell:Creating package script '/home/tomas/trsa_lab2_ws/install/robot_operator/share/robot_operator/package.bash'
[0.859s] INFO:colcon.colcon_core.shell:Creating package script '/home/tomas/trsa_lab2_ws/install/robot_operator/share/robot_operator/package.zsh'
[0.860s] Level 1:colcon.colcon_core.environment:create_file_with_runtime_dependencies(/home/tomas/trsa_lab2_ws/install/robot_operator/share/colcon-core/packages/robot_operator)
[0.861s] DEBUG:colcon.colcon_parallel_executor.executor.parallel:closing loop
[0.862s] DEBUG:colcon.colcon_parallel_executor.executor.parallel:loop closed
[0.862s] DEBUG:colcon.colcon_parallel_executor.executor.parallel:run_until_complete finished with '0'
[0.862s] DEBUG:colcon.colcon_core.event_reactor:joining thread
[0.865s] INFO:colcon.colcon_core.plugin_system:Skipping extension 'colcon_notification.desktop_notification.terminal_notifier': Not used on non-Darwin systems
[0.865s] INFO:colcon.colcon_core.plugin_system:Skipping extension 'colcon_notification.desktop_notification.win32': Not used on non-Windows systems
[0.865s] INFO:colcon.colcon_notification.desktop_notification:Sending desktop notification using 'notify2'
[0.874s] DEBUG:colcon.colcon_core.event_reactor:joined thread
[0.875s] INFO:colcon.colcon_core.shell:Creating prefix script '/home/tomas/trsa_lab2_ws/install/local_setup.ps1'
[0.876s] INFO:colcon.colcon_core.shell:Creating prefix util module '/home/tomas/trsa_lab2_ws/install/_local_setup_util_ps1.py'
[0.878s] INFO:colcon.colcon_core.shell:Creating prefix chain script '/home/tomas/trsa_lab2_ws/install/setup.ps1'
[0.880s] INFO:colcon.colcon_core.shell:Creating prefix script '/home/tomas/trsa_lab2_ws/install/local_setup.sh'
[0.881s] INFO:colcon.colcon_core.shell:Creating prefix util module '/home/tomas/trsa_lab2_ws/install/_local_setup_util_sh.py'
[0.881s] INFO:colcon.colcon_core.shell:Creating prefix chain script '/home/tomas/trsa_lab2_ws/install/setup.sh'
[0.883s] INFO:colcon.colcon_core.shell:Creating prefix script '/home/tomas/trsa_lab2_ws/install/local_setup.bash'
[0.884s] INFO:colcon.colcon_core.shell:Creating prefix chain script '/home/tomas/trsa_lab2_ws/install/setup.bash'
[0.885s] INFO:colcon.colcon_core.shell:Creating prefix script '/home/tomas/trsa_lab2_ws/install/local_setup.zsh'
[0.886s] INFO:colcon.colcon_core.shell:Creating prefix chain script '/home/tomas/trsa_lab2_ws/install/setup.zsh'
