[0.063s] DEBUG:colcon:Command line arguments: ['/usr/bin/colcon', 'build']
[0.063s] DEBUG:colcon:Parsed command line arguments: Namespace(log_base=None, log_level=None, verb_name='build', build_base='build', install_base='install', merge_install=False, symlink_install=False, test_result_base=None, continue_on_error=False, executor='parallel', parallel_workers=20, event_handlers=None, ignore_user_meta=False, metas=['./colcon.meta'], base_paths=['.'], packages_ignore=None, packages_ignore_regex=None, paths=None, packages_up_to=None, packages_up_to_regex=None, packages_above=None, packages_above_and_dependencies=None, packages_above_depth=None, packages_select_by_dep=None, packages_skip_by_dep=None, packages_skip_up_to=None, packages_select_build_failed=False, packages_skip_build_finished=False, packages_select_test_failures=False, packages_skip_test_passed=False, packages_select=None, packages_skip=None, packages_select_regex=None, packages_skip_regex=None, packages_start=None, packages_end=None, allow_overriding=[], cmake_args=None, cmake_target=None, cmake_target_skip_unavailable=False, cmake_clean_cache=False, cmake_clean_first=False, cmake_force_configure=False, ament_cmake_args=None, catkin_cmake_args=None, catkin_skip_building_tests=False, verb_parser=<colcon_defaults.argument_parser.defaults.DefaultArgumentsDecorator object at 0x768586755000>, verb_extension=<colcon_core.verb.build.BuildVerb object at 0x768586754460>, main=<bound method BuildVerb.main of <colcon_core.verb.build.BuildVerb object at 0x768586754460>>)
[0.167s] Level 1:colcon.colcon_core.package_discovery:discover_packages(colcon_meta) check parameters
[0.167s] Level 1:colcon.colcon_core.package_discovery:discover_packages(recursive) check parameters
[0.167s] Level 1:colcon.colcon_core.package_discovery:discover_packages(ignore) check parameters
[0.167s] Level 1:colcon.colcon_core.package_discovery:discover_packages(path) check parameters
[0.167s] Level 1:colcon.colcon_core.package_discovery:discover_packages(colcon_meta) discover
[0.167s] Level 1:colcon.colcon_core.package_discovery:discover_packages(recursive) discover
[0.167s] INFO:colcon.colcon_core.package_discovery:Crawling recursively for packages in '/home/tomas/trsa_lab2_ws'
[0.167s] Level 1:colcon.colcon_core.package_identification:_identify(.) by extensions ['ignore', 'ignore_ament_install']
[0.167s] Level 1:colcon.colcon_core.package_identification:_identify(.) by extension 'ignore'
[0.167s] Level 1:colcon.colcon_core.package_identification:_identify(.) by extension 'ignore_ament_install'
[0.168s] Level 1:colcon.colcon_core.package_identification:_identify(.) by extensions ['colcon_pkg']
[0.168s] Level 1:colcon.colcon_core.package_identification:_identify(.) by extension 'colcon_pkg'
[0.168s] Level 1:colcon.colcon_core.package_identification:_identify(.) by extensions ['colcon_meta']
[0.168s] Level 1:colcon.colcon_core.package_identification:_identify(.) by extension 'colcon_meta'
[0.168s] Level 1:colcon.colcon_core.package_identification:_identify(.) by extensions ['ros']
[0.168s] Level 1:colcon.colcon_core.package_identification:_identify(.) by extension 'ros'
[0.174s] Level 1:colcon.colcon_core.package_identification:_identify(.) by extensions ['cmake', 'python']
[0.175s] Level 1:colcon.colcon_core.package_identification:_identify(.) by extension 'cmake'
[0.175s] Level 1:colcon.colcon_core.package_identification:_identify(.) by extension 'python'
[0.175s] Level 1:colcon.colcon_core.package_identification:_identify(.) by extensions ['python_setup_py']
[0.175s] Level 1:colcon.colcon_core.package_identification:_identify(.) by extension 'python_setup_py'
[0.175s] Level 1:colcon.colcon_core.package_identification:_identify(build) by extensions ['ignore', 'ignore_ament_install']
[0.175s] Level 1:colcon.colcon_core.package_identification:_identify(build) by extension 'ignore'
[0.175s] Level 1:colcon.colcon_core.package_identification:_identify(build) ignored
[0.175s] Level 1:colcon.colcon_core.package_identification:_identify(install) by extensions ['ignore', 'ignore_ament_install']
[0.175s] Level 1:colcon.colcon_core.package_identification:_identify(install) by extension 'ignore'
[0.175s] Level 1:colcon.colcon_core.package_identification:_identify(install) ignored
[0.175s] Level 1:colcon.colcon_core.package_identification:_identify(log) by extensions ['ignore', 'ignore_ament_install']
[0.175s] Level 1:colcon.colcon_core.package_identification:_identify(log) by extension 'ignore'
[0.175s] Level 1:colcon.colcon_core.package_identification:_identify(log) ignored
[0.175s] Level 1:colcon.colcon_core.package_identification:_identify(src) by extensions ['ignore', 'ignore_ament_install']
[0.175s] Level 1:colcon.colcon_core.package_identification:_identify(src) by extension 'ignore'
[0.175s] Level 1:colcon.colcon_core.package_identification:_identify(src) by extension 'ignore_ament_install'
[0.175s] Level 1:colcon.colcon_core.package_identification:_identify(src) by extensions ['colcon_pkg']
[0.175s] Level 1:colcon.colcon_core.package_identification:_identify(src) by extension 'colcon_pkg'
[0.175s] Level 1:colcon.colcon_core.package_identification:_identify(src) by extensions ['colcon_meta']
[0.175s] Level 1:colcon.colcon_core.package_identification:_identify(src) by extension 'colcon_meta'
[0.175s] Level 1:colcon.colcon_core.package_identification:_identify(src) by extensions ['ros']
[0.175s] Level 1:colcon.colcon_core.package_identification:_identify(src) by extension 'ros'
[0.175s] Level 1:colcon.colcon_core.package_identification:_identify(src) by extensions ['cmake', 'python']
[0.175s] Level 1:colcon.colcon_core.package_identification:_identify(src) by extension 'cmake'
[0.175s] Level 1:colcon.colcon_core.package_identification:_identify(src) by extension 'python'
[0.175s] Level 1:colcon.colcon_core.package_identification:_identify(src) by extensions ['python_setup_py']
[0.175s] Level 1:colcon.colcon_core.package_identification:_identify(src) by extension 'python_setup_py'
[0.175s] Level 1:colcon.colcon_core.package_identification:_identify(src/robot_operator) by extensions ['ignore', 'ignore_ament_install']
[0.175s] Level 1:colcon.colcon_core.package_identification:_identify(src/robot_operator) by extension 'ignore'
[0.175s] Level 1:colcon.colcon_core.package_identification:_identify(src/robot_operator) by extension 'ignore_ament_install'
[0.175s] Level 1:colcon.colcon_core.package_identification:_identify(src/robot_operator) by extensions ['colcon_pkg']
[0.175s] Level 1:colcon.colcon_core.package_identification:_identify(src/robot_operator) by extension 'colcon_pkg'
[0.176s] Level 1:colcon.colcon_core.package_identification:_identify(src/robot_operator) by extensions ['colcon_meta']
[0.176s] Level 1:colcon.colcon_core.package_identification:_identify(src/robot_operator) by extension 'colcon_meta'
[0.176s] Level 1:colcon.colcon_core.package_identification:_identify(src/robot_operator) by extensions ['ros']
[0.176s] Level 1:colcon.colcon_core.package_identification:_identify(src/robot_operator) by extension 'ros'
[0.178s] DEBUG:colcon.colcon_core.package_identification:Package 'src/robot_operator' with type 'ros.ament_python' and name 'robot_operator'
[0.178s] Level 1:colcon.colcon_core.package_identification:_identify(src/sam_bot_description) by extensions ['ignore', 'ignore_ament_install']
[0.178s] Level 1:colcon.colcon_core.package_identification:_identify(src/sam_bot_description) by extension 'ignore'
[0.178s] Level 1:colcon.colcon_core.package_identification:_identify(src/sam_bot_description) by extension 'ignore_ament_install'
[0.178s] Level 1:colcon.colcon_core.package_identification:_identify(src/sam_bot_description) by extensions ['colcon_pkg']
[0.178s] Level 1:colcon.colcon_core.package_identification:_identify(src/sam_bot_description) by extension 'colcon_pkg'
[0.178s] Level 1:colcon.colcon_core.package_identification:_identify(src/sam_bot_description) by extensions ['colcon_meta']
[0.178s] Level 1:colcon.colcon_core.package_identification:_identify(src/sam_bot_description) by extension 'colcon_meta'
[0.178s] Level 1:colcon.colcon_core.package_identification:_identify(src/sam_bot_description) by extensions ['ros']
[0.178s] Level 1:colcon.colcon_core.package_identification:_identify(src/sam_bot_description) by extension 'ros'
[0.178s] DEBUG:colcon.colcon_core.package_identification:Package 'src/sam_bot_description' with type 'ros.ament_cmake' and name 'sam_bot_description'
[0.178s] Level 1:colcon.colcon_core.package_identification:_identify(src/trsa_interface) by extensions ['ignore', 'ignore_ament_install']
[0.178s] Level 1:colcon.colcon_core.package_identification:_identify(src/trsa_interface) by extension 'ignore'
[0.178s] Level 1:colcon.colcon_core.package_identification:_identify(src/trsa_interface) by extension 'ignore_ament_install'
[0.179s] Level 1:colcon.colcon_core.package_identification:_identify(src/trsa_interface) by extensions ['colcon_pkg']
[0.179s] Level 1:colcon.colcon_core.package_identification:_identify(src/trsa_interface) by extension 'colcon_pkg'
[0.179s] Level 1:colcon.colcon_core.package_identification:_identify(src/trsa_interface) by extensions ['colcon_meta']
[0.179s] Level 1:colcon.colcon_core.package_identification:_identify(src/trsa_interface) by extension 'colcon_meta'
[0.179s] Level 1:colcon.colcon_core.package_identification:_identify(src/trsa_interface) by extensions ['ros']
[0.179s] Level 1:colcon.colcon_core.package_identification:_identify(src/trsa_interface) by extension 'ros'
[0.179s] DEBUG:colcon.colcon_core.package_identification:Package 'src/trsa_interface' with type 'ros.ament_cmake' and name 'trsa_interface'
[0.179s] Level 1:colcon.colcon_core.package_identification:_identify(training_imagesV1) by extensions ['ignore', 'ignore_ament_install']
[0.179s] Level 1:colcon.colcon_core.package_identification:_identify(training_imagesV1) by extension 'ignore'
[0.179s] Level 1:colcon.colcon_core.package_identification:_identify(training_imagesV1) by extension 'ignore_ament_install'
[0.179s] Level 1:colcon.colcon_core.package_identification:_identify(training_imagesV1) by extensions ['colcon_pkg']
[0.179s] Level 1:colcon.colcon_core.package_identification:_identify(training_imagesV1) by extension 'colcon_pkg'
[0.179s] Level 1:colcon.colcon_core.package_identification:_identify(training_imagesV1) by extensions ['colcon_meta']
[0.179s] Level 1:colcon.colcon_core.package_identification:_identify(training_imagesV1) by extension 'colcon_meta'
[0.179s] Level 1:colcon.colcon_core.package_identification:_identify(training_imagesV1) by extensions ['ros']
[0.179s] Level 1:colcon.colcon_core.package_identification:_identify(training_imagesV1) by extension 'ros'
[0.180s] Level 1:colcon.colcon_core.package_identification:_identify(training_imagesV1) by extensions ['cmake', 'python']
[0.180s] Level 1:colcon.colcon_core.package_identification:_identify(training_imagesV1) by extension 'cmake'
[0.180s] Level 1:colcon.colcon_core.package_identification:_identify(training_imagesV1) by extension 'python'
[0.180s] Level 1:colcon.colcon_core.package_identification:_identify(training_imagesV1) by extensions ['python_setup_py']
[0.180s] Level 1:colcon.colcon_core.package_identification:_identify(training_imagesV1) by extension 'python_setup_py'
[0.180s] Level 1:colcon.colcon_core.package_discovery:discover_packages(recursive) using defaults
[0.180s] Level 1:colcon.colcon_core.package_discovery:discover_packages(ignore) discover
[0.180s] Level 1:colcon.colcon_core.package_discovery:discover_packages(ignore) using defaults
[0.180s] Level 1:colcon.colcon_core.package_discovery:discover_packages(path) discover
[0.180s] Level 1:colcon.colcon_core.package_discovery:discover_packages(path) using defaults
[0.197s] Level 1:colcon.colcon_core.package_discovery:discover_packages(prefix_path) check parameters
[0.197s] Level 1:colcon.colcon_core.package_discovery:discover_packages(prefix_path) discover
[0.198s] DEBUG:colcon.colcon_installed_package_information.package_discovery:Found 3 installed packages in /home/tomas/trsa_lab2_ws/install
[0.198s] DEBUG:colcon.colcon_installed_package_information.package_discovery:Found 326 installed packages in /opt/ros/humble
[0.199s] Level 1:colcon.colcon_core.package_discovery:discover_packages(prefix_path) using defaults
[0.223s] Level 5:colcon.colcon_core.verb:set package 'robot_operator' build argument 'cmake_args' from command line to 'None'
[0.223s] Level 5:colcon.colcon_core.verb:set package 'robot_operator' build argument 'cmake_target' from command line to 'None'
[0.223s] Level 5:colcon.colcon_core.verb:set package 'robot_operator' build argument 'cmake_target_skip_unavailable' from command line to 'False'
[0.223s] Level 5:colcon.colcon_core.verb:set package 'robot_operator' build argument 'cmake_clean_cache' from command line to 'False'
[0.223s] Level 5:colcon.colcon_core.verb:set package 'robot_operator' build argument 'cmake_clean_first' from command line to 'False'
[0.223s] Level 5:colcon.colcon_core.verb:set package 'robot_operator' build argument 'cmake_force_configure' from command line to 'False'
[0.223s] Level 5:colcon.colcon_core.verb:set package 'robot_operator' build argument 'ament_cmake_args' from command line to 'None'
[0.223s] Level 5:colcon.colcon_core.verb:set package 'robot_operator' build argument 'catkin_cmake_args' from command line to 'None'
[0.223s] Level 5:colcon.colcon_core.verb:set package 'robot_operator' build argument 'catkin_skip_building_tests' from command line to 'False'
[0.223s] DEBUG:colcon.colcon_core.verb:Building package 'robot_operator' with the following arguments: {'ament_cmake_args': None, 'build_base': '/home/tomas/trsa_lab2_ws/build/robot_operator', 'catkin_cmake_args': None, 'catkin_skip_building_tests': False, 'cmake_args': None, 'cmake_clean_cache': False, 'cmake_clean_first': False, 'cmake_force_configure': False, 'cmake_target': None, 'cmake_target_skip_unavailable': False, 'install_base': '/home/tomas/trsa_lab2_ws/install/robot_operator', 'merge_install': False, 'path': '/home/tomas/trsa_lab2_ws/src/robot_operator', 'symlink_install': False, 'test_result_base': None}
[0.224s] Level 5:colcon.colcon_core.verb:set package 'sam_bot_description' build argument 'cmake_args' from command line to 'None'
[0.224s] Level 5:colcon.colcon_core.verb:set package 'sam_bot_description' build argument 'cmake_target' from command line to 'None'
[0.224s] Level 5:colcon.colcon_core.verb:set package 'sam_bot_description' build argument 'cmake_target_skip_unavailable' from command line to 'False'
[0.224s] Level 5:colcon.colcon_core.verb:set package 'sam_bot_description' build argument 'cmake_clean_cache' from command line to 'False'
[0.224s] Level 5:colcon.colcon_core.verb:set package 'sam_bot_description' build argument 'cmake_clean_first' from command line to 'False'
[0.224s] Level 5:colcon.colcon_core.verb:set package 'sam_bot_description' build argument 'cmake_force_configure' from command line to 'False'
[0.224s] Level 5:colcon.colcon_core.verb:set package 'sam_bot_description' build argument 'ament_cmake_args' from command line to 'None'
[0.224s] Level 5:colcon.colcon_core.verb:set package 'sam_bot_description' build argument 'catkin_cmake_args' from command line to 'None'
[0.224s] Level 5:colcon.colcon_core.verb:set package 'sam_bot_description' build argument 'catkin_skip_building_tests' from command line to 'False'
[0.224s] DEBUG:colcon.colcon_core.verb:Building package 'sam_bot_description' with the following arguments: {'ament_cmake_args': None, 'build_base': '/home/tomas/trsa_lab2_ws/build/sam_bot_description', 'catkin_cmake_args': None, 'catkin_skip_building_tests': False, 'cmake_args': None, 'cmake_clean_cache': False, 'cmake_clean_first': False, 'cmake_force_configure': False, 'cmake_target': None, 'cmake_target_skip_unavailable': False, 'install_base': '/home/tomas/trsa_lab2_ws/install/sam_bot_description', 'merge_install': False, 'path': '/home/tomas/trsa_lab2_ws/src/sam_bot_description', 'symlink_install': False, 'test_result_base': None}
[0.224s] Level 5:colcon.colcon_core.verb:set package 'trsa_interface' build argument 'cmake_args' from command line to 'None'
[0.224s] Level 5:colcon.colcon_core.verb:set package 'trsa_interface' build argument 'cmake_target' from command line to 'None'
[0.224s] Level 5:colcon.colcon_core.verb:set package 'trsa_interface' build argument 'cmake_target_skip_unavailable' from command line to 'False'
[0.224s] Level 5:colcon.colcon_core.verb:set package 'trsa_interface' build argument 'cmake_clean_cache' from command line to 'False'
[0.224s] Level 5:colcon.colcon_core.verb:set package 'trsa_interface' build argument 'cmake_clean_first' from command line to 'False'
[0.224s] Level 5:colcon.colcon_core.verb:set package 'trsa_interface' build argument 'cmake_force_configure' from command line to 'False'
[0.224s] Level 5:colcon.colcon_core.verb:set package 'trsa_interface' build argument 'ament_cmake_args' from command line to 'None'
[0.224s] Level 5:colcon.colcon_core.verb:set package 'trsa_interface' build argument 'catkin_cmake_args' from command line to 'None'
[0.224s] Level 5:colcon.colcon_core.verb:set package 'trsa_interface' build argument 'catkin_skip_building_tests' from command line to 'False'
[0.224s] DEBUG:colcon.colcon_core.verb:Building package 'trsa_interface' with the following arguments: {'ament_cmake_args': None, 'build_base': '/home/tomas/trsa_lab2_ws/build/trsa_interface', 'catkin_cmake_args': None, 'catkin_skip_building_tests': False, 'cmake_args': None, 'cmake_clean_cache': False, 'cmake_clean_first': False, 'cmake_force_configure': False, 'cmake_target': None, 'cmake_target_skip_unavailable': False, 'install_base': '/home/tomas/trsa_lab2_ws/install/trsa_interface', 'merge_install': False, 'path': '/home/tomas/trsa_lab2_ws/src/trsa_interface', 'symlink_install': False, 'test_result_base': None}
[0.224s] INFO:colcon.colcon_core.executor:Executing jobs using 'parallel' executor
[0.225s] DEBUG:colcon.colcon_parallel_executor.executor.parallel:run_until_complete
[0.225s] INFO:colcon.colcon_ros.task.ament_python.build:Building ROS package in '/home/tomas/trsa_lab2_ws/src/robot_operator' with build type 'ament_python'
[0.226s] Level 1:colcon.colcon_core.shell:create_environment_hook('robot_operator', 'ament_prefix_path')
[0.227s] INFO:colcon.colcon_core.plugin_system:Skipping extension 'colcon_core.shell.bat': Not used on non-Windows systems
[0.227s] INFO:colcon.colcon_core.shell:Creating environment hook '/home/tomas/trsa_lab2_ws/install/robot_operator/share/robot_operator/hook/ament_prefix_path.ps1'
[0.227s] INFO:colcon.colcon_core.shell:Creating environment descriptor '/home/tomas/trsa_lab2_ws/install/robot_operator/share/robot_operator/hook/ament_prefix_path.dsv'
[0.229s] INFO:colcon.colcon_core.shell:Creating environment hook '/home/tomas/trsa_lab2_ws/install/robot_operator/share/robot_operator/hook/ament_prefix_path.sh'
[0.231s] INFO:colcon.colcon_core.shell:Skip shell extension 'powershell' for command environment: Not usable outside of PowerShell
[0.231s] DEBUG:colcon.colcon_core.shell:Skip shell extension 'dsv' for command environment
[0.233s] INFO:colcon.colcon_ros.task.ament_cmake.build:Building ROS package in '/home/tomas/trsa_lab2_ws/src/sam_bot_description' with build type 'ament_cmake'
[0.233s] INFO:colcon.colcon_cmake.task.cmake.build:Building CMake package in '/home/tomas/trsa_lab2_ws/src/sam_bot_description'
[0.233s] INFO:colcon.colcon_core.shell:Skip shell extension 'powershell' for command environment: Not usable outside of PowerShell
[0.233s] DEBUG:colcon.colcon_core.shell:Skip shell extension 'dsv' for command environment
[0.235s] INFO:colcon.colcon_ros.task.ament_cmake.build:Building ROS package in '/home/tomas/trsa_lab2_ws/src/trsa_interface' with build type 'ament_cmake'
[0.235s] INFO:colcon.colcon_cmake.task.cmake.build:Building CMake package in '/home/tomas/trsa_lab2_ws/src/trsa_interface'
[0.235s] INFO:colcon.colcon_core.shell:Skip shell extension 'powershell' for command environment: Not usable outside of PowerShell
[0.235s] DEBUG:colcon.colcon_core.shell:Skip shell extension 'dsv' for command environment
[0.400s] INFO:colcon.colcon_core.task.python.build:Building Python package in '/home/tomas/trsa_lab2_ws/src/robot_operator'
[0.400s] INFO:colcon.colcon_core.shell:Skip shell extension 'powershell' for command environment: Not usable outside of PowerShell
[0.400s] DEBUG:colcon.colcon_core.shell:Skip shell extension 'dsv' for command environment
[0.408s] DEBUG:colcon.colcon_core.event_handler.log_command:Invoking command in '/home/tomas/trsa_lab2_ws/build/sam_bot_description': CMAKE_PREFIX_PATH=${CMAKE_PREFIX_PATH}:/home/tomas/trsa_lab2_ws/install/robot_operator:/opt/ros/humble /usr/bin/cmake --build /home/tomas/trsa_lab2_ws/build/sam_bot_description -- -j20 -l20
[0.411s] DEBUG:colcon.colcon_core.event_handler.log_command:Invoking command in '/home/tomas/trsa_lab2_ws/build/trsa_interface': CMAKE_PREFIX_PATH=${CMAKE_PREFIX_PATH}:/home/tomas/trsa_lab2_ws/install/robot_operator:/opt/ros/humble /usr/bin/cmake --build /home/tomas/trsa_lab2_ws/build/trsa_interface -- -j20 -l20
[0.444s] DEBUG:colcon.colcon_core.event_handler.log_command:Invoked command in '/home/tomas/trsa_lab2_ws/build/sam_bot_description' returned '0': CMAKE_PREFIX_PATH=${CMAKE_PREFIX_PATH}:/home/tomas/trsa_lab2_ws/install/robot_operator:/opt/ros/humble /usr/bin/cmake --build /home/tomas/trsa_lab2_ws/build/sam_bot_description -- -j20 -l20
[0.473s] DEBUG:colcon.colcon_core.event_handler.log_command:Invoking command in '/home/tomas/trsa_lab2_ws/build/sam_bot_description': CMAKE_PREFIX_PATH=${CMAKE_PREFIX_PATH}:/home/tomas/trsa_lab2_ws/install/robot_operator:/opt/ros/humble /usr/bin/cmake --install /home/tomas/trsa_lab2_ws/build/sam_bot_description
[0.480s] Level 1:colcon.colcon_core.environment:create_environment_scripts_only(sam_bot_description)
[0.481s] DEBUG:colcon.colcon_core.event_handler.log_command:Invoked command in '/home/tomas/trsa_lab2_ws/build/sam_bot_description' returned '0': CMAKE_PREFIX_PATH=${CMAKE_PREFIX_PATH}:/home/tomas/trsa_lab2_ws/install/robot_operator:/opt/ros/humble /usr/bin/cmake --install /home/tomas/trsa_lab2_ws/build/sam_bot_description
[0.482s] Level 1:colcon.colcon_core.environment:checking '/home/tomas/trsa_lab2_ws/install/sam_bot_description' for CMake module files
[0.482s] Level 1:colcon.colcon_core.environment:checking '/home/tomas/trsa_lab2_ws/install/sam_bot_description' for CMake config files
[0.483s] Level 1:colcon.colcon_core.shell:create_environment_hook('sam_bot_description', 'cmake_prefix_path')
[0.483s] INFO:colcon.colcon_core.shell:Creating environment hook '/home/tomas/trsa_lab2_ws/install/sam_bot_description/share/sam_bot_description/hook/cmake_prefix_path.ps1'
[0.483s] INFO:colcon.colcon_core.shell:Creating environment descriptor '/home/tomas/trsa_lab2_ws/install/sam_bot_description/share/sam_bot_description/hook/cmake_prefix_path.dsv'
[0.484s] INFO:colcon.colcon_core.shell:Creating environment hook '/home/tomas/trsa_lab2_ws/install/sam_bot_description/share/sam_bot_description/hook/cmake_prefix_path.sh'
[0.485s] Level 1:colcon.colcon_core.environment:checking '/home/tomas/trsa_lab2_ws/install/sam_bot_description/bin'
[0.485s] Level 1:colcon.colcon_core.environment:checking '/home/tomas/trsa_lab2_ws/install/sam_bot_description/lib/pkgconfig/sam_bot_description.pc'
[0.485s] Level 1:colcon.colcon_core.environment:checking '/home/tomas/trsa_lab2_ws/install/sam_bot_description/lib/python3.10/site-packages'
[0.485s] Level 1:colcon.colcon_core.environment:checking '/home/tomas/trsa_lab2_ws/install/sam_bot_description/bin'
[0.486s] INFO:colcon.colcon_core.shell:Creating package script '/home/tomas/trsa_lab2_ws/install/sam_bot_description/share/sam_bot_description/package.ps1'
[0.486s] INFO:colcon.colcon_core.shell:Creating package descriptor '/home/tomas/trsa_lab2_ws/install/sam_bot_description/share/sam_bot_description/package.dsv'
[0.487s] INFO:colcon.colcon_core.shell:Creating package script '/home/tomas/trsa_lab2_ws/install/sam_bot_description/share/sam_bot_description/package.sh'
[0.488s] INFO:colcon.colcon_core.shell:Creating package script '/home/tomas/trsa_lab2_ws/install/sam_bot_description/share/sam_bot_description/package.bash'
[0.489s] INFO:colcon.colcon_core.shell:Creating package script '/home/tomas/trsa_lab2_ws/install/sam_bot_description/share/sam_bot_description/package.zsh'
[0.490s] Level 1:colcon.colcon_core.environment:create_file_with_runtime_dependencies(/home/tomas/trsa_lab2_ws/install/sam_bot_description/share/colcon-core/packages/sam_bot_description)
[0.512s] Level 1:colcon.colcon_core.environment:create_environment_scripts_only(sam_bot_description)
[0.512s] Level 1:colcon.colcon_core.environment:checking '/home/tomas/trsa_lab2_ws/install/sam_bot_description' for CMake module files
[0.512s] Level 1:colcon.colcon_core.environment:checking '/home/tomas/trsa_lab2_ws/install/sam_bot_description' for CMake config files
[0.513s] Level 1:colcon.colcon_core.shell:create_environment_hook('sam_bot_description', 'cmake_prefix_path')
[0.513s] INFO:colcon.colcon_core.shell:Creating environment hook '/home/tomas/trsa_lab2_ws/install/sam_bot_description/share/sam_bot_description/hook/cmake_prefix_path.ps1'
[0.514s] INFO:colcon.colcon_core.shell:Creating environment descriptor '/home/tomas/trsa_lab2_ws/install/sam_bot_description/share/sam_bot_description/hook/cmake_prefix_path.dsv'
[0.516s] INFO:colcon.colcon_core.shell:Creating environment hook '/home/tomas/trsa_lab2_ws/install/sam_bot_description/share/sam_bot_description/hook/cmake_prefix_path.sh'
[0.517s] Level 1:colcon.colcon_core.environment:checking '/home/tomas/trsa_lab2_ws/install/sam_bot_description/bin'
[0.517s] Level 1:colcon.colcon_core.environment:checking '/home/tomas/trsa_lab2_ws/install/sam_bot_description/lib/pkgconfig/sam_bot_description.pc'
[0.517s] Level 1:colcon.colcon_core.environment:checking '/home/tomas/trsa_lab2_ws/install/sam_bot_description/lib/python3.10/site-packages'
[0.517s] Level 1:colcon.colcon_core.environment:checking '/home/tomas/trsa_lab2_ws/install/sam_bot_description/bin'
[0.518s] INFO:colcon.colcon_core.shell:Creating package script '/home/tomas/trsa_lab2_ws/install/sam_bot_description/share/sam_bot_description/package.ps1'
[0.518s] INFO:colcon.colcon_core.shell:Creating package descriptor '/home/tomas/trsa_lab2_ws/install/sam_bot_description/share/sam_bot_description/package.dsv'
[0.519s] INFO:colcon.colcon_core.shell:Creating package script '/home/tomas/trsa_lab2_ws/install/sam_bot_description/share/sam_bot_description/package.sh'
[0.520s] INFO:colcon.colcon_core.shell:Creating package script '/home/tomas/trsa_lab2_ws/install/sam_bot_description/share/sam_bot_description/package.bash'
[0.521s] INFO:colcon.colcon_core.shell:Creating package script '/home/tomas/trsa_lab2_ws/install/sam_bot_description/share/sam_bot_description/package.zsh'
[0.522s] Level 1:colcon.colcon_core.environment:create_file_with_runtime_dependencies(/home/tomas/trsa_lab2_ws/install/sam_bot_description/share/colcon-core/packages/sam_bot_description)
[0.622s] DEBUG:colcon.colcon_core.event_handler.log_command:Invoking command in '/home/tomas/trsa_lab2_ws/src/robot_operator': PYTHONPATH=/home/tomas/trsa_lab2_ws/build/robot_operator/prefix_override:/usr/lib/python3/dist-packages/colcon_core/task/python/colcon_distutils_commands:/home/tomas/trsa_lab2_ws/install/robot_operator/lib/python3.10/site-packages:${PYTHONPATH} /usr/bin/python3 -W ignore:setup.py install is deprecated setup.py egg_info --egg-base ../../build/robot_operator build --build-base /home/tomas/trsa_lab2_ws/build/robot_operator/build install --record /home/tomas/trsa_lab2_ws/build/robot_operator/install.log --single-version-externally-managed install_data
[0.654s] DEBUG:colcon.colcon_core.event_handler.log_command:Invoked command in '/home/tomas/trsa_lab2_ws/build/trsa_interface' returned '0': CMAKE_PREFIX_PATH=${CMAKE_PREFIX_PATH}:/home/tomas/trsa_lab2_ws/install/robot_operator:/opt/ros/humble /usr/bin/cmake --build /home/tomas/trsa_lab2_ws/build/trsa_interface -- -j20 -l20
[0.706s] DEBUG:colcon.colcon_core.event_handler.log_command:Invoking command in '/home/tomas/trsa_lab2_ws/build/trsa_interface': CMAKE_PREFIX_PATH=${CMAKE_PREFIX_PATH}:/home/tomas/trsa_lab2_ws/install/robot_operator:/opt/ros/humble /usr/bin/cmake --install /home/tomas/trsa_lab2_ws/build/trsa_interface
[0.741s] Level 1:colcon.colcon_core.environment:create_environment_scripts_only(trsa_interface)
[0.741s] DEBUG:colcon.colcon_core.event_handler.log_command:Invoked command in '/home/tomas/trsa_lab2_ws/build/trsa_interface' returned '0': CMAKE_PREFIX_PATH=${CMAKE_PREFIX_PATH}:/home/tomas/trsa_lab2_ws/install/robot_operator:/opt/ros/humble /usr/bin/cmake --install /home/tomas/trsa_lab2_ws/build/trsa_interface
[0.742s] Level 1:colcon.colcon_core.environment:checking '/home/tomas/trsa_lab2_ws/install/trsa_interface' for CMake module files
[0.743s] Level 1:colcon.colcon_core.environment:checking '/home/tomas/trsa_lab2_ws/install/trsa_interface' for CMake config files
[0.743s] Level 1:colcon.colcon_core.shell:create_environment_hook('trsa_interface', 'cmake_prefix_path')
[0.743s] INFO:colcon.colcon_core.shell:Creating environment hook '/home/tomas/trsa_lab2_ws/install/trsa_interface/share/trsa_interface/hook/cmake_prefix_path.ps1'
[0.744s] INFO:colcon.colcon_core.shell:Creating environment descriptor '/home/tomas/trsa_lab2_ws/install/trsa_interface/share/trsa_interface/hook/cmake_prefix_path.dsv'
[0.745s] INFO:colcon.colcon_core.shell:Creating environment hook '/home/tomas/trsa_lab2_ws/install/trsa_interface/share/trsa_interface/hook/cmake_prefix_path.sh'
[0.747s] Level 1:colcon.colcon_core.environment:checking '/home/tomas/trsa_lab2_ws/install/trsa_interface/lib'
[0.747s] Level 1:colcon.colcon_core.shell:create_environment_hook('trsa_interface', 'ld_library_path_lib')
[0.747s] INFO:colcon.colcon_core.shell:Creating environment hook '/home/tomas/trsa_lab2_ws/install/trsa_interface/share/trsa_interface/hook/ld_library_path_lib.ps1'
[0.748s] INFO:colcon.colcon_core.shell:Creating environment descriptor '/home/tomas/trsa_lab2_ws/install/trsa_interface/share/trsa_interface/hook/ld_library_path_lib.dsv'
[0.749s] INFO:colcon.colcon_core.shell:Creating environment hook '/home/tomas/trsa_lab2_ws/install/trsa_interface/share/trsa_interface/hook/ld_library_path_lib.sh'
[0.750s] Level 1:colcon.colcon_core.environment:checking '/home/tomas/trsa_lab2_ws/install/trsa_interface/bin'
[0.750s] Level 1:colcon.colcon_core.environment:checking '/home/tomas/trsa_lab2_ws/install/trsa_interface/lib/pkgconfig/trsa_interface.pc'
[0.750s] Level 1:colcon.colcon_core.environment:checking '/home/tomas/trsa_lab2_ws/install/trsa_interface/lib/python3.10/site-packages'
[0.750s] Level 1:colcon.colcon_core.environment:checking '/home/tomas/trsa_lab2_ws/install/trsa_interface/bin'
[0.750s] INFO:colcon.colcon_core.shell:Creating package script '/home/tomas/trsa_lab2_ws/install/trsa_interface/share/trsa_interface/package.ps1'
[0.752s] INFO:colcon.colcon_core.shell:Creating package descriptor '/home/tomas/trsa_lab2_ws/install/trsa_interface/share/trsa_interface/package.dsv'
[0.753s] INFO:colcon.colcon_core.shell:Creating package script '/home/tomas/trsa_lab2_ws/install/trsa_interface/share/trsa_interface/package.sh'
[0.754s] INFO:colcon.colcon_core.shell:Creating package script '/home/tomas/trsa_lab2_ws/install/trsa_interface/share/trsa_interface/package.bash'
[0.755s] INFO:colcon.colcon_core.shell:Creating package script '/home/tomas/trsa_lab2_ws/install/trsa_interface/share/trsa_interface/package.zsh'
[0.756s] Level 1:colcon.colcon_core.environment:create_file_with_runtime_dependencies(/home/tomas/trsa_lab2_ws/install/trsa_interface/share/colcon-core/packages/trsa_interface)
[0.810s] Level 1:colcon.colcon_core.environment:create_environment_scripts_only(trsa_interface)
[0.810s] Level 1:colcon.colcon_core.environment:checking '/home/tomas/trsa_lab2_ws/install/trsa_interface' for CMake module files
[0.810s] Level 1:colcon.colcon_core.environment:checking '/home/tomas/trsa_lab2_ws/install/trsa_interface' for CMake config files
[0.811s] Level 1:colcon.colcon_core.shell:create_environment_hook('trsa_interface', 'cmake_prefix_path')
[0.811s] INFO:colcon.colcon_core.shell:Creating environment hook '/home/tomas/trsa_lab2_ws/install/trsa_interface/share/trsa_interface/hook/cmake_prefix_path.ps1'
[0.811s] INFO:colcon.colcon_core.shell:Creating environment descriptor '/home/tomas/trsa_lab2_ws/install/trsa_interface/share/trsa_interface/hook/cmake_prefix_path.dsv'
[0.813s] INFO:colcon.colcon_core.shell:Creating environment hook '/home/tomas/trsa_lab2_ws/install/trsa_interface/share/trsa_interface/hook/cmake_prefix_path.sh'
[0.814s] Level 1:colcon.colcon_core.environment:checking '/home/tomas/trsa_lab2_ws/install/trsa_interface/lib'
[0.814s] Level 1:colcon.colcon_core.shell:create_environment_hook('trsa_interface', 'ld_library_path_lib')
[0.814s] INFO:colcon.colcon_core.shell:Creating environment hook '/home/tomas/trsa_lab2_ws/install/trsa_interface/share/trsa_interface/hook/ld_library_path_lib.ps1'
[0.815s] INFO:colcon.colcon_core.shell:Creating environment descriptor '/home/tomas/trsa_lab2_ws/install/trsa_interface/share/trsa_interface/hook/ld_library_path_lib.dsv'
[0.816s] INFO:colcon.colcon_core.shell:Creating environment hook '/home/tomas/trsa_lab2_ws/install/trsa_interface/share/trsa_interface/hook/ld_library_path_lib.sh'
[0.817s] Level 1:colcon.colcon_core.environment:checking '/home/tomas/trsa_lab2_ws/install/trsa_interface/bin'
[0.817s] Level 1:colcon.colcon_core.environment:checking '/home/tomas/trsa_lab2_ws/install/trsa_interface/lib/pkgconfig/trsa_interface.pc'
[0.817s] Level 1:colcon.colcon_core.environment:checking '/home/tomas/trsa_lab2_ws/install/trsa_interface/lib/python3.10/site-packages'
[0.817s] Level 1:colcon.colcon_core.environment:checking '/home/tomas/trsa_lab2_ws/install/trsa_interface/bin'
[0.817s] INFO:colcon.colcon_core.shell:Creating package script '/home/tomas/trsa_lab2_ws/install/trsa_interface/share/trsa_interface/package.ps1'
[0.817s] INFO:colcon.colcon_core.shell:Creating package descriptor '/home/tomas/trsa_lab2_ws/install/trsa_interface/share/trsa_interface/package.dsv'
[0.818s] INFO:colcon.colcon_core.shell:Creating package script '/home/tomas/trsa_lab2_ws/install/trsa_interface/share/trsa_interface/package.sh'
[0.819s] INFO:colcon.colcon_core.shell:Creating package script '/home/tomas/trsa_lab2_ws/install/trsa_interface/share/trsa_interface/package.bash'
[0.820s] INFO:colcon.colcon_core.shell:Creating package script '/home/tomas/trsa_lab2_ws/install/trsa_interface/share/trsa_interface/package.zsh'
[0.821s] Level 1:colcon.colcon_core.environment:create_file_with_runtime_dependencies(/home/tomas/trsa_lab2_ws/install/trsa_interface/share/colcon-core/packages/trsa_interface)
[0.823s] Level 1:colcon.colcon_core.environment:checking '/home/tomas/trsa_lab2_ws/install/robot_operator' for CMake module files
[0.823s] Level 1:colcon.colcon_core.environment:checking '/home/tomas/trsa_lab2_ws/install/robot_operator' for CMake config files
[0.824s] DEBUG:colcon.colcon_core.event_handler.log_command:Invoked command in '/home/tomas/trsa_lab2_ws/src/robot_operator' returned '0': PYTHONPATH=/home/tomas/trsa_lab2_ws/build/robot_operator/prefix_override:/usr/lib/python3/dist-packages/colcon_core/task/python/colcon_distutils_commands:/home/tomas/trsa_lab2_ws/install/robot_operator/lib/python3.10/site-packages:${PYTHONPATH} /usr/bin/python3 -W ignore:setup.py install is deprecated setup.py egg_info --egg-base ../../build/robot_operator build --build-base /home/tomas/trsa_lab2_ws/build/robot_operator/build install --record /home/tomas/trsa_lab2_ws/build/robot_operator/install.log --single-version-externally-managed install_data
[0.824s] Level 1:colcon.colcon_core.environment:checking '/home/tomas/trsa_lab2_ws/install/robot_operator/lib'
[0.824s] Level 1:colcon.colcon_core.environment:checking '/home/tomas/trsa_lab2_ws/install/robot_operator/bin'
[0.824s] Level 1:colcon.colcon_core.environment:checking '/home/tomas/trsa_lab2_ws/install/robot_operator/lib/pkgconfig/robot_operator.pc'
[0.824s] Level 1:colcon.colcon_core.environment:checking '/home/tomas/trsa_lab2_ws/install/robot_operator/lib/python3.10/site-packages'
[0.824s] Level 1:colcon.colcon_core.shell:create_environment_hook('robot_operator', 'pythonpath')
[0.824s] INFO:colcon.colcon_core.shell:Creating environment hook '/home/tomas/trsa_lab2_ws/install/robot_operator/share/robot_operator/hook/pythonpath.ps1'
[0.824s] INFO:colcon.colcon_core.shell:Creating environment descriptor '/home/tomas/trsa_lab2_ws/install/robot_operator/share/robot_operator/hook/pythonpath.dsv'
[0.825s] INFO:colcon.colcon_core.shell:Creating environment hook '/home/tomas/trsa_lab2_ws/install/robot_operator/share/robot_operator/hook/pythonpath.sh'
[0.826s] Level 1:colcon.colcon_core.environment:checking '/home/tomas/trsa_lab2_ws/install/robot_operator/bin'
[0.826s] Level 1:colcon.colcon_core.environment:create_environment_scripts_only(robot_operator)
[0.827s] INFO:colcon.colcon_core.shell:Creating package script '/home/tomas/trsa_lab2_ws/install/robot_operator/share/robot_operator/package.ps1'
[0.827s] INFO:colcon.colcon_core.shell:Creating package descriptor '/home/tomas/trsa_lab2_ws/install/robot_operator/share/robot_operator/package.dsv'
[0.828s] INFO:colcon.colcon_core.shell:Creating package script '/home/tomas/trsa_lab2_ws/install/robot_operator/share/robot_operator/package.sh'
[0.829s] INFO:colcon.colcon_core.shell:Creating package script '/home/tomas/trsa_lab2_ws/install/robot_operator/share/robot_operator/package.bash'
[0.830s] INFO:colcon.colcon_core.shell:Creating package script '/home/tomas/trsa_lab2_ws/install/robot_operator/share/robot_operator/package.zsh'
[0.831s] Level 1:colcon.colcon_core.environment:create_file_with_runtime_dependencies(/home/tomas/trsa_lab2_ws/install/robot_operator/share/colcon-core/packages/robot_operator)
[0.832s] DEBUG:colcon.colcon_parallel_executor.executor.parallel:closing loop
[0.832s] DEBUG:colcon.colcon_parallel_executor.executor.parallel:loop closed
[0.832s] DEBUG:colcon.colcon_parallel_executor.executor.parallel:run_until_complete finished with '0'
[0.832s] DEBUG:colcon.colcon_core.event_reactor:joining thread
[0.837s] INFO:colcon.colcon_core.plugin_system:Skipping extension 'colcon_notification.desktop_notification.terminal_notifier': Not used on non-Darwin systems
[0.837s] INFO:colcon.colcon_core.plugin_system:Skipping extension 'colcon_notification.desktop_notification.win32': Not used on non-Windows systems
[0.837s] INFO:colcon.colcon_notification.desktop_notification:Sending desktop notification using 'notify2'
[0.845s] DEBUG:colcon.colcon_core.event_reactor:joined thread
[0.846s] INFO:colcon.colcon_core.shell:Creating prefix script '/home/tomas/trsa_lab2_ws/install/local_setup.ps1'
[0.846s] INFO:colcon.colcon_core.shell:Creating prefix util module '/home/tomas/trsa_lab2_ws/install/_local_setup_util_ps1.py'
[0.847s] INFO:colcon.colcon_core.shell:Creating prefix chain script '/home/tomas/trsa_lab2_ws/install/setup.ps1'
[0.848s] INFO:colcon.colcon_core.shell:Creating prefix script '/home/tomas/trsa_lab2_ws/install/local_setup.sh'
[0.848s] INFO:colcon.colcon_core.shell:Creating prefix util module '/home/tomas/trsa_lab2_ws/install/_local_setup_util_sh.py'
[0.849s] INFO:colcon.colcon_core.shell:Creating prefix chain script '/home/tomas/trsa_lab2_ws/install/setup.sh'
[0.850s] INFO:colcon.colcon_core.shell:Creating prefix script '/home/tomas/trsa_lab2_ws/install/local_setup.bash'
[0.850s] INFO:colcon.colcon_core.shell:Creating prefix chain script '/home/tomas/trsa_lab2_ws/install/setup.bash'
[0.851s] INFO:colcon.colcon_core.shell:Creating prefix script '/home/tomas/trsa_lab2_ws/install/local_setup.zsh'
[0.852s] INFO:colcon.colcon_core.shell:Creating prefix chain script '/home/tomas/trsa_lab2_ws/install/setup.zsh'
