[0.165s] Invoking command in '/home/tomas/trsa_lab2_ws/build/sam_bot_description': CMAKE_PREFIX_PATH=${CMAKE_PREFIX_PATH}:/home/tomas/trsa_lab2_ws/install/robot_operator:/opt/ros/humble /usr/bin/cmake /home/tomas/trsa_lab2_ws/src/sam_bot_description -DCMAKE_INSTALL_PREFIX=/home/tomas/trsa_lab2_ws/install/sam_bot_description
[0.593s] -- The C compiler identification is GNU 11.4.0
[1.005s] -- The CXX compiler identification is GNU 11.4.0
[1.027s] -- Detecting C compiler ABI info
[1.184s] -- Detecting C compiler ABI info - done
[1.191s] -- Check for working C compiler: /usr/bin/cc - skipped
[1.191s] -- Detecting C compile features
[1.193s] -- Detecting C compile features - done
[1.196s] -- Detecting CXX compiler ABI info
[1.309s] -- Detecting CXX compiler ABI info - done
[1.316s] -- Check for working CXX compiler: /usr/bin/c++ - skipped
[1.316s] -- Detecting CXX compile features
[1.317s] -- Detecting CXX compile features - done
[1.318s] -- Found ament_cmake: 1.3.10 (/opt/ros/humble/share/ament_cmake/cmake)
[1.458s] -- Found Python3: /usr/bin/python3 (found version "3.10.12") found components: Interpreter 
[1.563s] -- Found rclcpp: 16.0.10 (/opt/ros/humble/share/rclcpp/cmake)
[1.650s] -- Found rosidl_generator_c: 3.1.5 (/opt/ros/humble/share/rosidl_generator_c/cmake)
[1.656s] -- Found rosidl_adapter: 3.1.5 (/opt/ros/humble/share/rosidl_adapter/cmake)
[1.665s] -- Found rosidl_generator_cpp: 3.1.5 (/opt/ros/humble/share/rosidl_generator_cpp/cmake)
[1.685s] -- Using all available rosidl_typesupport_c: rosidl_typesupport_fastrtps_c;rosidl_typesupport_introspection_c
[1.695s] -- Using all available rosidl_typesupport_cpp: rosidl_typesupport_fastrtps_cpp;rosidl_typesupport_introspection_cpp
[1.776s] -- Found rmw_implementation_cmake: 6.1.2 (/opt/ros/humble/share/rmw_implementation_cmake/cmake)
[1.787s] -- Found rmw_fastrtps_cpp: 6.2.7 (/opt/ros/humble/share/rmw_fastrtps_cpp/cmake)
[1.898s] -- Found OpenSSL: /usr/lib/x86_64-linux-gnu/libcrypto.so (found version "3.0.2")  
[1.920s] -- Found FastRTPS: /opt/ros/humble/include  
[1.950s] -- Using RMW implementation 'rmw_fastrtps_cpp' as default
[1.964s] -- Looking for pthread.h
[2.082s] -- Looking for pthread.h - found
[2.082s] -- Performing Test CMAKE_HAVE_LIBC_PTHREAD
[2.144s] -- Performing Test CMAKE_HAVE_LIBC_PTHREAD - Success
[2.145s] -- Found Threads: TRUE  
[2.225s] -- Found ament_lint_auto: 0.12.11 (/opt/ros/humble/share/ament_lint_auto/cmake)
[2.302s] -- Added test 'flake8' to check Python code syntax and style conventions
[2.303s] -- Added test 'lint_cmake' to check CMake code style
[2.304s] -- Added test 'pep257' to check Python code against some of the docstring style conventions in PEP 257
[2.306s] -- Added test 'xmllint' to check XML markup files
[2.308s] -- Configuring done
[2.310s] -- Generating done
[2.311s] -- Build files have been written to: /home/tomas/trsa_lab2_ws/build/sam_bot_description
[2.317s] Invoked command in '/home/tomas/trsa_lab2_ws/build/sam_bot_description' returned '0': CMAKE_PREFIX_PATH=${CMAKE_PREFIX_PATH}:/home/tomas/trsa_lab2_ws/install/robot_operator:/opt/ros/humble /usr/bin/cmake /home/tomas/trsa_lab2_ws/src/sam_bot_description -DCMAKE_INSTALL_PREFIX=/home/tomas/trsa_lab2_ws/install/sam_bot_description
[2.318s] Invoking command in '/home/tomas/trsa_lab2_ws/build/sam_bot_description': CMAKE_PREFIX_PATH=${CMAKE_PREFIX_PATH}:/home/tomas/trsa_lab2_ws/install/robot_operator:/opt/ros/humble /usr/bin/cmake --build /home/tomas/trsa_lab2_ws/build/sam_bot_description -- -j20 -l20
[2.350s] Invoked command in '/home/tomas/trsa_lab2_ws/build/sam_bot_description' returned '0': CMAKE_PREFIX_PATH=${CMAKE_PREFIX_PATH}:/home/tomas/trsa_lab2_ws/install/robot_operator:/opt/ros/humble /usr/bin/cmake --build /home/tomas/trsa_lab2_ws/build/sam_bot_description -- -j20 -l20
[2.381s] Invoking command in '/home/tomas/trsa_lab2_ws/build/sam_bot_description': CMAKE_PREFIX_PATH=${CMAKE_PREFIX_PATH}:/home/tomas/trsa_lab2_ws/install/robot_operator:/opt/ros/humble /usr/bin/cmake --install /home/tomas/trsa_lab2_ws/build/sam_bot_description
[2.385s] -- Install configuration: ""
[2.385s] -- Installing: /home/tomas/trsa_lab2_ws/install/sam_bot_description/share/sam_bot_description/src
[2.385s] -- Installing: /home/tomas/trsa_lab2_ws/install/sam_bot_description/share/sam_bot_description/launch
[2.385s] -- Installing: /home/tomas/trsa_lab2_ws/install/sam_bot_description/share/sam_bot_description/launch/display.launch.py
[2.385s] -- Installing: /home/tomas/trsa_lab2_ws/install/sam_bot_description/share/sam_bot_description/launch/localization_launch.py
[2.385s] -- Installing: /home/tomas/trsa_lab2_ws/install/sam_bot_description/share/sam_bot_description/launch/navigation_launch.py
[2.386s] -- Installing: /home/tomas/trsa_lab2_ws/install/sam_bot_description/share/sam_bot_description/rviz
[2.386s] -- Installing: /home/tomas/trsa_lab2_ws/install/sam_bot_description/share/sam_bot_description/rviz/urdf_config.rviz
[2.387s] -- Installing: /home/tomas/trsa_lab2_ws/install/sam_bot_description/share/sam_bot_description/description
[2.387s] -- Installing: /home/tomas/trsa_lab2_ws/install/sam_bot_description/share/sam_bot_description/description/sam_bot_description.urdf
[2.387s] -- Installing: /home/tomas/trsa_lab2_ws/install/sam_bot_description/share/sam_bot_description/config
[2.387s] -- Installing: /home/tomas/trsa_lab2_ws/install/sam_bot_description/share/sam_bot_description/config/nav2_params.yaml
[2.388s] -- Installing: /home/tomas/trsa_lab2_ws/install/sam_bot_description/share/sam_bot_description/config/ekf.yaml
[2.388s] -- Installing: /home/tomas/trsa_lab2_ws/install/sam_bot_description/share/sam_bot_description/config/old_params.yaml
[2.389s] -- Installing: /home/tomas/trsa_lab2_ws/install/sam_bot_description/share/sam_bot_description/world
[2.389s] -- Installing: /home/tomas/trsa_lab2_ws/install/sam_bot_description/share/sam_bot_description/world/trsa_two_rooms.world
[2.392s] -- Installing: /home/tomas/trsa_lab2_ws/install/sam_bot_description/share/sam_bot_description/maps
[2.392s] -- Installing: /home/tomas/trsa_lab2_ws/install/sam_bot_description/share/sam_bot_description/maps/two_rooms_map.yaml
[2.392s] -- Installing: /home/tomas/trsa_lab2_ws/install/sam_bot_description/share/sam_bot_description/maps/two_rooms_map.pgm
[2.393s] -- Installing: /home/tomas/trsa_lab2_ws/install/sam_bot_description/share/sam_bot_description/maps/two_rooms_map_old.pgm
[2.394s] -- Installing: /home/tomas/trsa_lab2_ws/install/sam_bot_description/share/ament_index/resource_index/package_run_dependencies/sam_bot_description
[2.395s] -- Installing: /home/tomas/trsa_lab2_ws/install/sam_bot_description/share/ament_index/resource_index/parent_prefix_path/sam_bot_description
[2.395s] -- Installing: /home/tomas/trsa_lab2_ws/install/sam_bot_description/share/sam_bot_description/environment/ament_prefix_path.sh
[2.395s] -- Installing: /home/tomas/trsa_lab2_ws/install/sam_bot_description/share/sam_bot_description/environment/ament_prefix_path.dsv
[2.395s] -- Installing: /home/tomas/trsa_lab2_ws/install/sam_bot_description/share/sam_bot_description/environment/path.sh
[2.395s] -- Installing: /home/tomas/trsa_lab2_ws/install/sam_bot_description/share/sam_bot_description/environment/path.dsv
[2.395s] -- Installing: /home/tomas/trsa_lab2_ws/install/sam_bot_description/share/sam_bot_description/local_setup.bash
[2.395s] -- Installing: /home/tomas/trsa_lab2_ws/install/sam_bot_description/share/sam_bot_description/local_setup.sh
[2.395s] -- Installing: /home/tomas/trsa_lab2_ws/install/sam_bot_description/share/sam_bot_description/local_setup.zsh
[2.395s] -- Installing: /home/tomas/trsa_lab2_ws/install/sam_bot_description/share/sam_bot_description/local_setup.dsv
[2.395s] -- Installing: /home/tomas/trsa_lab2_ws/install/sam_bot_description/share/sam_bot_description/package.dsv
[2.395s] -- Installing: /home/tomas/trsa_lab2_ws/install/sam_bot_description/share/ament_index/resource_index/packages/sam_bot_description
[2.395s] -- Installing: /home/tomas/trsa_lab2_ws/install/sam_bot_description/share/sam_bot_description/cmake/sam_bot_descriptionConfig.cmake
[2.396s] -- Installing: /home/tomas/trsa_lab2_ws/install/sam_bot_description/share/sam_bot_description/cmake/sam_bot_descriptionConfig-version.cmake
[2.396s] -- Installing: /home/tomas/trsa_lab2_ws/install/sam_bot_description/share/sam_bot_description/package.xml
[2.397s] Invoked command in '/home/tomas/trsa_lab2_ws/build/sam_bot_description' returned '0': CMAKE_PREFIX_PATH=${CMAKE_PREFIX_PATH}:/home/tomas/trsa_lab2_ws/install/robot_operator:/opt/ros/humble /usr/bin/cmake --install /home/tomas/trsa_lab2_ws/build/sam_bot_description
