[0.067s] DEBUG:colcon:Command line arguments: ['/usr/bin/colcon', 'build']
[0.067s] DEBUG:colcon:Parsed command line arguments: Namespace(log_base=None, log_level=None, verb_name='build', build_base='build', install_base='install', merge_install=False, symlink_install=False, test_result_base=None, continue_on_error=False, executor='parallel', parallel_workers=20, event_handlers=None, ignore_user_meta=False, metas=['./colcon.meta'], base_paths=['.'], packages_ignore=None, packages_ignore_regex=None, paths=None, packages_up_to=None, packages_up_to_regex=None, packages_above=None, packages_above_and_dependencies=None, packages_above_depth=None, packages_select_by_dep=None, packages_skip_by_dep=None, packages_skip_up_to=None, packages_select_build_failed=False, packages_skip_build_finished=False, packages_select_test_failures=False, packages_skip_test_passed=False, packages_select=None, packages_skip=None, packages_select_regex=None, packages_skip_regex=None, packages_start=None, packages_end=None, allow_overriding=[], cmake_args=None, cmake_target=None, cmake_target_skip_unavailable=False, cmake_clean_cache=False, cmake_clean_first=False, cmake_force_configure=False, ament_cmake_args=None, catkin_cmake_args=None, catkin_skip_building_tests=False, verb_parser=<colcon_defaults.argument_parser.defaults.DefaultArgumentsDecorator object at 0x72deff941030>, verb_extension=<colcon_core.verb.build.BuildVerb object at 0x72deff940490>, main=<bound method BuildVerb.main of <colcon_core.verb.build.BuildVerb object at 0x72deff940490>>)
[0.176s] Level 1:colcon.colcon_core.package_discovery:discover_packages(colcon_meta) check parameters
[0.177s] Level 1:colcon.colcon_core.package_discovery:discover_packages(recursive) check parameters
[0.177s] Level 1:colcon.colcon_core.package_discovery:discover_packages(ignore) check parameters
[0.177s] Level 1:colcon.colcon_core.package_discovery:discover_packages(path) check parameters
[0.177s] Level 1:colcon.colcon_core.package_discovery:discover_packages(colcon_meta) discover
[0.177s] Level 1:colcon.colcon_core.package_discovery:discover_packages(recursive) discover
[0.177s] INFO:colcon.colcon_core.package_discovery:Crawling recursively for packages in '/home/tomas/trsa_lab2_ws'
[0.177s] Level 1:colcon.colcon_core.package_identification:_identify(.) by extensions ['ignore', 'ignore_ament_install']
[0.177s] Level 1:colcon.colcon_core.package_identification:_identify(.) by extension 'ignore'
[0.177s] Level 1:colcon.colcon_core.package_identification:_identify(.) by extension 'ignore_ament_install'
[0.177s] Level 1:colcon.colcon_core.package_identification:_identify(.) by extensions ['colcon_pkg']
[0.177s] Level 1:colcon.colcon_core.package_identification:_identify(.) by extension 'colcon_pkg'
[0.177s] Level 1:colcon.colcon_core.package_identification:_identify(.) by extensions ['colcon_meta']
[0.177s] Level 1:colcon.colcon_core.package_identification:_identify(.) by extension 'colcon_meta'
[0.177s] Level 1:colcon.colcon_core.package_identification:_identify(.) by extensions ['ros']
[0.177s] Level 1:colcon.colcon_core.package_identification:_identify(.) by extension 'ros'
[0.184s] Level 1:colcon.colcon_core.package_identification:_identify(.) by extensions ['cmake', 'python']
[0.184s] Level 1:colcon.colcon_core.package_identification:_identify(.) by extension 'cmake'
[0.184s] Level 1:colcon.colcon_core.package_identification:_identify(.) by extension 'python'
[0.184s] Level 1:colcon.colcon_core.package_identification:_identify(.) by extensions ['python_setup_py']
[0.184s] Level 1:colcon.colcon_core.package_identification:_identify(.) by extension 'python_setup_py'
[0.184s] Level 1:colcon.colcon_core.package_identification:_identify(build) by extensions ['ignore', 'ignore_ament_install']
[0.185s] Level 1:colcon.colcon_core.package_identification:_identify(build) by extension 'ignore'
[0.185s] Level 1:colcon.colcon_core.package_identification:_identify(build) ignored
[0.185s] Level 1:colcon.colcon_core.package_identification:_identify(install) by extensions ['ignore', 'ignore_ament_install']
[0.185s] Level 1:colcon.colcon_core.package_identification:_identify(install) by extension 'ignore'
[0.185s] Level 1:colcon.colcon_core.package_identification:_identify(install) ignored
[0.185s] Level 1:colcon.colcon_core.package_identification:_identify(log) by extensions ['ignore', 'ignore_ament_install']
[0.185s] Level 1:colcon.colcon_core.package_identification:_identify(log) by extension 'ignore'
[0.185s] Level 1:colcon.colcon_core.package_identification:_identify(log) ignored
[0.185s] Level 1:colcon.colcon_core.package_identification:_identify(src) by extensions ['ignore', 'ignore_ament_install']
[0.185s] Level 1:colcon.colcon_core.package_identification:_identify(src) by extension 'ignore'
[0.185s] Level 1:colcon.colcon_core.package_identification:_identify(src) by extension 'ignore_ament_install'
[0.185s] Level 1:colcon.colcon_core.package_identification:_identify(src) by extensions ['colcon_pkg']
[0.185s] Level 1:colcon.colcon_core.package_identification:_identify(src) by extension 'colcon_pkg'
[0.185s] Level 1:colcon.colcon_core.package_identification:_identify(src) by extensions ['colcon_meta']
[0.185s] Level 1:colcon.colcon_core.package_identification:_identify(src) by extension 'colcon_meta'
[0.185s] Level 1:colcon.colcon_core.package_identification:_identify(src) by extensions ['ros']
[0.185s] Level 1:colcon.colcon_core.package_identification:_identify(src) by extension 'ros'
[0.185s] Level 1:colcon.colcon_core.package_identification:_identify(src) by extensions ['cmake', 'python']
[0.185s] Level 1:colcon.colcon_core.package_identification:_identify(src) by extension 'cmake'
[0.185s] Level 1:colcon.colcon_core.package_identification:_identify(src) by extension 'python'
[0.185s] Level 1:colcon.colcon_core.package_identification:_identify(src) by extensions ['python_setup_py']
[0.185s] Level 1:colcon.colcon_core.package_identification:_identify(src) by extension 'python_setup_py'
[0.185s] Level 1:colcon.colcon_core.package_identification:_identify(src/robot_operator) by extensions ['ignore', 'ignore_ament_install']
[0.185s] Level 1:colcon.colcon_core.package_identification:_identify(src/robot_operator) by extension 'ignore'
[0.185s] Level 1:colcon.colcon_core.package_identification:_identify(src/robot_operator) by extension 'ignore_ament_install'
[0.185s] Level 1:colcon.colcon_core.package_identification:_identify(src/robot_operator) by extensions ['colcon_pkg']
[0.185s] Level 1:colcon.colcon_core.package_identification:_identify(src/robot_operator) by extension 'colcon_pkg'
[0.185s] Level 1:colcon.colcon_core.package_identification:_identify(src/robot_operator) by extensions ['colcon_meta']
[0.185s] Level 1:colcon.colcon_core.package_identification:_identify(src/robot_operator) by extension 'colcon_meta'
[0.185s] Level 1:colcon.colcon_core.package_identification:_identify(src/robot_operator) by extensions ['ros']
[0.185s] Level 1:colcon.colcon_core.package_identification:_identify(src/robot_operator) by extension 'ros'
[0.187s] DEBUG:colcon.colcon_core.package_identification:Package 'src/robot_operator' with type 'ros.ament_python' and name 'robot_operator'
[0.187s] Level 1:colcon.colcon_core.package_identification:_identify(src/sam_bot_description) by extensions ['ignore', 'ignore_ament_install']
[0.188s] Level 1:colcon.colcon_core.package_identification:_identify(src/sam_bot_description) by extension 'ignore'
[0.188s] Level 1:colcon.colcon_core.package_identification:_identify(src/sam_bot_description) by extension 'ignore_ament_install'
[0.188s] Level 1:colcon.colcon_core.package_identification:_identify(src/sam_bot_description) by extensions ['colcon_pkg']
[0.188s] Level 1:colcon.colcon_core.package_identification:_identify(src/sam_bot_description) by extension 'colcon_pkg'
[0.188s] Level 1:colcon.colcon_core.package_identification:_identify(src/sam_bot_description) by extensions ['colcon_meta']
[0.188s] Level 1:colcon.colcon_core.package_identification:_identify(src/sam_bot_description) by extension 'colcon_meta'
[0.188s] Level 1:colcon.colcon_core.package_identification:_identify(src/sam_bot_description) by extensions ['ros']
[0.188s] Level 1:colcon.colcon_core.package_identification:_identify(src/sam_bot_description) by extension 'ros'
[0.189s] DEBUG:colcon.colcon_core.package_identification:Package 'src/sam_bot_description' with type 'ros.ament_cmake' and name 'sam_bot_description'
[0.189s] Level 1:colcon.colcon_core.package_identification:_identify(src/trsa_interface) by extensions ['ignore', 'ignore_ament_install']
[0.189s] Level 1:colcon.colcon_core.package_identification:_identify(src/trsa_interface) by extension 'ignore'
[0.189s] Level 1:colcon.colcon_core.package_identification:_identify(src/trsa_interface) by extension 'ignore_ament_install'
[0.189s] Level 1:colcon.colcon_core.package_identification:_identify(src/trsa_interface) by extensions ['colcon_pkg']
[0.189s] Level 1:colcon.colcon_core.package_identification:_identify(src/trsa_interface) by extension 'colcon_pkg'
[0.189s] Level 1:colcon.colcon_core.package_identification:_identify(src/trsa_interface) by extensions ['colcon_meta']
[0.189s] Level 1:colcon.colcon_core.package_identification:_identify(src/trsa_interface) by extension 'colcon_meta'
[0.189s] Level 1:colcon.colcon_core.package_identification:_identify(src/trsa_interface) by extensions ['ros']
[0.189s] Level 1:colcon.colcon_core.package_identification:_identify(src/trsa_interface) by extension 'ros'
[0.189s] DEBUG:colcon.colcon_core.package_identification:Package 'src/trsa_interface' with type 'ros.ament_cmake' and name 'trsa_interface'
[0.190s] Level 1:colcon.colcon_core.package_identification:_identify(training_imagesV1) by extensions ['ignore', 'ignore_ament_install']
[0.190s] Level 1:colcon.colcon_core.package_identification:_identify(training_imagesV1) by extension 'ignore'
[0.190s] Level 1:colcon.colcon_core.package_identification:_identify(training_imagesV1) by extension 'ignore_ament_install'
[0.190s] Level 1:colcon.colcon_core.package_identification:_identify(training_imagesV1) by extensions ['colcon_pkg']
[0.190s] Level 1:colcon.colcon_core.package_identification:_identify(training_imagesV1) by extension 'colcon_pkg'
[0.190s] Level 1:colcon.colcon_core.package_identification:_identify(training_imagesV1) by extensions ['colcon_meta']
[0.190s] Level 1:colcon.colcon_core.package_identification:_identify(training_imagesV1) by extension 'colcon_meta'
[0.190s] Level 1:colcon.colcon_core.package_identification:_identify(training_imagesV1) by extensions ['ros']
[0.190s] Level 1:colcon.colcon_core.package_identification:_identify(training_imagesV1) by extension 'ros'
[0.190s] Level 1:colcon.colcon_core.package_identification:_identify(training_imagesV1) by extensions ['cmake', 'python']
[0.190s] Level 1:colcon.colcon_core.package_identification:_identify(training_imagesV1) by extension 'cmake'
[0.190s] Level 1:colcon.colcon_core.package_identification:_identify(training_imagesV1) by extension 'python'
[0.190s] Level 1:colcon.colcon_core.package_identification:_identify(training_imagesV1) by extensions ['python_setup_py']
[0.190s] Level 1:colcon.colcon_core.package_identification:_identify(training_imagesV1) by extension 'python_setup_py'
[0.190s] Level 1:colcon.colcon_core.package_discovery:discover_packages(recursive) using defaults
[0.190s] Level 1:colcon.colcon_core.package_discovery:discover_packages(ignore) discover
[0.190s] Level 1:colcon.colcon_core.package_discovery:discover_packages(ignore) using defaults
[0.190s] Level 1:colcon.colcon_core.package_discovery:discover_packages(path) discover
[0.190s] Level 1:colcon.colcon_core.package_discovery:discover_packages(path) using defaults
[0.208s] Level 1:colcon.colcon_core.package_discovery:discover_packages(prefix_path) check parameters
[0.208s] Level 1:colcon.colcon_core.package_discovery:discover_packages(prefix_path) discover
[0.209s] DEBUG:colcon.colcon_installed_package_information.package_discovery:Found 3 installed packages in /home/tomas/trsa_lab2_ws/install
[0.209s] DEBUG:colcon.colcon_installed_package_information.package_discovery:Found 327 installed packages in /opt/ros/humble
[0.210s] Level 1:colcon.colcon_core.package_discovery:discover_packages(prefix_path) using defaults
[0.235s] Level 5:colcon.colcon_core.verb:set package 'robot_operator' build argument 'cmake_args' from command line to 'None'
[0.235s] Level 5:colcon.colcon_core.verb:set package 'robot_operator' build argument 'cmake_target' from command line to 'None'
[0.235s] Level 5:colcon.colcon_core.verb:set package 'robot_operator' build argument 'cmake_target_skip_unavailable' from command line to 'False'
[0.235s] Level 5:colcon.colcon_core.verb:set package 'robot_operator' build argument 'cmake_clean_cache' from command line to 'False'
[0.236s] Level 5:colcon.colcon_core.verb:set package 'robot_operator' build argument 'cmake_clean_first' from command line to 'False'
[0.236s] Level 5:colcon.colcon_core.verb:set package 'robot_operator' build argument 'cmake_force_configure' from command line to 'False'
[0.236s] Level 5:colcon.colcon_core.verb:set package 'robot_operator' build argument 'ament_cmake_args' from command line to 'None'
[0.236s] Level 5:colcon.colcon_core.verb:set package 'robot_operator' build argument 'catkin_cmake_args' from command line to 'None'
[0.236s] Level 5:colcon.colcon_core.verb:set package 'robot_operator' build argument 'catkin_skip_building_tests' from command line to 'False'
[0.236s] DEBUG:colcon.colcon_core.verb:Building package 'robot_operator' with the following arguments: {'ament_cmake_args': None, 'build_base': '/home/tomas/trsa_lab2_ws/build/robot_operator', 'catkin_cmake_args': None, 'catkin_skip_building_tests': False, 'cmake_args': None, 'cmake_clean_cache': False, 'cmake_clean_first': False, 'cmake_force_configure': False, 'cmake_target': None, 'cmake_target_skip_unavailable': False, 'install_base': '/home/tomas/trsa_lab2_ws/install/robot_operator', 'merge_install': False, 'path': '/home/tomas/trsa_lab2_ws/src/robot_operator', 'symlink_install': False, 'test_result_base': None}
[0.236s] Level 5:colcon.colcon_core.verb:set package 'sam_bot_description' build argument 'cmake_args' from command line to 'None'
[0.236s] Level 5:colcon.colcon_core.verb:set package 'sam_bot_description' build argument 'cmake_target' from command line to 'None'
[0.236s] Level 5:colcon.colcon_core.verb:set package 'sam_bot_description' build argument 'cmake_target_skip_unavailable' from command line to 'False'
[0.236s] Level 5:colcon.colcon_core.verb:set package 'sam_bot_description' build argument 'cmake_clean_cache' from command line to 'False'
[0.236s] Level 5:colcon.colcon_core.verb:set package 'sam_bot_description' build argument 'cmake_clean_first' from command line to 'False'
[0.236s] Level 5:colcon.colcon_core.verb:set package 'sam_bot_description' build argument 'cmake_force_configure' from command line to 'False'
[0.236s] Level 5:colcon.colcon_core.verb:set package 'sam_bot_description' build argument 'ament_cmake_args' from command line to 'None'
[0.236s] Level 5:colcon.colcon_core.verb:set package 'sam_bot_description' build argument 'catkin_cmake_args' from command line to 'None'
[0.236s] Level 5:colcon.colcon_core.verb:set package 'sam_bot_description' build argument 'catkin_skip_building_tests' from command line to 'False'
[0.236s] DEBUG:colcon.colcon_core.verb:Building package 'sam_bot_description' with the following arguments: {'ament_cmake_args': None, 'build_base': '/home/tomas/trsa_lab2_ws/build/sam_bot_description', 'catkin_cmake_args': None, 'catkin_skip_building_tests': False, 'cmake_args': None, 'cmake_clean_cache': False, 'cmake_clean_first': False, 'cmake_force_configure': False, 'cmake_target': None, 'cmake_target_skip_unavailable': False, 'install_base': '/home/tomas/trsa_lab2_ws/install/sam_bot_description', 'merge_install': False, 'path': '/home/tomas/trsa_lab2_ws/src/sam_bot_description', 'symlink_install': False, 'test_result_base': None}
[0.236s] Level 5:colcon.colcon_core.verb:set package 'trsa_interface' build argument 'cmake_args' from command line to 'None'
[0.236s] Level 5:colcon.colcon_core.verb:set package 'trsa_interface' build argument 'cmake_target' from command line to 'None'
[0.236s] Level 5:colcon.colcon_core.verb:set package 'trsa_interface' build argument 'cmake_target_skip_unavailable' from command line to 'False'
[0.236s] Level 5:colcon.colcon_core.verb:set package 'trsa_interface' build argument 'cmake_clean_cache' from command line to 'False'
[0.236s] Level 5:colcon.colcon_core.verb:set package 'trsa_interface' build argument 'cmake_clean_first' from command line to 'False'
[0.236s] Level 5:colcon.colcon_core.verb:set package 'trsa_interface' build argument 'cmake_force_configure' from command line to 'False'
[0.236s] Level 5:colcon.colcon_core.verb:set package 'trsa_interface' build argument 'ament_cmake_args' from command line to 'None'
[0.236s] Level 5:colcon.colcon_core.verb:set package 'trsa_interface' build argument 'catkin_cmake_args' from command line to 'None'
[0.236s] Level 5:colcon.colcon_core.verb:set package 'trsa_interface' build argument 'catkin_skip_building_tests' from command line to 'False'
[0.236s] DEBUG:colcon.colcon_core.verb:Building package 'trsa_interface' with the following arguments: {'ament_cmake_args': None, 'build_base': '/home/tomas/trsa_lab2_ws/build/trsa_interface', 'catkin_cmake_args': None, 'catkin_skip_building_tests': False, 'cmake_args': None, 'cmake_clean_cache': False, 'cmake_clean_first': False, 'cmake_force_configure': False, 'cmake_target': None, 'cmake_target_skip_unavailable': False, 'install_base': '/home/tomas/trsa_lab2_ws/install/trsa_interface', 'merge_install': False, 'path': '/home/tomas/trsa_lab2_ws/src/trsa_interface', 'symlink_install': False, 'test_result_base': None}
[0.236s] INFO:colcon.colcon_core.executor:Executing jobs using 'parallel' executor
[0.237s] DEBUG:colcon.colcon_parallel_executor.executor.parallel:run_until_complete
[0.237s] INFO:colcon.colcon_ros.task.ament_python.build:Building ROS package in '/home/tomas/trsa_lab2_ws/src/robot_operator' with build type 'ament_python'
[0.237s] Level 1:colcon.colcon_core.shell:create_environment_hook('robot_operator', 'ament_prefix_path')
[0.239s] INFO:colcon.colcon_core.plugin_system:Skipping extension 'colcon_core.shell.bat': Not used on non-Windows systems
[0.239s] INFO:colcon.colcon_core.shell:Creating environment hook '/home/tomas/trsa_lab2_ws/install/robot_operator/share/robot_operator/hook/ament_prefix_path.ps1'
[0.239s] INFO:colcon.colcon_core.shell:Creating environment descriptor '/home/tomas/trsa_lab2_ws/install/robot_operator/share/robot_operator/hook/ament_prefix_path.dsv'
[0.242s] INFO:colcon.colcon_core.shell:Creating environment hook '/home/tomas/trsa_lab2_ws/install/robot_operator/share/robot_operator/hook/ament_prefix_path.sh'
[0.243s] INFO:colcon.colcon_core.shell:Skip shell extension 'powershell' for command environment: Not usable outside of PowerShell
[0.243s] DEBUG:colcon.colcon_core.shell:Skip shell extension 'dsv' for command environment
[0.246s] INFO:colcon.colcon_ros.task.ament_cmake.build:Building ROS package in '/home/tomas/trsa_lab2_ws/src/sam_bot_description' with build type 'ament_cmake'
[0.246s] INFO:colcon.colcon_cmake.task.cmake.build:Building CMake package in '/home/tomas/trsa_lab2_ws/src/sam_bot_description'
[0.246s] INFO:colcon.colcon_core.shell:Skip shell extension 'powershell' for command environment: Not usable outside of PowerShell
[0.246s] DEBUG:colcon.colcon_core.shell:Skip shell extension 'dsv' for command environment
[0.248s] INFO:colcon.colcon_ros.task.ament_cmake.build:Building ROS package in '/home/tomas/trsa_lab2_ws/src/trsa_interface' with build type 'ament_cmake'
[0.248s] INFO:colcon.colcon_cmake.task.cmake.build:Building CMake package in '/home/tomas/trsa_lab2_ws/src/trsa_interface'
[0.248s] INFO:colcon.colcon_core.shell:Skip shell extension 'powershell' for command environment: Not usable outside of PowerShell
[0.248s] DEBUG:colcon.colcon_core.shell:Skip shell extension 'dsv' for command environment
[0.416s] INFO:colcon.colcon_core.task.python.build:Building Python package in '/home/tomas/trsa_lab2_ws/src/robot_operator'
[0.416s] INFO:colcon.colcon_core.shell:Skip shell extension 'powershell' for command environment: Not usable outside of PowerShell
[0.416s] DEBUG:colcon.colcon_core.shell:Skip shell extension 'dsv' for command environment
[0.420s] DEBUG:colcon.colcon_core.event_handler.log_command:Invoking command in '/home/tomas/trsa_lab2_ws/build/sam_bot_description': CMAKE_PREFIX_PATH=${CMAKE_PREFIX_PATH}:/home/tomas/trsa_lab2_ws/install/robot_operator:/opt/ros/humble /usr/bin/cmake --build /home/tomas/trsa_lab2_ws/build/sam_bot_description -- -j20 -l20
[0.424s] DEBUG:colcon.colcon_core.event_handler.log_command:Invoking command in '/home/tomas/trsa_lab2_ws/build/trsa_interface': CMAKE_PREFIX_PATH=${CMAKE_PREFIX_PATH}:/home/tomas/trsa_lab2_ws/install/robot_operator:/opt/ros/humble /usr/bin/cmake --build /home/tomas/trsa_lab2_ws/build/trsa_interface -- -j20 -l20
[0.451s] DEBUG:colcon.colcon_core.event_handler.log_command:Invoked command in '/home/tomas/trsa_lab2_ws/build/sam_bot_description' returned '0': CMAKE_PREFIX_PATH=${CMAKE_PREFIX_PATH}:/home/tomas/trsa_lab2_ws/install/robot_operator:/opt/ros/humble /usr/bin/cmake --build /home/tomas/trsa_lab2_ws/build/sam_bot_description -- -j20 -l20
[0.476s] DEBUG:colcon.colcon_core.event_handler.log_command:Invoking command in '/home/tomas/trsa_lab2_ws/build/sam_bot_description': CMAKE_PREFIX_PATH=${CMAKE_PREFIX_PATH}:/home/tomas/trsa_lab2_ws/install/robot_operator:/opt/ros/humble /usr/bin/cmake --install /home/tomas/trsa_lab2_ws/build/sam_bot_description
[0.487s] Level 1:colcon.colcon_core.environment:create_environment_scripts_only(sam_bot_description)
[0.488s] DEBUG:colcon.colcon_core.event_handler.log_command:Invoked command in '/home/tomas/trsa_lab2_ws/build/sam_bot_description' returned '0': CMAKE_PREFIX_PATH=${CMAKE_PREFIX_PATH}:/home/tomas/trsa_lab2_ws/install/robot_operator:/opt/ros/humble /usr/bin/cmake --install /home/tomas/trsa_lab2_ws/build/sam_bot_description
[0.489s] Level 1:colcon.colcon_core.environment:checking '/home/tomas/trsa_lab2_ws/install/sam_bot_description' for CMake module files
[0.490s] Level 1:colcon.colcon_core.environment:checking '/home/tomas/trsa_lab2_ws/install/sam_bot_description' for CMake config files
[0.490s] Level 1:colcon.colcon_core.shell:create_environment_hook('sam_bot_description', 'cmake_prefix_path')
[0.490s] INFO:colcon.colcon_core.shell:Creating environment hook '/home/tomas/trsa_lab2_ws/install/sam_bot_description/share/sam_bot_description/hook/cmake_prefix_path.ps1'
[0.490s] INFO:colcon.colcon_core.shell:Creating environment descriptor '/home/tomas/trsa_lab2_ws/install/sam_bot_description/share/sam_bot_description/hook/cmake_prefix_path.dsv'
[0.494s] INFO:colcon.colcon_core.shell:Creating environment hook '/home/tomas/trsa_lab2_ws/install/sam_bot_description/share/sam_bot_description/hook/cmake_prefix_path.sh'
[0.495s] Level 1:colcon.colcon_core.environment:checking '/home/tomas/trsa_lab2_ws/install/sam_bot_description/bin'
[0.495s] Level 1:colcon.colcon_core.environment:checking '/home/tomas/trsa_lab2_ws/install/sam_bot_description/lib/pkgconfig/sam_bot_description.pc'
[0.495s] Level 1:colcon.colcon_core.environment:checking '/home/tomas/trsa_lab2_ws/install/sam_bot_description/lib/python3.10/site-packages'
[0.495s] Level 1:colcon.colcon_core.environment:checking '/home/tomas/trsa_lab2_ws/install/sam_bot_description/bin'
[0.496s] INFO:colcon.colcon_core.shell:Creating package script '/home/tomas/trsa_lab2_ws/install/sam_bot_description/share/sam_bot_description/package.ps1'
[0.496s] INFO:colcon.colcon_core.shell:Creating package descriptor '/home/tomas/trsa_lab2_ws/install/sam_bot_description/share/sam_bot_description/package.dsv'
[0.497s] INFO:colcon.colcon_core.shell:Creating package script '/home/tomas/trsa_lab2_ws/install/sam_bot_description/share/sam_bot_description/package.sh'
[0.498s] INFO:colcon.colcon_core.shell:Creating package script '/home/tomas/trsa_lab2_ws/install/sam_bot_description/share/sam_bot_description/package.bash'
[0.499s] INFO:colcon.colcon_core.shell:Creating package script '/home/tomas/trsa_lab2_ws/install/sam_bot_description/share/sam_bot_description/package.zsh'
[0.500s] Level 1:colcon.colcon_core.environment:create_file_with_runtime_dependencies(/home/tomas/trsa_lab2_ws/install/sam_bot_description/share/colcon-core/packages/sam_bot_description)
[0.520s] Level 1:colcon.colcon_core.environment:create_environment_scripts_only(sam_bot_description)
[0.521s] Level 1:colcon.colcon_core.environment:checking '/home/tomas/trsa_lab2_ws/install/sam_bot_description' for CMake module files
[0.521s] Level 1:colcon.colcon_core.environment:checking '/home/tomas/trsa_lab2_ws/install/sam_bot_description' for CMake config files
[0.522s] Level 1:colcon.colcon_core.shell:create_environment_hook('sam_bot_description', 'cmake_prefix_path')
[0.522s] INFO:colcon.colcon_core.shell:Creating environment hook '/home/tomas/trsa_lab2_ws/install/sam_bot_description/share/sam_bot_description/hook/cmake_prefix_path.ps1'
[0.522s] INFO:colcon.colcon_core.shell:Creating environment descriptor '/home/tomas/trsa_lab2_ws/install/sam_bot_description/share/sam_bot_description/hook/cmake_prefix_path.dsv'
[0.525s] INFO:colcon.colcon_core.shell:Creating environment hook '/home/tomas/trsa_lab2_ws/install/sam_bot_description/share/sam_bot_description/hook/cmake_prefix_path.sh'
[0.526s] Level 1:colcon.colcon_core.environment:checking '/home/tomas/trsa_lab2_ws/install/sam_bot_description/bin'
[0.526s] Level 1:colcon.colcon_core.environment:checking '/home/tomas/trsa_lab2_ws/install/sam_bot_description/lib/pkgconfig/sam_bot_description.pc'
[0.526s] Level 1:colcon.colcon_core.environment:checking '/home/tomas/trsa_lab2_ws/install/sam_bot_description/lib/python3.10/site-packages'
[0.527s] Level 1:colcon.colcon_core.environment:checking '/home/tomas/trsa_lab2_ws/install/sam_bot_description/bin'
[0.527s] INFO:colcon.colcon_core.shell:Creating package script '/home/tomas/trsa_lab2_ws/install/sam_bot_description/share/sam_bot_description/package.ps1'
[0.527s] INFO:colcon.colcon_core.shell:Creating package descriptor '/home/tomas/trsa_lab2_ws/install/sam_bot_description/share/sam_bot_description/package.dsv'
[0.528s] INFO:colcon.colcon_core.shell:Creating package script '/home/tomas/trsa_lab2_ws/install/sam_bot_description/share/sam_bot_description/package.sh'
[0.529s] INFO:colcon.colcon_core.shell:Creating package script '/home/tomas/trsa_lab2_ws/install/sam_bot_description/share/sam_bot_description/package.bash'
[0.530s] INFO:colcon.colcon_core.shell:Creating package script '/home/tomas/trsa_lab2_ws/install/sam_bot_description/share/sam_bot_description/package.zsh'
[0.531s] Level 1:colcon.colcon_core.environment:create_file_with_runtime_dependencies(/home/tomas/trsa_lab2_ws/install/sam_bot_description/share/colcon-core/packages/sam_bot_description)
[0.646s] DEBUG:colcon.colcon_core.event_handler.log_command:Invoking command in '/home/tomas/trsa_lab2_ws/src/robot_operator': PYTHONPATH=/home/tomas/trsa_lab2_ws/build/robot_operator/prefix_override:/usr/lib/python3/dist-packages/colcon_core/task/python/colcon_distutils_commands:/home/tomas/trsa_lab2_ws/install/robot_operator/lib/python3.10/site-packages:${PYTHONPATH} /usr/bin/python3 -W ignore:setup.py install is deprecated setup.py egg_info --egg-base ../../build/robot_operator build --build-base /home/tomas/trsa_lab2_ws/build/robot_operator/build install --record /home/tomas/trsa_lab2_ws/build/robot_operator/install.log --single-version-externally-managed install_data
[0.669s] DEBUG:colcon.colcon_core.event_handler.log_command:Invoked command in '/home/tomas/trsa_lab2_ws/build/trsa_interface' returned '0': CMAKE_PREFIX_PATH=${CMAKE_PREFIX_PATH}:/home/tomas/trsa_lab2_ws/install/robot_operator:/opt/ros/humble /usr/bin/cmake --build /home/tomas/trsa_lab2_ws/build/trsa_interface -- -j20 -l20
[0.724s] DEBUG:colcon.colcon_core.event_handler.log_command:Invoking command in '/home/tomas/trsa_lab2_ws/build/trsa_interface': CMAKE_PREFIX_PATH=${CMAKE_PREFIX_PATH}:/home/tomas/trsa_lab2_ws/install/robot_operator:/opt/ros/humble /usr/bin/cmake --install /home/tomas/trsa_lab2_ws/build/trsa_interface
[0.759s] Level 1:colcon.colcon_core.environment:create_environment_scripts_only(trsa_interface)
[0.759s] DEBUG:colcon.colcon_core.event_handler.log_command:Invoked command in '/home/tomas/trsa_lab2_ws/build/trsa_interface' returned '0': CMAKE_PREFIX_PATH=${CMAKE_PREFIX_PATH}:/home/tomas/trsa_lab2_ws/install/robot_operator:/opt/ros/humble /usr/bin/cmake --install /home/tomas/trsa_lab2_ws/build/trsa_interface
[0.759s] Level 1:colcon.colcon_core.environment:checking '/home/tomas/trsa_lab2_ws/install/trsa_interface' for CMake module files
[0.759s] Level 1:colcon.colcon_core.environment:checking '/home/tomas/trsa_lab2_ws/install/trsa_interface' for CMake config files
[0.760s] Level 1:colcon.colcon_core.shell:create_environment_hook('trsa_interface', 'cmake_prefix_path')
[0.760s] INFO:colcon.colcon_core.shell:Creating environment hook '/home/tomas/trsa_lab2_ws/install/trsa_interface/share/trsa_interface/hook/cmake_prefix_path.ps1'
[0.760s] INFO:colcon.colcon_core.shell:Creating environment descriptor '/home/tomas/trsa_lab2_ws/install/trsa_interface/share/trsa_interface/hook/cmake_prefix_path.dsv'
[0.763s] INFO:colcon.colcon_core.shell:Creating environment hook '/home/tomas/trsa_lab2_ws/install/trsa_interface/share/trsa_interface/hook/cmake_prefix_path.sh'
[0.764s] Level 1:colcon.colcon_core.environment:checking '/home/tomas/trsa_lab2_ws/install/trsa_interface/lib'
[0.764s] Level 1:colcon.colcon_core.shell:create_environment_hook('trsa_interface', 'ld_library_path_lib')
[0.764s] INFO:colcon.colcon_core.shell:Creating environment hook '/home/tomas/trsa_lab2_ws/install/trsa_interface/share/trsa_interface/hook/ld_library_path_lib.ps1'
[0.765s] INFO:colcon.colcon_core.shell:Creating environment descriptor '/home/tomas/trsa_lab2_ws/install/trsa_interface/share/trsa_interface/hook/ld_library_path_lib.dsv'
[0.766s] INFO:colcon.colcon_core.shell:Creating environment hook '/home/tomas/trsa_lab2_ws/install/trsa_interface/share/trsa_interface/hook/ld_library_path_lib.sh'
[0.767s] Level 1:colcon.colcon_core.environment:checking '/home/tomas/trsa_lab2_ws/install/trsa_interface/bin'
[0.767s] Level 1:colcon.colcon_core.environment:checking '/home/tomas/trsa_lab2_ws/install/trsa_interface/lib/pkgconfig/trsa_interface.pc'
[0.767s] Level 1:colcon.colcon_core.environment:checking '/home/tomas/trsa_lab2_ws/install/trsa_interface/lib/python3.10/site-packages'
[0.767s] Level 1:colcon.colcon_core.environment:checking '/home/tomas/trsa_lab2_ws/install/trsa_interface/bin'
[0.767s] INFO:colcon.colcon_core.shell:Creating package script '/home/tomas/trsa_lab2_ws/install/trsa_interface/share/trsa_interface/package.ps1'
[0.768s] INFO:colcon.colcon_core.shell:Creating package descriptor '/home/tomas/trsa_lab2_ws/install/trsa_interface/share/trsa_interface/package.dsv'
[0.769s] INFO:colcon.colcon_core.shell:Creating package script '/home/tomas/trsa_lab2_ws/install/trsa_interface/share/trsa_interface/package.sh'
[0.770s] INFO:colcon.colcon_core.shell:Creating package script '/home/tomas/trsa_lab2_ws/install/trsa_interface/share/trsa_interface/package.bash'
[0.771s] INFO:colcon.colcon_core.shell:Creating package script '/home/tomas/trsa_lab2_ws/install/trsa_interface/share/trsa_interface/package.zsh'
[0.772s] Level 1:colcon.colcon_core.environment:create_file_with_runtime_dependencies(/home/tomas/trsa_lab2_ws/install/trsa_interface/share/colcon-core/packages/trsa_interface)
[0.826s] Level 1:colcon.colcon_core.environment:create_environment_scripts_only(trsa_interface)
[0.826s] Level 1:colcon.colcon_core.environment:checking '/home/tomas/trsa_lab2_ws/install/trsa_interface' for CMake module files
[0.827s] Level 1:colcon.colcon_core.environment:checking '/home/tomas/trsa_lab2_ws/install/trsa_interface' for CMake config files
[0.827s] Level 1:colcon.colcon_core.shell:create_environment_hook('trsa_interface', 'cmake_prefix_path')
[0.827s] INFO:colcon.colcon_core.shell:Creating environment hook '/home/tomas/trsa_lab2_ws/install/trsa_interface/share/trsa_interface/hook/cmake_prefix_path.ps1'
[0.827s] INFO:colcon.colcon_core.shell:Creating environment descriptor '/home/tomas/trsa_lab2_ws/install/trsa_interface/share/trsa_interface/hook/cmake_prefix_path.dsv'
[0.828s] INFO:colcon.colcon_core.shell:Creating environment hook '/home/tomas/trsa_lab2_ws/install/trsa_interface/share/trsa_interface/hook/cmake_prefix_path.sh'
[0.829s] Level 1:colcon.colcon_core.environment:checking '/home/tomas/trsa_lab2_ws/install/trsa_interface/lib'
[0.829s] Level 1:colcon.colcon_core.shell:create_environment_hook('trsa_interface', 'ld_library_path_lib')
[0.830s] INFO:colcon.colcon_core.shell:Creating environment hook '/home/tomas/trsa_lab2_ws/install/trsa_interface/share/trsa_interface/hook/ld_library_path_lib.ps1'
[0.830s] INFO:colcon.colcon_core.shell:Creating environment descriptor '/home/tomas/trsa_lab2_ws/install/trsa_interface/share/trsa_interface/hook/ld_library_path_lib.dsv'
[0.831s] INFO:colcon.colcon_core.shell:Creating environment hook '/home/tomas/trsa_lab2_ws/install/trsa_interface/share/trsa_interface/hook/ld_library_path_lib.sh'
[0.834s] Level 1:colcon.colcon_core.environment:checking '/home/tomas/trsa_lab2_ws/install/trsa_interface/bin'
[0.834s] Level 1:colcon.colcon_core.environment:checking '/home/tomas/trsa_lab2_ws/install/trsa_interface/lib/pkgconfig/trsa_interface.pc'
[0.834s] Level 1:colcon.colcon_core.environment:checking '/home/tomas/trsa_lab2_ws/install/trsa_interface/lib/python3.10/site-packages'
[0.834s] Level 1:colcon.colcon_core.environment:checking '/home/tomas/trsa_lab2_ws/install/trsa_interface/bin'
[0.835s] INFO:colcon.colcon_core.shell:Creating package script '/home/tomas/trsa_lab2_ws/install/trsa_interface/share/trsa_interface/package.ps1'
[0.835s] INFO:colcon.colcon_core.shell:Creating package descriptor '/home/tomas/trsa_lab2_ws/install/trsa_interface/share/trsa_interface/package.dsv'
[0.838s] INFO:colcon.colcon_core.shell:Creating package script '/home/tomas/trsa_lab2_ws/install/trsa_interface/share/trsa_interface/package.sh'
[0.839s] INFO:colcon.colcon_core.shell:Creating package script '/home/tomas/trsa_lab2_ws/install/trsa_interface/share/trsa_interface/package.bash'
[0.842s] INFO:colcon.colcon_core.shell:Creating package script '/home/tomas/trsa_lab2_ws/install/trsa_interface/share/trsa_interface/package.zsh'
[0.844s] Level 1:colcon.colcon_core.environment:create_file_with_runtime_dependencies(/home/tomas/trsa_lab2_ws/install/trsa_interface/share/colcon-core/packages/trsa_interface)
[0.863s] Level 1:colcon.colcon_core.environment:checking '/home/tomas/trsa_lab2_ws/install/robot_operator' for CMake module files
[0.864s] DEBUG:colcon.colcon_core.event_handler.log_command:Invoked command in '/home/tomas/trsa_lab2_ws/src/robot_operator' returned '0': PYTHONPATH=/home/tomas/trsa_lab2_ws/build/robot_operator/prefix_override:/usr/lib/python3/dist-packages/colcon_core/task/python/colcon_distutils_commands:/home/tomas/trsa_lab2_ws/install/robot_operator/lib/python3.10/site-packages:${PYTHONPATH} /usr/bin/python3 -W ignore:setup.py install is deprecated setup.py egg_info --egg-base ../../build/robot_operator build --build-base /home/tomas/trsa_lab2_ws/build/robot_operator/build install --record /home/tomas/trsa_lab2_ws/build/robot_operator/install.log --single-version-externally-managed install_data
[0.864s] Level 1:colcon.colcon_core.environment:checking '/home/tomas/trsa_lab2_ws/install/robot_operator' for CMake config files
[0.864s] Level 1:colcon.colcon_core.environment:checking '/home/tomas/trsa_lab2_ws/install/robot_operator/lib'
[0.865s] Level 1:colcon.colcon_core.environment:checking '/home/tomas/trsa_lab2_ws/install/robot_operator/bin'
[0.865s] Level 1:colcon.colcon_core.environment:checking '/home/tomas/trsa_lab2_ws/install/robot_operator/lib/pkgconfig/robot_operator.pc'
[0.865s] Level 1:colcon.colcon_core.environment:checking '/home/tomas/trsa_lab2_ws/install/robot_operator/lib/python3.10/site-packages'
[0.865s] Level 1:colcon.colcon_core.shell:create_environment_hook('robot_operator', 'pythonpath')
[0.865s] INFO:colcon.colcon_core.shell:Creating environment hook '/home/tomas/trsa_lab2_ws/install/robot_operator/share/robot_operator/hook/pythonpath.ps1'
[0.866s] INFO:colcon.colcon_core.shell:Creating environment descriptor '/home/tomas/trsa_lab2_ws/install/robot_operator/share/robot_operator/hook/pythonpath.dsv'
[0.867s] INFO:colcon.colcon_core.shell:Creating environment hook '/home/tomas/trsa_lab2_ws/install/robot_operator/share/robot_operator/hook/pythonpath.sh'
[0.869s] Level 1:colcon.colcon_core.environment:checking '/home/tomas/trsa_lab2_ws/install/robot_operator/bin'
[0.869s] Level 1:colcon.colcon_core.environment:create_environment_scripts_only(robot_operator)
[0.870s] INFO:colcon.colcon_core.shell:Creating package script '/home/tomas/trsa_lab2_ws/install/robot_operator/share/robot_operator/package.ps1'
[0.871s] INFO:colcon.colcon_core.shell:Creating package descriptor '/home/tomas/trsa_lab2_ws/install/robot_operator/share/robot_operator/package.dsv'
[0.872s] INFO:colcon.colcon_core.shell:Creating package script '/home/tomas/trsa_lab2_ws/install/robot_operator/share/robot_operator/package.sh'
[0.873s] INFO:colcon.colcon_core.shell:Creating package script '/home/tomas/trsa_lab2_ws/install/robot_operator/share/robot_operator/package.bash'
[0.874s] INFO:colcon.colcon_core.shell:Creating package script '/home/tomas/trsa_lab2_ws/install/robot_operator/share/robot_operator/package.zsh'
[0.875s] Level 1:colcon.colcon_core.environment:create_file_with_runtime_dependencies(/home/tomas/trsa_lab2_ws/install/robot_operator/share/colcon-core/packages/robot_operator)
[0.876s] DEBUG:colcon.colcon_parallel_executor.executor.parallel:closing loop
[0.877s] DEBUG:colcon.colcon_parallel_executor.executor.parallel:loop closed
[0.877s] DEBUG:colcon.colcon_parallel_executor.executor.parallel:run_until_complete finished with '0'
[0.877s] DEBUG:colcon.colcon_core.event_reactor:joining thread
[0.891s] INFO:colcon.colcon_core.plugin_system:Skipping extension 'colcon_notification.desktop_notification.terminal_notifier': Not used on non-Darwin systems
[0.891s] INFO:colcon.colcon_core.plugin_system:Skipping extension 'colcon_notification.desktop_notification.win32': Not used on non-Windows systems
[0.891s] INFO:colcon.colcon_notification.desktop_notification:Sending desktop notification using 'notify2'
[0.916s] DEBUG:colcon.colcon_core.event_reactor:joined thread
[0.917s] INFO:colcon.colcon_core.shell:Creating prefix script '/home/tomas/trsa_lab2_ws/install/local_setup.ps1'
[0.920s] INFO:colcon.colcon_core.shell:Creating prefix util module '/home/tomas/trsa_lab2_ws/install/_local_setup_util_ps1.py'
[0.922s] INFO:colcon.colcon_core.shell:Creating prefix chain script '/home/tomas/trsa_lab2_ws/install/setup.ps1'
[0.924s] INFO:colcon.colcon_core.shell:Creating prefix script '/home/tomas/trsa_lab2_ws/install/local_setup.sh'
[0.924s] INFO:colcon.colcon_core.shell:Creating prefix util module '/home/tomas/trsa_lab2_ws/install/_local_setup_util_sh.py'
[0.925s] INFO:colcon.colcon_core.shell:Creating prefix chain script '/home/tomas/trsa_lab2_ws/install/setup.sh'
[0.928s] INFO:colcon.colcon_core.shell:Creating prefix script '/home/tomas/trsa_lab2_ws/install/local_setup.bash'
[0.928s] INFO:colcon.colcon_core.shell:Creating prefix chain script '/home/tomas/trsa_lab2_ws/install/setup.bash'
[0.929s] INFO:colcon.colcon_core.shell:Creating prefix script '/home/tomas/trsa_lab2_ws/install/local_setup.zsh'
[0.930s] INFO:colcon.colcon_core.shell:Creating prefix chain script '/home/tomas/trsa_lab2_ws/install/setup.zsh'
