[0.062s] DEBUG:colcon:Command line arguments: ['/usr/bin/colcon', 'build']
[0.062s] DEBUG:colcon:Parsed command line arguments: Namespace(log_base=None, log_level=None, verb_name='build', build_base='build', install_base='install', merge_install=False, symlink_install=False, test_result_base=None, continue_on_error=False, executor='parallel', parallel_workers=20, event_handlers=None, ignore_user_meta=False, metas=['./colcon.meta'], base_paths=['.'], packages_ignore=None, packages_ignore_regex=None, paths=None, packages_up_to=None, packages_up_to_regex=None, packages_above=None, packages_above_and_dependencies=None, packages_above_depth=None, packages_select_by_dep=None, packages_skip_by_dep=None, packages_skip_up_to=None, packages_select_build_failed=False, packages_skip_build_finished=False, packages_select_test_failures=False, packages_skip_test_passed=False, packages_select=None, packages_skip=None, packages_select_regex=None, packages_skip_regex=None, packages_start=None, packages_end=None, allow_overriding=[], cmake_args=None, cmake_target=None, cmake_target_skip_unavailable=False, cmake_clean_cache=False, cmake_clean_first=False, cmake_force_configure=False, ament_cmake_args=None, catkin_cmake_args=None, catkin_skip_building_tests=False, verb_parser=<colcon_defaults.argument_parser.defaults.DefaultArgumentsDecorator object at 0x72bc33851210>, verb_extension=<colcon_core.verb.build.BuildVerb object at 0x72bc33850850>, main=<bound method BuildVerb.main of <colcon_core.verb.build.BuildVerb object at 0x72bc33850850>>)
[0.166s] Level 1:colcon.colcon_core.package_discovery:discover_packages(colcon_meta) check parameters
[0.166s] Level 1:colcon.colcon_core.package_discovery:discover_packages(recursive) check parameters
[0.166s] Level 1:colcon.colcon_core.package_discovery:discover_packages(ignore) check parameters
[0.166s] Level 1:colcon.colcon_core.package_discovery:discover_packages(path) check parameters
[0.166s] Level 1:colcon.colcon_core.package_discovery:discover_packages(colcon_meta) discover
[0.166s] Level 1:colcon.colcon_core.package_discovery:discover_packages(recursive) discover
[0.166s] INFO:colcon.colcon_core.package_discovery:Crawling recursively for packages in '/home/tomas/trsa_lab2_ws'
[0.166s] Level 1:colcon.colcon_core.package_identification:_identify(.) by extensions ['ignore', 'ignore_ament_install']
[0.166s] Level 1:colcon.colcon_core.package_identification:_identify(.) by extension 'ignore'
[0.166s] Level 1:colcon.colcon_core.package_identification:_identify(.) by extension 'ignore_ament_install'
[0.166s] Level 1:colcon.colcon_core.package_identification:_identify(.) by extensions ['colcon_pkg']
[0.166s] Level 1:colcon.colcon_core.package_identification:_identify(.) by extension 'colcon_pkg'
[0.166s] Level 1:colcon.colcon_core.package_identification:_identify(.) by extensions ['colcon_meta']
[0.166s] Level 1:colcon.colcon_core.package_identification:_identify(.) by extension 'colcon_meta'
[0.166s] Level 1:colcon.colcon_core.package_identification:_identify(.) by extensions ['ros']
[0.166s] Level 1:colcon.colcon_core.package_identification:_identify(.) by extension 'ros'
[0.174s] Level 1:colcon.colcon_core.package_identification:_identify(.) by extensions ['cmake', 'python']
[0.174s] Level 1:colcon.colcon_core.package_identification:_identify(.) by extension 'cmake'
[0.174s] Level 1:colcon.colcon_core.package_identification:_identify(.) by extension 'python'
[0.174s] Level 1:colcon.colcon_core.package_identification:_identify(.) by extensions ['python_setup_py']
[0.174s] Level 1:colcon.colcon_core.package_identification:_identify(.) by extension 'python_setup_py'
[0.174s] Level 1:colcon.colcon_core.package_identification:_identify(build) by extensions ['ignore', 'ignore_ament_install']
[0.174s] Level 1:colcon.colcon_core.package_identification:_identify(build) by extension 'ignore'
[0.174s] Level 1:colcon.colcon_core.package_identification:_identify(build) ignored
[0.174s] Level 1:colcon.colcon_core.package_identification:_identify(install) by extensions ['ignore', 'ignore_ament_install']
[0.174s] Level 1:colcon.colcon_core.package_identification:_identify(install) by extension 'ignore'
[0.174s] Level 1:colcon.colcon_core.package_identification:_identify(install) ignored
[0.174s] Level 1:colcon.colcon_core.package_identification:_identify(log) by extensions ['ignore', 'ignore_ament_install']
[0.174s] Level 1:colcon.colcon_core.package_identification:_identify(log) by extension 'ignore'
[0.174s] Level 1:colcon.colcon_core.package_identification:_identify(log) ignored
[0.174s] Level 1:colcon.colcon_core.package_identification:_identify(src) by extensions ['ignore', 'ignore_ament_install']
[0.174s] Level 1:colcon.colcon_core.package_identification:_identify(src) by extension 'ignore'
[0.174s] Level 1:colcon.colcon_core.package_identification:_identify(src) by extension 'ignore_ament_install'
[0.174s] Level 1:colcon.colcon_core.package_identification:_identify(src) by extensions ['colcon_pkg']
[0.174s] Level 1:colcon.colcon_core.package_identification:_identify(src) by extension 'colcon_pkg'
[0.174s] Level 1:colcon.colcon_core.package_identification:_identify(src) by extensions ['colcon_meta']
[0.174s] Level 1:colcon.colcon_core.package_identification:_identify(src) by extension 'colcon_meta'
[0.174s] Level 1:colcon.colcon_core.package_identification:_identify(src) by extensions ['ros']
[0.174s] Level 1:colcon.colcon_core.package_identification:_identify(src) by extension 'ros'
[0.174s] Level 1:colcon.colcon_core.package_identification:_identify(src) by extensions ['cmake', 'python']
[0.174s] Level 1:colcon.colcon_core.package_identification:_identify(src) by extension 'cmake'
[0.174s] Level 1:colcon.colcon_core.package_identification:_identify(src) by extension 'python'
[0.174s] Level 1:colcon.colcon_core.package_identification:_identify(src) by extensions ['python_setup_py']
[0.174s] Level 1:colcon.colcon_core.package_identification:_identify(src) by extension 'python_setup_py'
[0.175s] Level 1:colcon.colcon_core.package_identification:_identify(src/robot_operator) by extensions ['ignore', 'ignore_ament_install']
[0.175s] Level 1:colcon.colcon_core.package_identification:_identify(src/robot_operator) by extension 'ignore'
[0.175s] Level 1:colcon.colcon_core.package_identification:_identify(src/robot_operator) by extension 'ignore_ament_install'
[0.175s] Level 1:colcon.colcon_core.package_identification:_identify(src/robot_operator) by extensions ['colcon_pkg']
[0.175s] Level 1:colcon.colcon_core.package_identification:_identify(src/robot_operator) by extension 'colcon_pkg'
[0.175s] Level 1:colcon.colcon_core.package_identification:_identify(src/robot_operator) by extensions ['colcon_meta']
[0.175s] Level 1:colcon.colcon_core.package_identification:_identify(src/robot_operator) by extension 'colcon_meta'
[0.175s] Level 1:colcon.colcon_core.package_identification:_identify(src/robot_operator) by extensions ['ros']
[0.175s] Level 1:colcon.colcon_core.package_identification:_identify(src/robot_operator) by extension 'ros'
[0.177s] DEBUG:colcon.colcon_core.package_identification:Package 'src/robot_operator' with type 'ros.ament_python' and name 'robot_operator'
[0.177s] Level 1:colcon.colcon_core.package_identification:_identify(src/sam_bot_description) by extensions ['ignore', 'ignore_ament_install']
[0.177s] Level 1:colcon.colcon_core.package_identification:_identify(src/sam_bot_description) by extension 'ignore'
[0.177s] Level 1:colcon.colcon_core.package_identification:_identify(src/sam_bot_description) by extension 'ignore_ament_install'
[0.177s] Level 1:colcon.colcon_core.package_identification:_identify(src/sam_bot_description) by extensions ['colcon_pkg']
[0.177s] Level 1:colcon.colcon_core.package_identification:_identify(src/sam_bot_description) by extension 'colcon_pkg'
[0.177s] Level 1:colcon.colcon_core.package_identification:_identify(src/sam_bot_description) by extensions ['colcon_meta']
[0.177s] Level 1:colcon.colcon_core.package_identification:_identify(src/sam_bot_description) by extension 'colcon_meta'
[0.177s] Level 1:colcon.colcon_core.package_identification:_identify(src/sam_bot_description) by extensions ['ros']
[0.177s] Level 1:colcon.colcon_core.package_identification:_identify(src/sam_bot_description) by extension 'ros'
[0.178s] DEBUG:colcon.colcon_core.package_identification:Package 'src/sam_bot_description' with type 'ros.ament_cmake' and name 'sam_bot_description'
[0.178s] Level 1:colcon.colcon_core.package_identification:_identify(src/trsa_interface) by extensions ['ignore', 'ignore_ament_install']
[0.178s] Level 1:colcon.colcon_core.package_identification:_identify(src/trsa_interface) by extension 'ignore'
[0.178s] Level 1:colcon.colcon_core.package_identification:_identify(src/trsa_interface) by extension 'ignore_ament_install'
[0.178s] Level 1:colcon.colcon_core.package_identification:_identify(src/trsa_interface) by extensions ['colcon_pkg']
[0.178s] Level 1:colcon.colcon_core.package_identification:_identify(src/trsa_interface) by extension 'colcon_pkg'
[0.178s] Level 1:colcon.colcon_core.package_identification:_identify(src/trsa_interface) by extensions ['colcon_meta']
[0.178s] Level 1:colcon.colcon_core.package_identification:_identify(src/trsa_interface) by extension 'colcon_meta'
[0.178s] Level 1:colcon.colcon_core.package_identification:_identify(src/trsa_interface) by extensions ['ros']
[0.178s] Level 1:colcon.colcon_core.package_identification:_identify(src/trsa_interface) by extension 'ros'
[0.178s] DEBUG:colcon.colcon_core.package_identification:Package 'src/trsa_interface' with type 'ros.ament_cmake' and name 'trsa_interface'
[0.179s] Level 1:colcon.colcon_core.package_identification:_identify(training_imagesV1) by extensions ['ignore', 'ignore_ament_install']
[0.179s] Level 1:colcon.colcon_core.package_identification:_identify(training_imagesV1) by extension 'ignore'
[0.179s] Level 1:colcon.colcon_core.package_identification:_identify(training_imagesV1) by extension 'ignore_ament_install'
[0.179s] Level 1:colcon.colcon_core.package_identification:_identify(training_imagesV1) by extensions ['colcon_pkg']
[0.179s] Level 1:colcon.colcon_core.package_identification:_identify(training_imagesV1) by extension 'colcon_pkg'
[0.179s] Level 1:colcon.colcon_core.package_identification:_identify(training_imagesV1) by extensions ['colcon_meta']
[0.179s] Level 1:colcon.colcon_core.package_identification:_identify(training_imagesV1) by extension 'colcon_meta'
[0.179s] Level 1:colcon.colcon_core.package_identification:_identify(training_imagesV1) by extensions ['ros']
[0.179s] Level 1:colcon.colcon_core.package_identification:_identify(training_imagesV1) by extension 'ros'
[0.179s] Level 1:colcon.colcon_core.package_identification:_identify(training_imagesV1) by extensions ['cmake', 'python']
[0.179s] Level 1:colcon.colcon_core.package_identification:_identify(training_imagesV1) by extension 'cmake'
[0.179s] Level 1:colcon.colcon_core.package_identification:_identify(training_imagesV1) by extension 'python'
[0.179s] Level 1:colcon.colcon_core.package_identification:_identify(training_imagesV1) by extensions ['python_setup_py']
[0.179s] Level 1:colcon.colcon_core.package_identification:_identify(training_imagesV1) by extension 'python_setup_py'
[0.179s] Level 1:colcon.colcon_core.package_discovery:discover_packages(recursive) using defaults
[0.179s] Level 1:colcon.colcon_core.package_discovery:discover_packages(ignore) discover
[0.179s] Level 1:colcon.colcon_core.package_discovery:discover_packages(ignore) using defaults
[0.179s] Level 1:colcon.colcon_core.package_discovery:discover_packages(path) discover
[0.179s] Level 1:colcon.colcon_core.package_discovery:discover_packages(path) using defaults
[0.197s] Level 1:colcon.colcon_core.package_discovery:discover_packages(prefix_path) check parameters
[0.197s] Level 1:colcon.colcon_core.package_discovery:discover_packages(prefix_path) discover
[0.197s] WARNING:colcon.colcon_ros.prefix_path.ament:The path '/home/tomas/trsa_lab2_ws/install/trsa_interface' in the environment variable AMENT_PREFIX_PATH doesn't exist
[0.197s] WARNING:colcon.colcon_ros.prefix_path.ament:The path '/home/tomas/trsa_lab2_ws/install/sam_bot_description' in the environment variable AMENT_PREFIX_PATH doesn't exist
[0.197s] WARNING:colcon.colcon_ros.prefix_path.ament:The path '/home/tomas/trsa_lab2_ws/install/robot_operator' in the environment variable AMENT_PREFIX_PATH doesn't exist
[0.197s] WARNING:colcon.colcon_ros.prefix_path.catkin:The path '/home/tomas/trsa_lab2_ws/install/trsa_interface' in the environment variable CMAKE_PREFIX_PATH doesn't exist
[0.197s] WARNING:colcon.colcon_ros.prefix_path.catkin:The path '/home/tomas/trsa_lab2_ws/install/sam_bot_description' in the environment variable CMAKE_PREFIX_PATH doesn't exist
[0.198s] DEBUG:colcon.colcon_installed_package_information.package_discovery:Found 0 installed packages in /home/tomas/trsa_lab2_ws/install
[0.198s] DEBUG:colcon.colcon_installed_package_information.package_discovery:Found 326 installed packages in /opt/ros/humble
[0.199s] Level 1:colcon.colcon_core.package_discovery:discover_packages(prefix_path) using defaults
[0.223s] Level 5:colcon.colcon_core.verb:set package 'robot_operator' build argument 'cmake_args' from command line to 'None'
[0.223s] Level 5:colcon.colcon_core.verb:set package 'robot_operator' build argument 'cmake_target' from command line to 'None'
[0.223s] Level 5:colcon.colcon_core.verb:set package 'robot_operator' build argument 'cmake_target_skip_unavailable' from command line to 'False'
[0.223s] Level 5:colcon.colcon_core.verb:set package 'robot_operator' build argument 'cmake_clean_cache' from command line to 'False'
[0.223s] Level 5:colcon.colcon_core.verb:set package 'robot_operator' build argument 'cmake_clean_first' from command line to 'False'
[0.223s] Level 5:colcon.colcon_core.verb:set package 'robot_operator' build argument 'cmake_force_configure' from command line to 'False'
[0.223s] Level 5:colcon.colcon_core.verb:set package 'robot_operator' build argument 'ament_cmake_args' from command line to 'None'
[0.223s] Level 5:colcon.colcon_core.verb:set package 'robot_operator' build argument 'catkin_cmake_args' from command line to 'None'
[0.223s] Level 5:colcon.colcon_core.verb:set package 'robot_operator' build argument 'catkin_skip_building_tests' from command line to 'False'
[0.223s] DEBUG:colcon.colcon_core.verb:Building package 'robot_operator' with the following arguments: {'ament_cmake_args': None, 'build_base': '/home/tomas/trsa_lab2_ws/build/robot_operator', 'catkin_cmake_args': None, 'catkin_skip_building_tests': False, 'cmake_args': None, 'cmake_clean_cache': False, 'cmake_clean_first': False, 'cmake_force_configure': False, 'cmake_target': None, 'cmake_target_skip_unavailable': False, 'install_base': '/home/tomas/trsa_lab2_ws/install/robot_operator', 'merge_install': False, 'path': '/home/tomas/trsa_lab2_ws/src/robot_operator', 'symlink_install': False, 'test_result_base': None}
[0.223s] Level 5:colcon.colcon_core.verb:set package 'sam_bot_description' build argument 'cmake_args' from command line to 'None'
[0.223s] Level 5:colcon.colcon_core.verb:set package 'sam_bot_description' build argument 'cmake_target' from command line to 'None'
[0.223s] Level 5:colcon.colcon_core.verb:set package 'sam_bot_description' build argument 'cmake_target_skip_unavailable' from command line to 'False'
[0.223s] Level 5:colcon.colcon_core.verb:set package 'sam_bot_description' build argument 'cmake_clean_cache' from command line to 'False'
[0.223s] Level 5:colcon.colcon_core.verb:set package 'sam_bot_description' build argument 'cmake_clean_first' from command line to 'False'
[0.223s] Level 5:colcon.colcon_core.verb:set package 'sam_bot_description' build argument 'cmake_force_configure' from command line to 'False'
[0.223s] Level 5:colcon.colcon_core.verb:set package 'sam_bot_description' build argument 'ament_cmake_args' from command line to 'None'
[0.223s] Level 5:colcon.colcon_core.verb:set package 'sam_bot_description' build argument 'catkin_cmake_args' from command line to 'None'
[0.223s] Level 5:colcon.colcon_core.verb:set package 'sam_bot_description' build argument 'catkin_skip_building_tests' from command line to 'False'
[0.223s] DEBUG:colcon.colcon_core.verb:Building package 'sam_bot_description' with the following arguments: {'ament_cmake_args': None, 'build_base': '/home/tomas/trsa_lab2_ws/build/sam_bot_description', 'catkin_cmake_args': None, 'catkin_skip_building_tests': False, 'cmake_args': None, 'cmake_clean_cache': False, 'cmake_clean_first': False, 'cmake_force_configure': False, 'cmake_target': None, 'cmake_target_skip_unavailable': False, 'install_base': '/home/tomas/trsa_lab2_ws/install/sam_bot_description', 'merge_install': False, 'path': '/home/tomas/trsa_lab2_ws/src/sam_bot_description', 'symlink_install': False, 'test_result_base': None}
[0.223s] Level 5:colcon.colcon_core.verb:set package 'trsa_interface' build argument 'cmake_args' from command line to 'None'
[0.224s] Level 5:colcon.colcon_core.verb:set package 'trsa_interface' build argument 'cmake_target' from command line to 'None'
[0.224s] Level 5:colcon.colcon_core.verb:set package 'trsa_interface' build argument 'cmake_target_skip_unavailable' from command line to 'False'
[0.224s] Level 5:colcon.colcon_core.verb:set package 'trsa_interface' build argument 'cmake_clean_cache' from command line to 'False'
[0.224s] Level 5:colcon.colcon_core.verb:set package 'trsa_interface' build argument 'cmake_clean_first' from command line to 'False'
[0.224s] Level 5:colcon.colcon_core.verb:set package 'trsa_interface' build argument 'cmake_force_configure' from command line to 'False'
[0.224s] Level 5:colcon.colcon_core.verb:set package 'trsa_interface' build argument 'ament_cmake_args' from command line to 'None'
[0.224s] Level 5:colcon.colcon_core.verb:set package 'trsa_interface' build argument 'catkin_cmake_args' from command line to 'None'
[0.224s] Level 5:colcon.colcon_core.verb:set package 'trsa_interface' build argument 'catkin_skip_building_tests' from command line to 'False'
[0.224s] DEBUG:colcon.colcon_core.verb:Building package 'trsa_interface' with the following arguments: {'ament_cmake_args': None, 'build_base': '/home/tomas/trsa_lab2_ws/build/trsa_interface', 'catkin_cmake_args': None, 'catkin_skip_building_tests': False, 'cmake_args': None, 'cmake_clean_cache': False, 'cmake_clean_first': False, 'cmake_force_configure': False, 'cmake_target': None, 'cmake_target_skip_unavailable': False, 'install_base': '/home/tomas/trsa_lab2_ws/install/trsa_interface', 'merge_install': False, 'path': '/home/tomas/trsa_lab2_ws/src/trsa_interface', 'symlink_install': False, 'test_result_base': None}
[0.224s] INFO:colcon.colcon_core.executor:Executing jobs using 'parallel' executor
[0.225s] DEBUG:colcon.colcon_parallel_executor.executor.parallel:run_until_complete
[0.225s] INFO:colcon.colcon_ros.task.ament_python.build:Building ROS package in '/home/tomas/trsa_lab2_ws/src/robot_operator' with build type 'ament_python'
[0.225s] Level 1:colcon.colcon_core.shell:create_environment_hook('robot_operator', 'ament_prefix_path')
[0.226s] INFO:colcon.colcon_core.plugin_system:Skipping extension 'colcon_core.shell.bat': Not used on non-Windows systems
[0.226s] INFO:colcon.colcon_core.shell:Creating environment hook '/home/tomas/trsa_lab2_ws/install/robot_operator/share/robot_operator/hook/ament_prefix_path.ps1'
[0.227s] INFO:colcon.colcon_core.shell:Creating environment descriptor '/home/tomas/trsa_lab2_ws/install/robot_operator/share/robot_operator/hook/ament_prefix_path.dsv'
[0.227s] INFO:colcon.colcon_core.shell:Creating environment hook '/home/tomas/trsa_lab2_ws/install/robot_operator/share/robot_operator/hook/ament_prefix_path.sh'
[0.227s] INFO:colcon.colcon_core.shell:Skip shell extension 'powershell' for command environment: Not usable outside of PowerShell
[0.227s] DEBUG:colcon.colcon_core.shell:Skip shell extension 'dsv' for command environment
[0.229s] INFO:colcon.colcon_ros.task.ament_cmake.build:Building ROS package in '/home/tomas/trsa_lab2_ws/src/sam_bot_description' with build type 'ament_cmake'
[0.229s] INFO:colcon.colcon_cmake.task.cmake.build:Building CMake package in '/home/tomas/trsa_lab2_ws/src/sam_bot_description'
[0.229s] INFO:colcon.colcon_core.shell:Skip shell extension 'powershell' for command environment: Not usable outside of PowerShell
[0.229s] DEBUG:colcon.colcon_core.shell:Skip shell extension 'dsv' for command environment
[0.231s] INFO:colcon.colcon_ros.task.ament_cmake.build:Building ROS package in '/home/tomas/trsa_lab2_ws/src/trsa_interface' with build type 'ament_cmake'
[0.231s] INFO:colcon.colcon_cmake.task.cmake.build:Building CMake package in '/home/tomas/trsa_lab2_ws/src/trsa_interface'
[0.231s] INFO:colcon.colcon_core.shell:Skip shell extension 'powershell' for command environment: Not usable outside of PowerShell
[0.231s] DEBUG:colcon.colcon_core.shell:Skip shell extension 'dsv' for command environment
[0.389s] INFO:colcon.colcon_core.task.python.build:Building Python package in '/home/tomas/trsa_lab2_ws/src/robot_operator'
[0.389s] INFO:colcon.colcon_core.shell:Skip shell extension 'powershell' for command environment: Not usable outside of PowerShell
[0.389s] DEBUG:colcon.colcon_core.shell:Skip shell extension 'dsv' for command environment
[0.395s] DEBUG:colcon.colcon_core.event_handler.log_command:Invoking command in '/home/tomas/trsa_lab2_ws/build/sam_bot_description': CMAKE_PREFIX_PATH=${CMAKE_PREFIX_PATH}:/home/tomas/trsa_lab2_ws/install/robot_operator:/opt/ros/humble /usr/bin/cmake /home/tomas/trsa_lab2_ws/src/sam_bot_description -DCMAKE_INSTALL_PREFIX=/home/tomas/trsa_lab2_ws/install/sam_bot_description
[0.396s] DEBUG:colcon.colcon_core.event_handler.log_command:Invoking command in '/home/tomas/trsa_lab2_ws/build/trsa_interface': CMAKE_PREFIX_PATH=${CMAKE_PREFIX_PATH}:/home/tomas/trsa_lab2_ws/install/robot_operator:/opt/ros/humble /usr/bin/cmake /home/tomas/trsa_lab2_ws/src/trsa_interface -DCMAKE_INSTALL_PREFIX=/home/tomas/trsa_lab2_ws/install/trsa_interface
[0.601s] DEBUG:colcon.colcon_core.event_handler.log_command:Invoking command in '/home/tomas/trsa_lab2_ws/src/robot_operator': PYTHONPATH=/home/tomas/trsa_lab2_ws/build/robot_operator/prefix_override:/usr/lib/python3/dist-packages/colcon_core/task/python/colcon_distutils_commands:/home/tomas/trsa_lab2_ws/install/robot_operator/lib/python3.10/site-packages:${PYTHONPATH} /usr/bin/python3 -W ignore:setup.py install is deprecated setup.py egg_info --egg-base ../../build/robot_operator build --build-base /home/tomas/trsa_lab2_ws/build/robot_operator/build install --record /home/tomas/trsa_lab2_ws/build/robot_operator/install.log --single-version-externally-managed install_data
[0.794s] DEBUG:colcon.colcon_core.event_handler.log_command:Invoked command in '/home/tomas/trsa_lab2_ws/src/robot_operator' returned '0': PYTHONPATH=/home/tomas/trsa_lab2_ws/build/robot_operator/prefix_override:/usr/lib/python3/dist-packages/colcon_core/task/python/colcon_distutils_commands:/home/tomas/trsa_lab2_ws/install/robot_operator/lib/python3.10/site-packages:${PYTHONPATH} /usr/bin/python3 -W ignore:setup.py install is deprecated setup.py egg_info --egg-base ../../build/robot_operator build --build-base /home/tomas/trsa_lab2_ws/build/robot_operator/build install --record /home/tomas/trsa_lab2_ws/build/robot_operator/install.log --single-version-externally-managed install_data
[0.796s] Level 1:colcon.colcon_core.environment:checking '/home/tomas/trsa_lab2_ws/install/robot_operator' for CMake module files
[0.796s] Level 1:colcon.colcon_core.environment:checking '/home/tomas/trsa_lab2_ws/install/robot_operator' for CMake config files
[0.796s] Level 1:colcon.colcon_core.environment:checking '/home/tomas/trsa_lab2_ws/install/robot_operator/lib'
[0.797s] Level 1:colcon.colcon_core.environment:checking '/home/tomas/trsa_lab2_ws/install/robot_operator/bin'
[0.797s] Level 1:colcon.colcon_core.environment:checking '/home/tomas/trsa_lab2_ws/install/robot_operator/lib/pkgconfig/robot_operator.pc'
[0.797s] Level 1:colcon.colcon_core.environment:checking '/home/tomas/trsa_lab2_ws/install/robot_operator/lib/python3.10/site-packages'
[0.797s] Level 1:colcon.colcon_core.shell:create_environment_hook('robot_operator', 'pythonpath')
[0.797s] INFO:colcon.colcon_core.shell:Creating environment hook '/home/tomas/trsa_lab2_ws/install/robot_operator/share/robot_operator/hook/pythonpath.ps1'
[0.797s] INFO:colcon.colcon_core.shell:Creating environment descriptor '/home/tomas/trsa_lab2_ws/install/robot_operator/share/robot_operator/hook/pythonpath.dsv'
[0.797s] INFO:colcon.colcon_core.shell:Creating environment hook '/home/tomas/trsa_lab2_ws/install/robot_operator/share/robot_operator/hook/pythonpath.sh'
[0.798s] Level 1:colcon.colcon_core.environment:checking '/home/tomas/trsa_lab2_ws/install/robot_operator/bin'
[0.798s] Level 1:colcon.colcon_core.environment:create_environment_scripts_only(robot_operator)
[0.798s] INFO:colcon.colcon_core.shell:Creating package script '/home/tomas/trsa_lab2_ws/install/robot_operator/share/robot_operator/package.ps1'
[0.798s] INFO:colcon.colcon_core.shell:Creating package descriptor '/home/tomas/trsa_lab2_ws/install/robot_operator/share/robot_operator/package.dsv'
[0.799s] INFO:colcon.colcon_core.shell:Creating package script '/home/tomas/trsa_lab2_ws/install/robot_operator/share/robot_operator/package.sh'
[0.799s] INFO:colcon.colcon_core.shell:Creating package script '/home/tomas/trsa_lab2_ws/install/robot_operator/share/robot_operator/package.bash'
[0.799s] INFO:colcon.colcon_core.shell:Creating package script '/home/tomas/trsa_lab2_ws/install/robot_operator/share/robot_operator/package.zsh'
[0.800s] Level 1:colcon.colcon_core.environment:create_file_with_runtime_dependencies(/home/tomas/trsa_lab2_ws/install/robot_operator/share/colcon-core/packages/robot_operator)
[2.546s] DEBUG:colcon.colcon_core.event_handler.log_command:Invoked command in '/home/tomas/trsa_lab2_ws/build/sam_bot_description' returned '0': CMAKE_PREFIX_PATH=${CMAKE_PREFIX_PATH}:/home/tomas/trsa_lab2_ws/install/robot_operator:/opt/ros/humble /usr/bin/cmake /home/tomas/trsa_lab2_ws/src/sam_bot_description -DCMAKE_INSTALL_PREFIX=/home/tomas/trsa_lab2_ws/install/sam_bot_description
[2.548s] DEBUG:colcon.colcon_core.event_handler.log_command:Invoking command in '/home/tomas/trsa_lab2_ws/build/sam_bot_description': CMAKE_PREFIX_PATH=${CMAKE_PREFIX_PATH}:/home/tomas/trsa_lab2_ws/install/robot_operator:/opt/ros/humble /usr/bin/cmake --build /home/tomas/trsa_lab2_ws/build/sam_bot_description -- -j20 -l20
[2.579s] DEBUG:colcon.colcon_core.event_handler.log_command:Invoked command in '/home/tomas/trsa_lab2_ws/build/sam_bot_description' returned '0': CMAKE_PREFIX_PATH=${CMAKE_PREFIX_PATH}:/home/tomas/trsa_lab2_ws/install/robot_operator:/opt/ros/humble /usr/bin/cmake --build /home/tomas/trsa_lab2_ws/build/sam_bot_description -- -j20 -l20
[2.610s] DEBUG:colcon.colcon_core.event_handler.log_command:Invoking command in '/home/tomas/trsa_lab2_ws/build/sam_bot_description': CMAKE_PREFIX_PATH=${CMAKE_PREFIX_PATH}:/home/tomas/trsa_lab2_ws/install/robot_operator:/opt/ros/humble /usr/bin/cmake --install /home/tomas/trsa_lab2_ws/build/sam_bot_description
[2.626s] Level 1:colcon.colcon_core.environment:create_environment_scripts_only(sam_bot_description)
[2.626s] Level 1:colcon.colcon_core.environment:checking '/home/tomas/trsa_lab2_ws/install/sam_bot_description' for CMake module files
[2.627s] DEBUG:colcon.colcon_core.event_handler.log_command:Invoked command in '/home/tomas/trsa_lab2_ws/build/sam_bot_description' returned '0': CMAKE_PREFIX_PATH=${CMAKE_PREFIX_PATH}:/home/tomas/trsa_lab2_ws/install/robot_operator:/opt/ros/humble /usr/bin/cmake --install /home/tomas/trsa_lab2_ws/build/sam_bot_description
[2.627s] Level 1:colcon.colcon_core.environment:checking '/home/tomas/trsa_lab2_ws/install/sam_bot_description' for CMake config files
[2.627s] Level 1:colcon.colcon_core.shell:create_environment_hook('sam_bot_description', 'cmake_prefix_path')
[2.627s] INFO:colcon.colcon_core.shell:Creating environment hook '/home/tomas/trsa_lab2_ws/install/sam_bot_description/share/sam_bot_description/hook/cmake_prefix_path.ps1'
[2.628s] INFO:colcon.colcon_core.shell:Creating environment descriptor '/home/tomas/trsa_lab2_ws/install/sam_bot_description/share/sam_bot_description/hook/cmake_prefix_path.dsv'
[2.628s] INFO:colcon.colcon_core.shell:Creating environment hook '/home/tomas/trsa_lab2_ws/install/sam_bot_description/share/sam_bot_description/hook/cmake_prefix_path.sh'
[2.628s] Level 1:colcon.colcon_core.environment:checking '/home/tomas/trsa_lab2_ws/install/sam_bot_description/bin'
[2.628s] Level 1:colcon.colcon_core.environment:checking '/home/tomas/trsa_lab2_ws/install/sam_bot_description/lib/pkgconfig/sam_bot_description.pc'
[2.628s] Level 1:colcon.colcon_core.environment:checking '/home/tomas/trsa_lab2_ws/install/sam_bot_description/lib/python3.10/site-packages'
[2.628s] Level 1:colcon.colcon_core.environment:checking '/home/tomas/trsa_lab2_ws/install/sam_bot_description/bin'
[2.629s] INFO:colcon.colcon_core.shell:Creating package script '/home/tomas/trsa_lab2_ws/install/sam_bot_description/share/sam_bot_description/package.ps1'
[2.629s] INFO:colcon.colcon_core.shell:Creating package descriptor '/home/tomas/trsa_lab2_ws/install/sam_bot_description/share/sam_bot_description/package.dsv'
[2.629s] INFO:colcon.colcon_core.shell:Creating package script '/home/tomas/trsa_lab2_ws/install/sam_bot_description/share/sam_bot_description/package.sh'
[2.629s] INFO:colcon.colcon_core.shell:Creating package script '/home/tomas/trsa_lab2_ws/install/sam_bot_description/share/sam_bot_description/package.bash'
[2.629s] INFO:colcon.colcon_core.shell:Creating package script '/home/tomas/trsa_lab2_ws/install/sam_bot_description/share/sam_bot_description/package.zsh'
[2.630s] Level 1:colcon.colcon_core.environment:create_file_with_runtime_dependencies(/home/tomas/trsa_lab2_ws/install/sam_bot_description/share/colcon-core/packages/sam_bot_description)
[2.648s] Level 1:colcon.colcon_core.environment:create_environment_scripts_only(sam_bot_description)
[2.648s] Level 1:colcon.colcon_core.environment:checking '/home/tomas/trsa_lab2_ws/install/sam_bot_description' for CMake module files
[2.648s] Level 1:colcon.colcon_core.environment:checking '/home/tomas/trsa_lab2_ws/install/sam_bot_description' for CMake config files
[2.648s] Level 1:colcon.colcon_core.shell:create_environment_hook('sam_bot_description', 'cmake_prefix_path')
[2.648s] INFO:colcon.colcon_core.shell:Creating environment hook '/home/tomas/trsa_lab2_ws/install/sam_bot_description/share/sam_bot_description/hook/cmake_prefix_path.ps1'
[2.649s] INFO:colcon.colcon_core.shell:Creating environment descriptor '/home/tomas/trsa_lab2_ws/install/sam_bot_description/share/sam_bot_description/hook/cmake_prefix_path.dsv'
[2.651s] INFO:colcon.colcon_core.shell:Creating environment hook '/home/tomas/trsa_lab2_ws/install/sam_bot_description/share/sam_bot_description/hook/cmake_prefix_path.sh'
[2.652s] Level 1:colcon.colcon_core.environment:checking '/home/tomas/trsa_lab2_ws/install/sam_bot_description/bin'
[2.652s] Level 1:colcon.colcon_core.environment:checking '/home/tomas/trsa_lab2_ws/install/sam_bot_description/lib/pkgconfig/sam_bot_description.pc'
[2.652s] Level 1:colcon.colcon_core.environment:checking '/home/tomas/trsa_lab2_ws/install/sam_bot_description/lib/python3.10/site-packages'
[2.653s] Level 1:colcon.colcon_core.environment:checking '/home/tomas/trsa_lab2_ws/install/sam_bot_description/bin'
[2.653s] INFO:colcon.colcon_core.shell:Creating package script '/home/tomas/trsa_lab2_ws/install/sam_bot_description/share/sam_bot_description/package.ps1'
[2.653s] INFO:colcon.colcon_core.shell:Creating package descriptor '/home/tomas/trsa_lab2_ws/install/sam_bot_description/share/sam_bot_description/package.dsv'
[2.654s] INFO:colcon.colcon_core.shell:Creating package script '/home/tomas/trsa_lab2_ws/install/sam_bot_description/share/sam_bot_description/package.sh'
[2.655s] INFO:colcon.colcon_core.shell:Creating package script '/home/tomas/trsa_lab2_ws/install/sam_bot_description/share/sam_bot_description/package.bash'
[2.656s] INFO:colcon.colcon_core.shell:Creating package script '/home/tomas/trsa_lab2_ws/install/sam_bot_description/share/sam_bot_description/package.zsh'
[2.657s] Level 1:colcon.colcon_core.environment:create_file_with_runtime_dependencies(/home/tomas/trsa_lab2_ws/install/sam_bot_description/share/colcon-core/packages/sam_bot_description)
[2.894s] DEBUG:colcon.colcon_core.event_handler.log_command:Invoked command in '/home/tomas/trsa_lab2_ws/build/trsa_interface' returned '0': CMAKE_PREFIX_PATH=${CMAKE_PREFIX_PATH}:/home/tomas/trsa_lab2_ws/install/robot_operator:/opt/ros/humble /usr/bin/cmake /home/tomas/trsa_lab2_ws/src/trsa_interface -DCMAKE_INSTALL_PREFIX=/home/tomas/trsa_lab2_ws/install/trsa_interface
[2.895s] DEBUG:colcon.colcon_core.event_handler.log_command:Invoking command in '/home/tomas/trsa_lab2_ws/build/trsa_interface': CMAKE_PREFIX_PATH=${CMAKE_PREFIX_PATH}:/home/tomas/trsa_lab2_ws/install/robot_operator:/opt/ros/humble /usr/bin/cmake --build /home/tomas/trsa_lab2_ws/build/trsa_interface -- -j20 -l20
[4.689s] DEBUG:colcon.colcon_core.event_handler.log_command:Invoked command in '/home/tomas/trsa_lab2_ws/build/trsa_interface' returned '0': CMAKE_PREFIX_PATH=${CMAKE_PREFIX_PATH}:/home/tomas/trsa_lab2_ws/install/robot_operator:/opt/ros/humble /usr/bin/cmake --build /home/tomas/trsa_lab2_ws/build/trsa_interface -- -j20 -l20
[4.870s] DEBUG:colcon.colcon_core.event_handler.log_command:Invoking command in '/home/tomas/trsa_lab2_ws/build/trsa_interface': CMAKE_PREFIX_PATH=${CMAKE_PREFIX_PATH}:/home/tomas/trsa_lab2_ws/install/robot_operator:/opt/ros/humble /usr/bin/cmake --install /home/tomas/trsa_lab2_ws/build/trsa_interface
[4.937s] Level 1:colcon.colcon_core.environment:create_environment_scripts_only(trsa_interface)
[4.937s] DEBUG:colcon.colcon_core.event_handler.log_command:Invoked command in '/home/tomas/trsa_lab2_ws/build/trsa_interface' returned '0': CMAKE_PREFIX_PATH=${CMAKE_PREFIX_PATH}:/home/tomas/trsa_lab2_ws/install/robot_operator:/opt/ros/humble /usr/bin/cmake --install /home/tomas/trsa_lab2_ws/build/trsa_interface
[4.937s] Level 1:colcon.colcon_core.environment:checking '/home/tomas/trsa_lab2_ws/install/trsa_interface' for CMake module files
[4.937s] Level 1:colcon.colcon_core.environment:checking '/home/tomas/trsa_lab2_ws/install/trsa_interface' for CMake config files
[4.937s] Level 1:colcon.colcon_core.shell:create_environment_hook('trsa_interface', 'cmake_prefix_path')
[4.938s] INFO:colcon.colcon_core.shell:Creating environment hook '/home/tomas/trsa_lab2_ws/install/trsa_interface/share/trsa_interface/hook/cmake_prefix_path.ps1'
[4.938s] INFO:colcon.colcon_core.shell:Creating environment descriptor '/home/tomas/trsa_lab2_ws/install/trsa_interface/share/trsa_interface/hook/cmake_prefix_path.dsv'
[4.938s] INFO:colcon.colcon_core.shell:Creating environment hook '/home/tomas/trsa_lab2_ws/install/trsa_interface/share/trsa_interface/hook/cmake_prefix_path.sh'
[4.938s] Level 1:colcon.colcon_core.environment:checking '/home/tomas/trsa_lab2_ws/install/trsa_interface/lib'
[4.938s] Level 1:colcon.colcon_core.shell:create_environment_hook('trsa_interface', 'ld_library_path_lib')
[4.939s] INFO:colcon.colcon_core.shell:Creating environment hook '/home/tomas/trsa_lab2_ws/install/trsa_interface/share/trsa_interface/hook/ld_library_path_lib.ps1'
[4.939s] INFO:colcon.colcon_core.shell:Creating environment descriptor '/home/tomas/trsa_lab2_ws/install/trsa_interface/share/trsa_interface/hook/ld_library_path_lib.dsv'
[4.939s] INFO:colcon.colcon_core.shell:Creating environment hook '/home/tomas/trsa_lab2_ws/install/trsa_interface/share/trsa_interface/hook/ld_library_path_lib.sh'
[4.939s] Level 1:colcon.colcon_core.environment:checking '/home/tomas/trsa_lab2_ws/install/trsa_interface/bin'
[4.939s] Level 1:colcon.colcon_core.environment:checking '/home/tomas/trsa_lab2_ws/install/trsa_interface/lib/pkgconfig/trsa_interface.pc'
[4.939s] Level 1:colcon.colcon_core.environment:checking '/home/tomas/trsa_lab2_ws/install/trsa_interface/lib/python3.10/site-packages'
[4.939s] Level 1:colcon.colcon_core.environment:checking '/home/tomas/trsa_lab2_ws/install/trsa_interface/bin'
[4.940s] INFO:colcon.colcon_core.shell:Creating package script '/home/tomas/trsa_lab2_ws/install/trsa_interface/share/trsa_interface/package.ps1'
[4.940s] INFO:colcon.colcon_core.shell:Creating package descriptor '/home/tomas/trsa_lab2_ws/install/trsa_interface/share/trsa_interface/package.dsv'
[4.940s] INFO:colcon.colcon_core.shell:Creating package script '/home/tomas/trsa_lab2_ws/install/trsa_interface/share/trsa_interface/package.sh'
[4.940s] INFO:colcon.colcon_core.shell:Creating package script '/home/tomas/trsa_lab2_ws/install/trsa_interface/share/trsa_interface/package.bash'
[4.940s] INFO:colcon.colcon_core.shell:Creating package script '/home/tomas/trsa_lab2_ws/install/trsa_interface/share/trsa_interface/package.zsh'
[4.941s] Level 1:colcon.colcon_core.environment:create_file_with_runtime_dependencies(/home/tomas/trsa_lab2_ws/install/trsa_interface/share/colcon-core/packages/trsa_interface)
[5.110s] Level 1:colcon.colcon_core.environment:create_environment_scripts_only(trsa_interface)
[5.110s] Level 1:colcon.colcon_core.environment:checking '/home/tomas/trsa_lab2_ws/install/trsa_interface' for CMake module files
[5.110s] Level 1:colcon.colcon_core.environment:checking '/home/tomas/trsa_lab2_ws/install/trsa_interface' for CMake config files
[5.111s] Level 1:colcon.colcon_core.shell:create_environment_hook('trsa_interface', 'cmake_prefix_path')
[5.111s] INFO:colcon.colcon_core.shell:Creating environment hook '/home/tomas/trsa_lab2_ws/install/trsa_interface/share/trsa_interface/hook/cmake_prefix_path.ps1'
[5.111s] INFO:colcon.colcon_core.shell:Creating environment descriptor '/home/tomas/trsa_lab2_ws/install/trsa_interface/share/trsa_interface/hook/cmake_prefix_path.dsv'
[5.114s] INFO:colcon.colcon_core.shell:Creating environment hook '/home/tomas/trsa_lab2_ws/install/trsa_interface/share/trsa_interface/hook/cmake_prefix_path.sh'
[5.115s] Level 1:colcon.colcon_core.environment:checking '/home/tomas/trsa_lab2_ws/install/trsa_interface/lib'
[5.115s] Level 1:colcon.colcon_core.shell:create_environment_hook('trsa_interface', 'ld_library_path_lib')
[5.115s] INFO:colcon.colcon_core.shell:Creating environment hook '/home/tomas/trsa_lab2_ws/install/trsa_interface/share/trsa_interface/hook/ld_library_path_lib.ps1'
[5.117s] INFO:colcon.colcon_core.shell:Creating environment descriptor '/home/tomas/trsa_lab2_ws/install/trsa_interface/share/trsa_interface/hook/ld_library_path_lib.dsv'
[5.118s] INFO:colcon.colcon_core.shell:Creating environment hook '/home/tomas/trsa_lab2_ws/install/trsa_interface/share/trsa_interface/hook/ld_library_path_lib.sh'
[5.119s] Level 1:colcon.colcon_core.environment:checking '/home/tomas/trsa_lab2_ws/install/trsa_interface/bin'
[5.119s] Level 1:colcon.colcon_core.environment:checking '/home/tomas/trsa_lab2_ws/install/trsa_interface/lib/pkgconfig/trsa_interface.pc'
[5.119s] Level 1:colcon.colcon_core.environment:checking '/home/tomas/trsa_lab2_ws/install/trsa_interface/lib/python3.10/site-packages'
[5.120s] Level 1:colcon.colcon_core.environment:checking '/home/tomas/trsa_lab2_ws/install/trsa_interface/bin'
[5.120s] INFO:colcon.colcon_core.shell:Creating package script '/home/tomas/trsa_lab2_ws/install/trsa_interface/share/trsa_interface/package.ps1'
[5.120s] INFO:colcon.colcon_core.shell:Creating package descriptor '/home/tomas/trsa_lab2_ws/install/trsa_interface/share/trsa_interface/package.dsv'
[5.121s] INFO:colcon.colcon_core.shell:Creating package script '/home/tomas/trsa_lab2_ws/install/trsa_interface/share/trsa_interface/package.sh'
[5.122s] INFO:colcon.colcon_core.shell:Creating package script '/home/tomas/trsa_lab2_ws/install/trsa_interface/share/trsa_interface/package.bash'
[5.123s] INFO:colcon.colcon_core.shell:Creating package script '/home/tomas/trsa_lab2_ws/install/trsa_interface/share/trsa_interface/package.zsh'
[5.124s] Level 1:colcon.colcon_core.environment:create_file_with_runtime_dependencies(/home/tomas/trsa_lab2_ws/install/trsa_interface/share/colcon-core/packages/trsa_interface)
[5.125s] DEBUG:colcon.colcon_parallel_executor.executor.parallel:closing loop
[5.126s] DEBUG:colcon.colcon_parallel_executor.executor.parallel:loop closed
[5.126s] DEBUG:colcon.colcon_parallel_executor.executor.parallel:run_until_complete finished with '0'
[5.126s] DEBUG:colcon.colcon_core.event_reactor:joining thread
[5.132s] INFO:colcon.colcon_core.plugin_system:Skipping extension 'colcon_notification.desktop_notification.terminal_notifier': Not used on non-Darwin systems
[5.132s] INFO:colcon.colcon_core.plugin_system:Skipping extension 'colcon_notification.desktop_notification.win32': Not used on non-Windows systems
[5.132s] INFO:colcon.colcon_notification.desktop_notification:Sending desktop notification using 'notify2'
[5.170s] DEBUG:colcon.colcon_core.event_reactor:joined thread
[5.170s] INFO:colcon.colcon_core.shell:Creating prefix script '/home/tomas/trsa_lab2_ws/install/local_setup.ps1'
[5.171s] INFO:colcon.colcon_core.shell:Creating prefix util module '/home/tomas/trsa_lab2_ws/install/_local_setup_util_ps1.py'
[5.173s] INFO:colcon.colcon_core.shell:Creating prefix chain script '/home/tomas/trsa_lab2_ws/install/setup.ps1'
[5.173s] INFO:colcon.colcon_core.shell:Creating prefix script '/home/tomas/trsa_lab2_ws/install/local_setup.sh'
[5.174s] INFO:colcon.colcon_core.shell:Creating prefix util module '/home/tomas/trsa_lab2_ws/install/_local_setup_util_sh.py'
[5.174s] INFO:colcon.colcon_core.shell:Creating prefix chain script '/home/tomas/trsa_lab2_ws/install/setup.sh'
[5.175s] INFO:colcon.colcon_core.shell:Creating prefix script '/home/tomas/trsa_lab2_ws/install/local_setup.bash'
[5.175s] INFO:colcon.colcon_core.shell:Creating prefix chain script '/home/tomas/trsa_lab2_ws/install/setup.bash'
[5.176s] INFO:colcon.colcon_core.shell:Creating prefix script '/home/tomas/trsa_lab2_ws/install/local_setup.zsh'
[5.176s] INFO:colcon.colcon_core.shell:Creating prefix chain script '/home/tomas/trsa_lab2_ws/install/setup.zsh'
