/home/tomas/trsa_lab2_ws/install/robot_operator/lib/python3.10/site-packages/robot_operator/image_recon.py
/home/tomas/trsa_lab2_ws/install/robot_operator/lib/python3.10/site-packages/robot_operator/record_video.py
/home/tomas/trsa_lab2_ws/install/robot_operator/lib/python3.10/site-packages/robot_operator/goal_pub_server.py
/home/tomas/trsa_lab2_ws/install/robot_operator/lib/python3.10/site-packages/robot_operator/__init__.py
/home/tomas/trsa_lab2_ws/install/robot_operator/lib/python3.10/site-packages/robot_operator/__pycache__/image_recon.cpython-310.pyc
/home/tomas/trsa_lab2_ws/install/robot_operator/lib/python3.10/site-packages/robot_operator/__pycache__/record_video.cpython-310.pyc
/home/tomas/trsa_lab2_ws/install/robot_operator/lib/python3.10/site-packages/robot_operator/__pycache__/goal_pub_server.cpython-310.pyc
/home/tomas/trsa_lab2_ws/install/robot_operator/lib/python3.10/site-packages/robot_operator/__pycache__/__init__.cpython-310.pyc
/home/tomas/trsa_lab2_ws/install/robot_operator/share/ament_index/resource_index/packages/robot_operator
/home/tomas/trsa_lab2_ws/install/robot_operator/share/robot_operator/package.xml
/home/tomas/trsa_lab2_ws/install/robot_operator/share/robot_operator/op_launch.py
/home/tomas/trsa_lab2_ws/install/robot_operator/lib/python3.10/site-packages/robot_operator-0.0.0-py3.10.egg-info/dependency_links.txt
/home/tomas/trsa_lab2_ws/install/robot_operator/lib/python3.10/site-packages/robot_operator-0.0.0-py3.10.egg-info/requires.txt
/home/tomas/trsa_lab2_ws/install/robot_operator/lib/python3.10/site-packages/robot_operator-0.0.0-py3.10.egg-info/PKG-INFO
/home/tomas/trsa_lab2_ws/install/robot_operator/lib/python3.10/site-packages/robot_operator-0.0.0-py3.10.egg-info/top_level.txt
/home/tomas/trsa_lab2_ws/install/robot_operator/lib/python3.10/site-packages/robot_operator-0.0.0-py3.10.egg-info/entry_points.txt
/home/tomas/trsa_lab2_ws/install/robot_operator/lib/python3.10/site-packages/robot_operator-0.0.0-py3.10.egg-info/SOURCES.txt
/home/tomas/trsa_lab2_ws/install/robot_operator/lib/python3.10/site-packages/robot_operator-0.0.0-py3.10.egg-info/zip-safe
/home/tomas/trsa_lab2_ws/install/robot_operator/lib/robot_operator/goal_pub_server
/home/tomas/trsa_lab2_ws/install/robot_operator/lib/robot_operator/image_recon
/home/tomas/trsa_lab2_ws/install/robot_operator/lib/robot_operator/record_video
