[0.192s] Invoking command in '/home/tomas/trsa_lab2_ws/build/sam_bot_description': CMAKE_PREFIX_PATH=${CMAKE_PREFIX_PATH}:/home/tomas/trsa_lab2_ws/install/robot_operator:/opt/ros/humble /usr/bin/cmake --build /home/tomas/trsa_lab2_ws/build/sam_bot_description -- -j20 -l20
[0.232s] Invoked command in '/home/tomas/trsa_lab2_ws/build/sam_bot_description' returned '0': CMAKE_PREFIX_PATH=${CMAKE_PREFIX_PATH}:/home/tomas/trsa_lab2_ws/install/robot_operator:/opt/ros/humble /usr/bin/cmake --build /home/tomas/trsa_lab2_ws/build/sam_bot_description -- -j20 -l20
[0.255s] Invoking command in '/home/tomas/trsa_lab2_ws/build/sam_bot_description': CMAKE_PREFIX_PATH=${CMAKE_PREFIX_PATH}:/home/tomas/trsa_lab2_ws/install/robot_operator:/opt/ros/humble /usr/bin/cmake --install /home/tomas/trsa_lab2_ws/build/sam_bot_description
[0.259s] -- Install configuration: ""
[0.259s] -- Up-to-date: /home/tomas/trsa_lab2_ws/install/sam_bot_description/share/sam_bot_description/src
[0.259s] -- Up-to-date: /home/tomas/trsa_lab2_ws/install/sam_bot_description/share/sam_bot_description/launch
[0.260s] -- Up-to-date: /home/tomas/trsa_lab2_ws/install/sam_bot_description/share/sam_bot_description/launch/display.launch.py
[0.260s] -- Up-to-date: /home/tomas/trsa_lab2_ws/install/sam_bot_description/share/sam_bot_description/launch/localization_launch.py
[0.260s] -- Up-to-date: /home/tomas/trsa_lab2_ws/install/sam_bot_description/share/sam_bot_description/launch/navigation_launch.py
[0.260s] -- Up-to-date: /home/tomas/trsa_lab2_ws/install/sam_bot_description/share/sam_bot_description/rviz
[0.260s] -- Up-to-date: /home/tomas/trsa_lab2_ws/install/sam_bot_description/share/sam_bot_description/rviz/urdf_config.rviz
[0.260s] -- Up-to-date: /home/tomas/trsa_lab2_ws/install/sam_bot_description/share/sam_bot_description/description
[0.260s] -- Up-to-date: /home/tomas/trsa_lab2_ws/install/sam_bot_description/share/sam_bot_description/description/sam_bot_description.urdf
[0.260s] -- Up-to-date: /home/tomas/trsa_lab2_ws/install/sam_bot_description/share/sam_bot_description/config
[0.260s] -- Up-to-date: /home/tomas/trsa_lab2_ws/install/sam_bot_description/share/sam_bot_description/config/nav2_params.yaml
[0.260s] -- Up-to-date: /home/tomas/trsa_lab2_ws/install/sam_bot_description/share/sam_bot_description/config/ekf.yaml
[0.260s] -- Up-to-date: /home/tomas/trsa_lab2_ws/install/sam_bot_description/share/sam_bot_description/config/old_params.yaml
[0.260s] -- Up-to-date: /home/tomas/trsa_lab2_ws/install/sam_bot_description/share/sam_bot_description/world
[0.260s] -- Up-to-date: /home/tomas/trsa_lab2_ws/install/sam_bot_description/share/sam_bot_description/world/trsa_two_rooms.world
[0.260s] -- Up-to-date: /home/tomas/trsa_lab2_ws/install/sam_bot_description/share/sam_bot_description/maps
[0.260s] -- Up-to-date: /home/tomas/trsa_lab2_ws/install/sam_bot_description/share/sam_bot_description/maps/two_rooms_map.yaml
[0.260s] -- Up-to-date: /home/tomas/trsa_lab2_ws/install/sam_bot_description/share/sam_bot_description/maps/two_rooms_map.pgm
[0.260s] -- Up-to-date: /home/tomas/trsa_lab2_ws/install/sam_bot_description/share/sam_bot_description/maps/two_rooms_map_old.pgm
[0.260s] -- Up-to-date: /home/tomas/trsa_lab2_ws/install/sam_bot_description/share/ament_index/resource_index/package_run_dependencies/sam_bot_description
[0.260s] -- Up-to-date: /home/tomas/trsa_lab2_ws/install/sam_bot_description/share/ament_index/resource_index/parent_prefix_path/sam_bot_description
[0.260s] -- Up-to-date: /home/tomas/trsa_lab2_ws/install/sam_bot_description/share/sam_bot_description/environment/ament_prefix_path.sh
[0.261s] -- Up-to-date: /home/tomas/trsa_lab2_ws/install/sam_bot_description/share/sam_bot_description/environment/ament_prefix_path.dsv
[0.261s] -- Up-to-date: /home/tomas/trsa_lab2_ws/install/sam_bot_description/share/sam_bot_description/environment/path.sh
[0.261s] -- Up-to-date: /home/tomas/trsa_lab2_ws/install/sam_bot_description/share/sam_bot_description/environment/path.dsv
[0.261s] -- Up-to-date: /home/tomas/trsa_lab2_ws/install/sam_bot_description/share/sam_bot_description/local_setup.bash
[0.261s] -- Up-to-date: /home/tomas/trsa_lab2_ws/install/sam_bot_description/share/sam_bot_description/local_setup.sh
[0.261s] -- Up-to-date: /home/tomas/trsa_lab2_ws/install/sam_bot_description/share/sam_bot_description/local_setup.zsh
[0.261s] -- Up-to-date: /home/tomas/trsa_lab2_ws/install/sam_bot_description/share/sam_bot_description/local_setup.dsv
[0.261s] -- Installing: /home/tomas/trsa_lab2_ws/install/sam_bot_description/share/sam_bot_description/package.dsv
[0.261s] -- Up-to-date: /home/tomas/trsa_lab2_ws/install/sam_bot_description/share/ament_index/resource_index/packages/sam_bot_description
[0.261s] -- Up-to-date: /home/tomas/trsa_lab2_ws/install/sam_bot_description/share/sam_bot_description/cmake/sam_bot_descriptionConfig.cmake
[0.261s] -- Up-to-date: /home/tomas/trsa_lab2_ws/install/sam_bot_description/share/sam_bot_description/cmake/sam_bot_descriptionConfig-version.cmake
[0.261s] -- Up-to-date: /home/tomas/trsa_lab2_ws/install/sam_bot_description/share/sam_bot_description/package.xml
[0.261s] Invoked command in '/home/tomas/trsa_lab2_ws/build/sam_bot_description' returned '0': CMAKE_PREFIX_PATH=${CMAKE_PREFIX_PATH}:/home/tomas/trsa_lab2_ws/install/robot_operator:/opt/ros/humble /usr/bin/cmake --install /home/tomas/trsa_lab2_ws/build/sam_bot_description
