[0.171s] Invoking command in '/home/tomas/trsa_lab2_ws/build/trsa_interface': CMAKE_PREFIX_PATH=${CMAKE_PREFIX_PATH}:/home/tomas/trsa_lab2_ws/install/robot_operator:/opt/ros/humble /usr/bin/cmake --build /home/tomas/trsa_lab2_ws/build/trsa_interface -- -j20 -l20
[0.211s] [  9%] Built target trsa_interface__rosidl_generator_c
[0.211s] [ 12%] Built target trsa_interface__cpp
[0.215s] [ 12%] Built target ament_cmake_python_copy_trsa_interface
[0.226s] [ 22%] Built target trsa_interface__rosidl_typesupport_c
[0.227s] [ 32%] Built target trsa_interface__rosidl_typesupport_fastrtps_c
[0.228s] [ 41%] Built target trsa_interface__rosidl_typesupport_introspection_c
[0.230s] [ 51%] Built target trsa_interface__rosidl_typesupport_fastrtps_cpp
[0.230s] [ 61%] Built target trsa_interface__rosidl_typesupport_cpp
[0.230s] [ 70%] Built target trsa_interface__rosidl_typesupport_introspection_cpp
[0.244s] [ 70%] Built target trsa_interface
[0.257s] [ 74%] Built target trsa_interface__py
[0.275s] [ 80%] Built target trsa_interface__rosidl_generator_py
[0.292s] [ 87%] Built target trsa_interface__rosidl_typesupport_c__pyext
[0.293s] [ 93%] Built target trsa_interface__rosidl_typesupport_introspection_c__pyext
[0.294s] [100%] Built target trsa_interface__rosidl_typesupport_fastrtps_c__pyext
[0.378s] running egg_info
[0.378s] writing trsa_interface.egg-info/PKG-INFO
[0.378s] writing dependency_links to trsa_interface.egg-info/dependency_links.txt
[0.380s] writing top-level names to trsa_interface.egg-info/top_level.txt
[0.384s] reading manifest file 'trsa_interface.egg-info/SOURCES.txt'
[0.384s] writing manifest file 'trsa_interface.egg-info/SOURCES.txt'
[0.400s] [100%] Built target ament_cmake_python_build_trsa_interface_egg
[0.408s] Invoked command in '/home/tomas/trsa_lab2_ws/build/trsa_interface' returned '0': CMAKE_PREFIX_PATH=${CMAKE_PREFIX_PATH}:/home/tomas/trsa_lab2_ws/install/robot_operator:/opt/ros/humble /usr/bin/cmake --build /home/tomas/trsa_lab2_ws/build/trsa_interface -- -j20 -l20
[0.460s] Invoking command in '/home/tomas/trsa_lab2_ws/build/trsa_interface': CMAKE_PREFIX_PATH=${CMAKE_PREFIX_PATH}:/home/tomas/trsa_lab2_ws/install/robot_operator:/opt/ros/humble /usr/bin/cmake --install /home/tomas/trsa_lab2_ws/build/trsa_interface
[0.467s] -- Install configuration: ""
[0.467s] -- Up-to-date: /home/tomas/trsa_lab2_ws/install/trsa_interface/share/ament_index/resource_index/rosidl_interfaces/trsa_interface
[0.467s] -- Up-to-date: /home/tomas/trsa_lab2_ws/install/trsa_interface/include/trsa_interface/trsa_interface
[0.467s] -- Up-to-date: /home/tomas/trsa_lab2_ws/install/trsa_interface/include/trsa_interface/trsa_interface/srv
[0.467s] -- Up-to-date: /home/tomas/trsa_lab2_ws/install/trsa_interface/include/trsa_interface/trsa_interface/srv/pub_goal.h
[0.467s] -- Up-to-date: /home/tomas/trsa_lab2_ws/install/trsa_interface/include/trsa_interface/trsa_interface/srv/detail
[0.467s] -- Up-to-date: /home/tomas/trsa_lab2_ws/install/trsa_interface/include/trsa_interface/trsa_interface/srv/detail/pub_goal__functions.c
[0.467s] -- Up-to-date: /home/tomas/trsa_lab2_ws/install/trsa_interface/include/trsa_interface/trsa_interface/srv/detail/pub_goal__struct.h
[0.468s] -- Up-to-date: /home/tomas/trsa_lab2_ws/install/trsa_interface/include/trsa_interface/trsa_interface/srv/detail/pub_goal__functions.h
[0.468s] -- Up-to-date: /home/tomas/trsa_lab2_ws/install/trsa_interface/include/trsa_interface/trsa_interface/srv/detail/pub_goal__type_support.h
[0.468s] -- Up-to-date: /home/tomas/trsa_lab2_ws/install/trsa_interface/include/trsa_interface/trsa_interface/msg
[0.468s] -- Up-to-date: /home/tomas/trsa_lab2_ws/install/trsa_interface/include/trsa_interface/trsa_interface/msg/rosidl_generator_c__visibility_control.h
[0.468s] -- Up-to-date: /home/tomas/trsa_lab2_ws/install/trsa_interface/share/trsa_interface/environment/library_path.sh
[0.468s] -- Up-to-date: /home/tomas/trsa_lab2_ws/install/trsa_interface/share/trsa_interface/environment/library_path.dsv
[0.468s] -- Up-to-date: /home/tomas/trsa_lab2_ws/install/trsa_interface/lib/libtrsa_interface__rosidl_generator_c.so
[0.468s] -- Up-to-date: /home/tomas/trsa_lab2_ws/install/trsa_interface/include/trsa_interface/trsa_interface
[0.468s] -- Up-to-date: /home/tomas/trsa_lab2_ws/install/trsa_interface/include/trsa_interface/trsa_interface/srv
[0.468s] -- Up-to-date: /home/tomas/trsa_lab2_ws/install/trsa_interface/include/trsa_interface/trsa_interface/srv/detail
[0.468s] -- Up-to-date: /home/tomas/trsa_lab2_ws/install/trsa_interface/include/trsa_interface/trsa_interface/srv/detail/pub_goal__rosidl_typesupport_fastrtps_c.h
[0.468s] -- Up-to-date: /home/tomas/trsa_lab2_ws/install/trsa_interface/include/trsa_interface/trsa_interface/msg
[0.468s] -- Up-to-date: /home/tomas/trsa_lab2_ws/install/trsa_interface/include/trsa_interface/trsa_interface/msg/rosidl_typesupport_fastrtps_c__visibility_control.h
[0.468s] -- Up-to-date: /home/tomas/trsa_lab2_ws/install/trsa_interface/lib/libtrsa_interface__rosidl_typesupport_fastrtps_c.so
[0.468s] -- Up-to-date: /home/tomas/trsa_lab2_ws/install/trsa_interface/include/trsa_interface/trsa_interface
[0.468s] -- Up-to-date: /home/tomas/trsa_lab2_ws/install/trsa_interface/include/trsa_interface/trsa_interface/srv
[0.468s] -- Up-to-date: /home/tomas/trsa_lab2_ws/install/trsa_interface/include/trsa_interface/trsa_interface/srv/detail
[0.468s] -- Up-to-date: /home/tomas/trsa_lab2_ws/install/trsa_interface/include/trsa_interface/trsa_interface/srv/detail/pub_goal__type_support.c
[0.468s] -- Up-to-date: /home/tomas/trsa_lab2_ws/install/trsa_interface/include/trsa_interface/trsa_interface/srv/detail/pub_goal__rosidl_typesupport_introspection_c.h
[0.468s] -- Up-to-date: /home/tomas/trsa_lab2_ws/install/trsa_interface/include/trsa_interface/trsa_interface/msg
[0.468s] -- Up-to-date: /home/tomas/trsa_lab2_ws/install/trsa_interface/include/trsa_interface/trsa_interface/msg/rosidl_typesupport_introspection_c__visibility_control.h
[0.468s] -- Up-to-date: /home/tomas/trsa_lab2_ws/install/trsa_interface/lib/libtrsa_interface__rosidl_typesupport_introspection_c.so
[0.468s] -- Up-to-date: /home/tomas/trsa_lab2_ws/install/trsa_interface/lib/libtrsa_interface__rosidl_typesupport_c.so
[0.468s] -- Up-to-date: /home/tomas/trsa_lab2_ws/install/trsa_interface/include/trsa_interface/trsa_interface
[0.468s] -- Up-to-date: /home/tomas/trsa_lab2_ws/install/trsa_interface/include/trsa_interface/trsa_interface/srv
[0.468s] -- Up-to-date: /home/tomas/trsa_lab2_ws/install/trsa_interface/include/trsa_interface/trsa_interface/srv/pub_goal.hpp
[0.469s] -- Up-to-date: /home/tomas/trsa_lab2_ws/install/trsa_interface/include/trsa_interface/trsa_interface/srv/detail
[0.469s] -- Up-to-date: /home/tomas/trsa_lab2_ws/install/trsa_interface/include/trsa_interface/trsa_interface/srv/detail/pub_goal__struct.hpp
[0.469s] -- Up-to-date: /home/tomas/trsa_lab2_ws/install/trsa_interface/include/trsa_interface/trsa_interface/srv/detail/pub_goal__builder.hpp
[0.469s] -- Up-to-date: /home/tomas/trsa_lab2_ws/install/trsa_interface/include/trsa_interface/trsa_interface/srv/detail/pub_goal__traits.hpp
[0.469s] -- Up-to-date: /home/tomas/trsa_lab2_ws/install/trsa_interface/include/trsa_interface/trsa_interface
[0.469s] -- Up-to-date: /home/tomas/trsa_lab2_ws/install/trsa_interface/include/trsa_interface/trsa_interface/srv
[0.469s] -- Up-to-date: /home/tomas/trsa_lab2_ws/install/trsa_interface/include/trsa_interface/trsa_interface/srv/detail
[0.469s] -- Up-to-date: /home/tomas/trsa_lab2_ws/install/trsa_interface/include/trsa_interface/trsa_interface/srv/detail/pub_goal__rosidl_typesupport_fastrtps_cpp.hpp
[0.469s] -- Up-to-date: /home/tomas/trsa_lab2_ws/install/trsa_interface/include/trsa_interface/trsa_interface/srv/detail/dds_fastrtps
[0.469s] -- Up-to-date: /home/tomas/trsa_lab2_ws/install/trsa_interface/include/trsa_interface/trsa_interface/msg
[0.469s] -- Up-to-date: /home/tomas/trsa_lab2_ws/install/trsa_interface/include/trsa_interface/trsa_interface/msg/rosidl_typesupport_fastrtps_cpp__visibility_control.h
[0.469s] -- Up-to-date: /home/tomas/trsa_lab2_ws/install/trsa_interface/lib/libtrsa_interface__rosidl_typesupport_fastrtps_cpp.so
[0.469s] -- Up-to-date: /home/tomas/trsa_lab2_ws/install/trsa_interface/include/trsa_interface/trsa_interface
[0.469s] -- Up-to-date: /home/tomas/trsa_lab2_ws/install/trsa_interface/include/trsa_interface/trsa_interface/srv
[0.469s] -- Up-to-date: /home/tomas/trsa_lab2_ws/install/trsa_interface/include/trsa_interface/trsa_interface/srv/detail
[0.469s] -- Up-to-date: /home/tomas/trsa_lab2_ws/install/trsa_interface/include/trsa_interface/trsa_interface/srv/detail/pub_goal__rosidl_typesupport_introspection_cpp.hpp
[0.469s] -- Up-to-date: /home/tomas/trsa_lab2_ws/install/trsa_interface/include/trsa_interface/trsa_interface/srv/detail/pub_goal__type_support.cpp
[0.469s] -- Up-to-date: /home/tomas/trsa_lab2_ws/install/trsa_interface/lib/libtrsa_interface__rosidl_typesupport_introspection_cpp.so
[0.469s] -- Up-to-date: /home/tomas/trsa_lab2_ws/install/trsa_interface/lib/libtrsa_interface__rosidl_typesupport_cpp.so
[0.469s] -- Up-to-date: /home/tomas/trsa_lab2_ws/install/trsa_interface/share/trsa_interface/environment/pythonpath.sh
[0.469s] -- Up-to-date: /home/tomas/trsa_lab2_ws/install/trsa_interface/share/trsa_interface/environment/pythonpath.dsv
[0.469s] -- Up-to-date: /home/tomas/trsa_lab2_ws/install/trsa_interface/local/lib/python3.10/dist-packages/trsa_interface-0.0.0-py3.10.egg-info
[0.469s] -- Installing: /home/tomas/trsa_lab2_ws/install/trsa_interface/local/lib/python3.10/dist-packages/trsa_interface-0.0.0-py3.10.egg-info/dependency_links.txt
[0.469s] -- Installing: /home/tomas/trsa_lab2_ws/install/trsa_interface/local/lib/python3.10/dist-packages/trsa_interface-0.0.0-py3.10.egg-info/PKG-INFO
[0.469s] -- Installing: /home/tomas/trsa_lab2_ws/install/trsa_interface/local/lib/python3.10/dist-packages/trsa_interface-0.0.0-py3.10.egg-info/top_level.txt
[0.469s] -- Installing: /home/tomas/trsa_lab2_ws/install/trsa_interface/local/lib/python3.10/dist-packages/trsa_interface-0.0.0-py3.10.egg-info/SOURCES.txt
[0.469s] -- Up-to-date: /home/tomas/trsa_lab2_ws/install/trsa_interface/local/lib/python3.10/dist-packages/trsa_interface
[0.469s] -- Up-to-date: /home/tomas/trsa_lab2_ws/install/trsa_interface/local/lib/python3.10/dist-packages/trsa_interface/_trsa_interface_s.ep.rosidl_typesupport_introspection_c.c
[0.469s] -- Up-to-date: /home/tomas/trsa_lab2_ws/install/trsa_interface/local/lib/python3.10/dist-packages/trsa_interface/trsa_interface_s__rosidl_typesupport_introspection_c.cpython-310-x86_64-linux-gnu.so
[0.469s] -- Up-to-date: /home/tomas/trsa_lab2_ws/install/trsa_interface/local/lib/python3.10/dist-packages/trsa_interface/_trsa_interface_s.ep.rosidl_typesupport_c.c
[0.470s] -- Up-to-date: /home/tomas/trsa_lab2_ws/install/trsa_interface/local/lib/python3.10/dist-packages/trsa_interface/srv
[0.470s] -- Up-to-date: /home/tomas/trsa_lab2_ws/install/trsa_interface/local/lib/python3.10/dist-packages/trsa_interface/srv/_pub_goal.py
[0.470s] -- Up-to-date: /home/tomas/trsa_lab2_ws/install/trsa_interface/local/lib/python3.10/dist-packages/trsa_interface/srv/_pub_goal_s.c
[0.470s] -- Up-to-date: /home/tomas/trsa_lab2_ws/install/trsa_interface/local/lib/python3.10/dist-packages/trsa_interface/srv/__init__.py
[0.470s] -- Up-to-date: /home/tomas/trsa_lab2_ws/install/trsa_interface/local/lib/python3.10/dist-packages/trsa_interface/trsa_interface_s__rosidl_typesupport_fastrtps_c.cpython-310-x86_64-linux-gnu.so
[0.470s] -- Up-to-date: /home/tomas/trsa_lab2_ws/install/trsa_interface/local/lib/python3.10/dist-packages/trsa_interface/libtrsa_interface__rosidl_generator_py.so
[0.470s] -- Up-to-date: /home/tomas/trsa_lab2_ws/install/trsa_interface/local/lib/python3.10/dist-packages/trsa_interface/_trsa_interface_s.ep.rosidl_typesupport_fastrtps_c.c
[0.470s] -- Up-to-date: /home/tomas/trsa_lab2_ws/install/trsa_interface/local/lib/python3.10/dist-packages/trsa_interface/trsa_interface_s__rosidl_typesupport_c.cpython-310-x86_64-linux-gnu.so
[0.470s] -- Up-to-date: /home/tomas/trsa_lab2_ws/install/trsa_interface/local/lib/python3.10/dist-packages/trsa_interface/__init__.py
[0.491s] Listing '/home/tomas/trsa_lab2_ws/install/trsa_interface/local/lib/python3.10/dist-packages/trsa_interface'...
[0.491s] Listing '/home/tomas/trsa_lab2_ws/install/trsa_interface/local/lib/python3.10/dist-packages/trsa_interface/srv'...
[0.494s] -- Up-to-date: /home/tomas/trsa_lab2_ws/install/trsa_interface/local/lib/python3.10/dist-packages/trsa_interface/trsa_interface_s__rosidl_typesupport_fastrtps_c.cpython-310-x86_64-linux-gnu.so
[0.494s] -- Up-to-date: /home/tomas/trsa_lab2_ws/install/trsa_interface/local/lib/python3.10/dist-packages/trsa_interface/trsa_interface_s__rosidl_typesupport_introspection_c.cpython-310-x86_64-linux-gnu.so
[0.494s] -- Up-to-date: /home/tomas/trsa_lab2_ws/install/trsa_interface/local/lib/python3.10/dist-packages/trsa_interface/trsa_interface_s__rosidl_typesupport_c.cpython-310-x86_64-linux-gnu.so
[0.494s] -- Up-to-date: /home/tomas/trsa_lab2_ws/install/trsa_interface/lib/libtrsa_interface__rosidl_generator_py.so
[0.494s] -- Up-to-date: /home/tomas/trsa_lab2_ws/install/trsa_interface/share/trsa_interface/srv/PubGoal.idl
[0.494s] -- Up-to-date: /home/tomas/trsa_lab2_ws/install/trsa_interface/share/trsa_interface/srv/PubGoal.srv
[0.494s] -- Up-to-date: /home/tomas/trsa_lab2_ws/install/trsa_interface/share/trsa_interface/srv/PubGoal_Request.msg
[0.494s] -- Up-to-date: /home/tomas/trsa_lab2_ws/install/trsa_interface/share/trsa_interface/srv/PubGoal_Response.msg
[0.494s] -- Up-to-date: /home/tomas/trsa_lab2_ws/install/trsa_interface/share/ament_index/resource_index/package_run_dependencies/trsa_interface
[0.494s] -- Up-to-date: /home/tomas/trsa_lab2_ws/install/trsa_interface/share/ament_index/resource_index/parent_prefix_path/trsa_interface
[0.494s] -- Up-to-date: /home/tomas/trsa_lab2_ws/install/trsa_interface/share/trsa_interface/environment/ament_prefix_path.sh
[0.494s] -- Up-to-date: /home/tomas/trsa_lab2_ws/install/trsa_interface/share/trsa_interface/environment/ament_prefix_path.dsv
[0.494s] -- Up-to-date: /home/tomas/trsa_lab2_ws/install/trsa_interface/share/trsa_interface/environment/path.sh
[0.494s] -- Up-to-date: /home/tomas/trsa_lab2_ws/install/trsa_interface/share/trsa_interface/environment/path.dsv
[0.494s] -- Up-to-date: /home/tomas/trsa_lab2_ws/install/trsa_interface/share/trsa_interface/local_setup.bash
[0.495s] -- Up-to-date: /home/tomas/trsa_lab2_ws/install/trsa_interface/share/trsa_interface/local_setup.sh
[0.495s] -- Up-to-date: /home/tomas/trsa_lab2_ws/install/trsa_interface/share/trsa_interface/local_setup.zsh
[0.495s] -- Up-to-date: /home/tomas/trsa_lab2_ws/install/trsa_interface/share/trsa_interface/local_setup.dsv
[0.495s] -- Installing: /home/tomas/trsa_lab2_ws/install/trsa_interface/share/trsa_interface/package.dsv
[0.495s] -- Up-to-date: /home/tomas/trsa_lab2_ws/install/trsa_interface/share/ament_index/resource_index/packages/trsa_interface
[0.495s] -- Up-to-date: /home/tomas/trsa_lab2_ws/install/trsa_interface/share/trsa_interface/cmake/export_trsa_interface__rosidl_generator_cExport.cmake
[0.495s] -- Up-to-date: /home/tomas/trsa_lab2_ws/install/trsa_interface/share/trsa_interface/cmake/export_trsa_interface__rosidl_generator_cExport-noconfig.cmake
[0.495s] -- Up-to-date: /home/tomas/trsa_lab2_ws/install/trsa_interface/share/trsa_interface/cmake/export_trsa_interface__rosidl_typesupport_fastrtps_cExport.cmake
[0.495s] -- Up-to-date: /home/tomas/trsa_lab2_ws/install/trsa_interface/share/trsa_interface/cmake/export_trsa_interface__rosidl_typesupport_fastrtps_cExport-noconfig.cmake
[0.495s] -- Up-to-date: /home/tomas/trsa_lab2_ws/install/trsa_interface/share/trsa_interface/cmake/trsa_interface__rosidl_typesupport_introspection_cExport.cmake
[0.495s] -- Up-to-date: /home/tomas/trsa_lab2_ws/install/trsa_interface/share/trsa_interface/cmake/trsa_interface__rosidl_typesupport_introspection_cExport-noconfig.cmake
[0.495s] -- Up-to-date: /home/tomas/trsa_lab2_ws/install/trsa_interface/share/trsa_interface/cmake/trsa_interface__rosidl_typesupport_cExport.cmake
[0.495s] -- Up-to-date: /home/tomas/trsa_lab2_ws/install/trsa_interface/share/trsa_interface/cmake/trsa_interface__rosidl_typesupport_cExport-noconfig.cmake
[0.495s] -- Up-to-date: /home/tomas/trsa_lab2_ws/install/trsa_interface/share/trsa_interface/cmake/export_trsa_interface__rosidl_generator_cppExport.cmake
[0.495s] -- Up-to-date: /home/tomas/trsa_lab2_ws/install/trsa_interface/share/trsa_interface/cmake/export_trsa_interface__rosidl_typesupport_fastrtps_cppExport.cmake
[0.495s] -- Up-to-date: /home/tomas/trsa_lab2_ws/install/trsa_interface/share/trsa_interface/cmake/export_trsa_interface__rosidl_typesupport_fastrtps_cppExport-noconfig.cmake
[0.495s] -- Up-to-date: /home/tomas/trsa_lab2_ws/install/trsa_interface/share/trsa_interface/cmake/trsa_interface__rosidl_typesupport_introspection_cppExport.cmake
[0.495s] -- Up-to-date: /home/tomas/trsa_lab2_ws/install/trsa_interface/share/trsa_interface/cmake/trsa_interface__rosidl_typesupport_introspection_cppExport-noconfig.cmake
[0.495s] -- Up-to-date: /home/tomas/trsa_lab2_ws/install/trsa_interface/share/trsa_interface/cmake/trsa_interface__rosidl_typesupport_cppExport.cmake
[0.495s] -- Up-to-date: /home/tomas/trsa_lab2_ws/install/trsa_interface/share/trsa_interface/cmake/trsa_interface__rosidl_typesupport_cppExport-noconfig.cmake
[0.495s] -- Up-to-date: /home/tomas/trsa_lab2_ws/install/trsa_interface/share/trsa_interface/cmake/export_trsa_interface__rosidl_generator_pyExport.cmake
[0.495s] -- Up-to-date: /home/tomas/trsa_lab2_ws/install/trsa_interface/share/trsa_interface/cmake/export_trsa_interface__rosidl_generator_pyExport-noconfig.cmake
[0.495s] -- Up-to-date: /home/tomas/trsa_lab2_ws/install/trsa_interface/share/trsa_interface/cmake/rosidl_cmake-extras.cmake
[0.495s] -- Up-to-date: /home/tomas/trsa_lab2_ws/install/trsa_interface/share/trsa_interface/cmake/ament_cmake_export_dependencies-extras.cmake
[0.495s] -- Up-to-date: /home/tomas/trsa_lab2_ws/install/trsa_interface/share/trsa_interface/cmake/ament_cmake_export_include_directories-extras.cmake
[0.495s] -- Up-to-date: /home/tomas/trsa_lab2_ws/install/trsa_interface/share/trsa_interface/cmake/ament_cmake_export_libraries-extras.cmake
[0.495s] -- Up-to-date: /home/tomas/trsa_lab2_ws/install/trsa_interface/share/trsa_interface/cmake/ament_cmake_export_targets-extras.cmake
[0.495s] -- Up-to-date: /home/tomas/trsa_lab2_ws/install/trsa_interface/share/trsa_interface/cmake/rosidl_cmake_export_typesupport_targets-extras.cmake
[0.495s] -- Up-to-date: /home/tomas/trsa_lab2_ws/install/trsa_interface/share/trsa_interface/cmake/rosidl_cmake_export_typesupport_libraries-extras.cmake
[0.496s] -- Up-to-date: /home/tomas/trsa_lab2_ws/install/trsa_interface/share/trsa_interface/cmake/trsa_interfaceConfig.cmake
[0.496s] -- Up-to-date: /home/tomas/trsa_lab2_ws/install/trsa_interface/share/trsa_interface/cmake/trsa_interfaceConfig-version.cmake
[0.496s] -- Up-to-date: /home/tomas/trsa_lab2_ws/install/trsa_interface/share/trsa_interface/package.xml
[0.497s] Invoked command in '/home/tomas/trsa_lab2_ws/build/trsa_interface' returned '0': CMAKE_PREFIX_PATH=${CMAKE_PREFIX_PATH}:/home/tomas/trsa_lab2_ws/install/robot_operator:/opt/ros/humble /usr/bin/cmake --install /home/tomas/trsa_lab2_ws/build/trsa_interface
